#
# There is insufficient memory for the Java Runtime Environment to continue.
# Native memory allocation (malloc) failed to allocate 1823856 bytes. Error detail: Chunk::new
# Possible reasons:
#   The system is out of physical RAM or swap space
#   This process is running with CompressedOops enabled, and the Java Heap may be blocking the growth of the native heap
# Possible solutions:
#   Reduce memory load on the system
#   Increase physical memory or swap space
#   Check if swap backing store is full
#   Decrease Java heap size (-Xmx/-Xms)
#   Decrease number of Java threads
#   Decrease Java thread stack sizes (-Xss)
#   Set larger code cache with -XX:ReservedCodeCacheSize=
#   JVM is running with Unscaled Compressed Oops mode in which the Java heap is
#     placed in the first 4GB address space. The Java Heap base address is the
#     maximum limit for the native heap growth. Please use -XX:HeapBaseMinAddress
#     to set the Java Heap base and to place the Java Heap above 4GB virtual address.
# This output file may be truncated or incomplete.
#
#  Out of Memory Error (arena.cpp:150), pid=9688, tid=9752
#
# JRE version: OpenJDK Runtime Environment (22.0.2+9) (build 22.0.2+9-70)
# Java VM: OpenJDK 64-Bit Server VM (22.0.2+9-70, mixed mode, sharing, tiered, compressed oops, compressed class ptrs, g1 gc, windows-amd64)
# No core dump will be written. Minidumps are not enabled by default on client versions of Windows
#

---------------  S U M M A R Y ------------

Command Line: -javaagent:C:\Program Files\JetBrains\IntelliJ IDEA Community Edition 2024.1.4\lib\idea_rt.jar=6600:C:\Program Files\JetBrains\IntelliJ IDEA Community Edition 2024.1.4\bin -Dfile.encoding=UTF-8 -Dsun.stdout.encoding=UTF-8 -Dsun.stderr.encoding=UTF-8 com.avin.HotelBookingApplication.HotelBookingApplication

Host: AMD Ryzen 3 7320U with Radeon Graphics         , 8 cores, 5G,  Windows 11 , 64 bit Build 26100 (10.0.26100.7920)
Time: Wed Jun  3 20:50:49 2026 India Standard Time elapsed time: 8.768115 seconds (0d 0h 0m 8s)

---------------  T H R E A D  ---------------

Current thread (0x00000268b01a2890):  JavaThread "C2 CompilerThread1" daemon [_thread_in_native, id=9752, stack(0x000000a032200000,0x000000a032300000) (1024K)]


Current CompileTask:
C2:8768 4397       4       org.springframework.beans.factory.support.AbstractBeanFactory::isTypeMatch (745 bytes)

Stack: [0x000000a032200000,0x000000a032300000]
Native frames: (J=compiled Java code, j=interpreted, Vv=VM code, C=native code)
V  [jvm.dll+0x6e26e9]  (no source info available)
V  [jvm.dll+0x875753]  (no source info available)
V  [jvm.dll+0x877b7e]  (no source info available)
V  [jvm.dll+0x878253]  (no source info available)
V  [jvm.dll+0x27fc86]  (no source info available)
V  [jvm.dll+0xc3d0f]  (no source info available)
V  [jvm.dll+0xc3f6b]  (no source info available)
V  [jvm.dll+0x3bb442]  (no source info available)
V  [jvm.dll+0x387d4b]  (no source info available)
V  [jvm.dll+0x3871ba]  (no source info available)
V  [jvm.dll+0x2477f8]  (no source info available)
V  [jvm.dll+0x246e9f]  (no source info available)
V  [jvm.dll+0x1c4e80]  (no source info available)
V  [jvm.dll+0x2568f3]  (no source info available)
V  [jvm.dll+0x254baa]  (no source info available)
V  [jvm.dll+0x3f57a6]  (no source info available)
V  [jvm.dll+0x81dc0b]  (no source info available)
V  [jvm.dll+0x6e0d85]  (no source info available)
C  [ucrtbase.dll+0x37b0]  (no source info available)
C  [KERNEL32.DLL+0x2e8d7]  (no source info available)
C  [ntdll.dll+0x8c48c]  (no source info available)


---------------  P R O C E S S  ---------------

Threads class SMR info:
_java_thread_list=0x00000268f946c520, length=14, elements={
0x00000268920cf150, 0x00000268b01738f0, 0x00000268b0174550, 0x00000268b0175cf0,
0x00000268b0178ac0, 0x00000268b0183580, 0x00000268b01843e0, 0x00000268b018cae0,
0x00000268b019f210, 0x00000268b03b4fe0, 0x00000268b066f100, 0x00000268b066f770,
0x00000268b01a2890, 0x00000268b01a0680
}

Java Threads: ( => current thread )
  0x00000268920cf150 JavaThread "main"                              [_thread_in_native, id=10120, stack(0x000000a030f00000,0x000000a031000000) (1024K)]
  0x00000268b01738f0 JavaThread "Reference Handler"          daemon [_thread_blocked, id=4108, stack(0x000000a031700000,0x000000a031800000) (1024K)]
  0x00000268b0174550 JavaThread "Finalizer"                  daemon [_thread_blocked, id=13444, stack(0x000000a031800000,0x000000a031900000) (1024K)]
  0x00000268b0175cf0 JavaThread "Signal Dispatcher"          daemon [_thread_blocked, id=2000, stack(0x000000a031900000,0x000000a031a00000) (1024K)]
  0x00000268b0178ac0 JavaThread "Attach Listener"            daemon [_thread_blocked, id=13384, stack(0x000000a031a00000,0x000000a031b00000) (1024K)]
  0x00000268b0183580 JavaThread "Service Thread"             daemon [_thread_blocked, id=10528, stack(0x000000a031b00000,0x000000a031c00000) (1024K)]
  0x00000268b01843e0 JavaThread "Monitor Deflation Thread"   daemon [_thread_blocked, id=12628, stack(0x000000a031c00000,0x000000a031d00000) (1024K)]
  0x00000268b018cae0 JavaThread "C2 CompilerThread0"         daemon [_thread_in_native, id=1812, stack(0x000000a031d00000,0x000000a031e00000) (1024K)]
  0x00000268b019f210 JavaThread "C1 CompilerThread0"         daemon [_thread_in_vm, id=7956, stack(0x000000a031e00000,0x000000a031f00000) (1024K)]
  0x00000268b03b4fe0 JavaThread "Common-Cleaner"             daemon [_thread_blocked, id=12632, stack(0x000000a031f00000,0x000000a032000000) (1024K)]
  0x00000268b066f100 JavaThread "Monitor Ctrl-Break"         daemon [_thread_in_native, id=3520, stack(0x000000a032000000,0x000000a032100000) (1024K)]
  0x00000268b066f770 JavaThread "Notification Thread"        daemon [_thread_blocked, id=10380, stack(0x000000a032100000,0x000000a032200000) (1024K)]
=>0x00000268b01a2890 JavaThread "C2 CompilerThread1"         daemon [_thread_in_native, id=9752, stack(0x000000a032200000,0x000000a032300000) (1024K)]
  0x00000268b01a0680 JavaThread "C2 CompilerThread2"         daemon [_thread_in_native, id=13260, stack(0x000000a032b00000,0x000000a032c00000) (1024K)]
Total: 14

Other Threads:
  0x00000268b01521e0 VMThread "VM Thread"                           [id=2500, stack(0x000000a031600000,0x000000a031700000) (1024K)]
  0x00000268b0136e80 WatcherThread "VM Periodic Task Thread"        [id=12516, stack(0x000000a031500000,0x000000a031600000) (1024K)]
  0x00000268943cf990 WorkerThread "GC Thread#0"                     [id=4468, stack(0x000000a031000000,0x000000a031100000) (1024K)]
  0x00000268b0bbb0e0 WorkerThread "GC Thread#1"                     [id=9788, stack(0x000000a032300000,0x000000a032400000) (1024K)]
  0x00000268f623a930 WorkerThread "GC Thread#2"                     [id=10104, stack(0x000000a032400000,0x000000a032500000) (1024K)]
  0x00000268b0e0a2d0 WorkerThread "GC Thread#3"                     [id=2024, stack(0x000000a032500000,0x000000a032600000) (1024K)]
  0x00000268b0e0a680 WorkerThread "GC Thread#4"                     [id=560, stack(0x000000a032600000,0x000000a032700000) (1024K)]
  0x00000268f6254000 WorkerThread "GC Thread#5"                     [id=3660, stack(0x000000a032700000,0x000000a032800000) (1024K)]
  0x00000268f62543b0 WorkerThread "GC Thread#6"                     [id=6164, stack(0x000000a032800000,0x000000a032900000) (1024K)]
  0x00000268f6254b70 WorkerThread "GC Thread#7"                     [id=1104, stack(0x000000a032900000,0x000000a032a00000) (1024K)]
  0x00000268943fa480 ConcurrentGCThread "G1 Main Marker"            [id=7640, stack(0x000000a031100000,0x000000a031200000) (1024K)]
  0x00000268943fc240 WorkerThread "G1 Conc#0"                       [id=10212, stack(0x000000a031200000,0x000000a031300000) (1024K)]
  0x00000268f71a48d0 WorkerThread "G1 Conc#1"                       [id=2052, stack(0x000000a032d00000,0x000000a032e00000) (1024K)]
  0x000002689443e5f0 ConcurrentGCThread "G1 Refine#0"               [id=10184, stack(0x000000a031300000,0x000000a031400000) (1024K)]
  0x00000268b000d2a0 ConcurrentGCThread "G1 Service"                [id=8324, stack(0x000000a031400000,0x000000a031500000) (1024K)]
Total: 15

Threads with active compile tasks:
C2 CompilerThread0  8855 4548 %     4       org.springframework.boot.context.properties.source.ConfigurationPropertyName$ElementsParser::parse @ 23 (234 bytes)
C2 CompilerThread1  8856 4397       4       org.springframework.beans.factory.support.AbstractBeanFactory::isTypeMatch (745 bytes)
C2 CompilerThread2  8856 4280   !   4       org.springframework.core.annotation.AnnotationsScanner::processClassHierarchy (234 bytes)
Total: 3

VM state: not at safepoint (normal execution)

VM Mutex/Monitor currently owned by a thread: None

Heap address: 0x00000000a2c00000, size: 1492 MB, Compressed Oops mode: 32-bit

CDS archive(s) mapped at: [0x00000268b1000000-0x00000268b1c60000-0x00000268b1c60000), size 12976128, SharedBaseAddress: 0x00000268b1000000, ArchiveRelocationMode: 1.
Compressed class space mapped at: 0x00000268b2000000-0x00000268f2000000, reserved size: 1073741824
Narrow klass base: 0x00000268b1000000, Narrow klass shift: 0, Narrow klass range: 0x41000000

GC Precious Log:
 CardTable entry size: 512
 Card Set container configuration: InlinePtr #cards 5 size 8 Array Of Cards #cards 12 size 40 Howl #buckets 4 coarsen threshold 1843 Howl Bitmap #cards 512 size 80 coarsen threshold 460 Card regions per heap region 1 cards per card region 2048
 CPUs: 8 total, 8 available
 Memory: 5965M
 Large Page Support: Disabled
 NUMA Support: Disabled
 Compressed Oops: Enabled (32-bit)
 Heap Region Size: 1M
 Heap Min Capacity: 8M
 Heap Initial Capacity: 94M
 Heap Max Capacity: 1492M
 Pre-touch: Disabled
 Parallel Workers: 8
 Concurrent Workers: 2
 Concurrent Refinement Workers: 8
 Periodic GC: Disabled

Heap:
 garbage-first heap   total reserved 1527808K, committed 45056K, used 26624K [0x00000000a2c00000, 0x0000000100000000)
  region size 1024K, 7 young (7168K), 2 survivors (2048K)
 Metaspace       used 34641K, committed 35136K, reserved 1114112K
  class space    used 4537K, committed 4736K, reserved 1048576K

Heap Regions: E=young(eden), S=young(survivor), O=old, HS=humongous(starts), HC=humongous(continues), CS=collection set, F=free, TAMS=top-at-mark-start, PB=parsable bottom
|   0|0x00000000a2c00000, 0x00000000a2d00000, 0x00000000a2d00000|100%|HS|  |TAMS 0x00000000a2c00000| PB 0x00000000a2c00000| Complete |  0
|   1|0x00000000a2d00000, 0x00000000a2e00000, 0x00000000a2e00000|100%| O|  |TAMS 0x00000000a2d00000| PB 0x00000000a2d00000| Untracked |  0
|   2|0x00000000a2e00000, 0x00000000a2f00000, 0x00000000a2f00000|100%| O|  |TAMS 0x00000000a2e00000| PB 0x00000000a2e00000| Untracked |  0
|   3|0x00000000a2f00000, 0x00000000a3000000, 0x00000000a3000000|100%| O|  |TAMS 0x00000000a2f00000| PB 0x00000000a2f00000| Untracked |  0
|   4|0x00000000a3000000, 0x00000000a3100000, 0x00000000a3100000|100%| O|  |TAMS 0x00000000a3000000| PB 0x00000000a3000000| Untracked |  0
|   5|0x00000000a3100000, 0x00000000a3200000, 0x00000000a3200000|100%| O|  |TAMS 0x00000000a3100000| PB 0x00000000a3100000| Untracked |  0
|   6|0x00000000a3200000, 0x00000000a3300000, 0x00000000a3300000|100%| O|  |TAMS 0x00000000a3200000| PB 0x00000000a3200000| Untracked |  0
|   7|0x00000000a3300000, 0x00000000a3400000, 0x00000000a3400000|100%| O|  |TAMS 0x00000000a3300000| PB 0x00000000a3300000| Untracked |  0
|   8|0x00000000a3400000, 0x00000000a3500000, 0x00000000a3500000|100%| O|  |TAMS 0x00000000a3400000| PB 0x00000000a3400000| Untracked |  0
|   9|0x00000000a3500000, 0x00000000a3600000, 0x00000000a3600000|100%| O|  |TAMS 0x00000000a3500000| PB 0x00000000a3500000| Untracked |  0
|  10|0x00000000a3600000, 0x00000000a3700000, 0x00000000a3700000|100%| O|  |TAMS 0x00000000a3600000| PB 0x00000000a3600000| Untracked |  0
|  11|0x00000000a3700000, 0x00000000a3800000, 0x00000000a3800000|100%| O|  |TAMS 0x00000000a3700000| PB 0x00000000a3700000| Untracked |  0
|  12|0x00000000a3800000, 0x00000000a3900000, 0x00000000a3900000|100%| O|  |TAMS 0x00000000a3800000| PB 0x00000000a3800000| Untracked |  0
|  13|0x00000000a3900000, 0x00000000a3a00000, 0x00000000a3a00000|100%| O|  |TAMS 0x00000000a3900000| PB 0x00000000a3900000| Untracked |  0
|  14|0x00000000a3a00000, 0x00000000a3b00000, 0x00000000a3b00000|100%| O|  |TAMS 0x00000000a3a00000| PB 0x00000000a3a00000| Untracked |  0
|  15|0x00000000a3b00000, 0x00000000a3c00000, 0x00000000a3c00000|100%| O|  |TAMS 0x00000000a3b00000| PB 0x00000000a3b00000| Untracked |  0
|  16|0x00000000a3c00000, 0x00000000a3d00000, 0x00000000a3d00000|100%| O|  |TAMS 0x00000000a3c00000| PB 0x00000000a3c00000| Untracked |  0
|  17|0x00000000a3d00000, 0x00000000a3e00000, 0x00000000a3e00000|100%| O|  |TAMS 0x00000000a3d00000| PB 0x00000000a3d00000| Untracked |  0
|  18|0x00000000a3e00000, 0x00000000a3f00000, 0x00000000a3f00000|100%| O|  |TAMS 0x00000000a3e00000| PB 0x00000000a3e00000| Untracked |  0
|  19|0x00000000a3f00000, 0x00000000a4000000, 0x00000000a4000000|100%| O|  |TAMS 0x00000000a3f00000| PB 0x00000000a3f00000| Untracked |  0
|  20|0x00000000a4000000, 0x00000000a4072510, 0x00000000a4100000| 44%| O|  |TAMS 0x00000000a4000000| PB 0x00000000a4000000| Untracked |  0
|  21|0x00000000a4100000, 0x00000000a4100000, 0x00000000a4200000|  0%| F|  |TAMS 0x00000000a4100000| PB 0x00000000a4100000| Untracked |  0
|  22|0x00000000a4200000, 0x00000000a4200000, 0x00000000a4300000|  0%| F|  |TAMS 0x00000000a4200000| PB 0x00000000a4200000| Untracked |  0
|  23|0x00000000a4300000, 0x00000000a4300000, 0x00000000a4400000|  0%| F|  |TAMS 0x00000000a4300000| PB 0x00000000a4300000| Untracked |  0
|  24|0x00000000a4400000, 0x00000000a4400000, 0x00000000a4500000|  0%| F|  |TAMS 0x00000000a4400000| PB 0x00000000a4400000| Untracked |  0
|  25|0x00000000a4500000, 0x00000000a458dca8, 0x00000000a4600000| 55%| S|CS|TAMS 0x00000000a4500000| PB 0x00000000a4500000| Complete |  0
|  26|0x00000000a4600000, 0x00000000a4700000, 0x00000000a4700000|100%| S|CS|TAMS 0x00000000a4600000| PB 0x00000000a4600000| Complete |  0
|  27|0x00000000a4700000, 0x00000000a4700000, 0x00000000a4800000|  0%| F|  |TAMS 0x00000000a4700000| PB 0x00000000a4700000| Untracked |  0
|  28|0x00000000a4800000, 0x00000000a4800000, 0x00000000a4900000|  0%| F|  |TAMS 0x00000000a4800000| PB 0x00000000a4800000| Untracked |  0
|  29|0x00000000a4900000, 0x00000000a4900000, 0x00000000a4a00000|  0%| F|  |TAMS 0x00000000a4900000| PB 0x00000000a4900000| Untracked |  0
|  30|0x00000000a4a00000, 0x00000000a4a00000, 0x00000000a4b00000|  0%| F|  |TAMS 0x00000000a4a00000| PB 0x00000000a4a00000| Untracked |  0
|  31|0x00000000a4b00000, 0x00000000a4b00000, 0x00000000a4c00000|  0%| F|  |TAMS 0x00000000a4b00000| PB 0x00000000a4b00000| Untracked |  0
|  32|0x00000000a4c00000, 0x00000000a4c00000, 0x00000000a4d00000|  0%| F|  |TAMS 0x00000000a4c00000| PB 0x00000000a4c00000| Untracked |  0
|  33|0x00000000a4d00000, 0x00000000a4d00000, 0x00000000a4e00000|  0%| F|  |TAMS 0x00000000a4d00000| PB 0x00000000a4d00000| Untracked |  0
|  34|0x00000000a4e00000, 0x00000000a4e00000, 0x00000000a4f00000|  0%| F|  |TAMS 0x00000000a4e00000| PB 0x00000000a4e00000| Untracked |  0
|  35|0x00000000a4f00000, 0x00000000a4f00000, 0x00000000a5000000|  0%| F|  |TAMS 0x00000000a4f00000| PB 0x00000000a4f00000| Untracked |  0
|  36|0x00000000a5000000, 0x00000000a5000000, 0x00000000a5100000|  0%| F|  |TAMS 0x00000000a5000000| PB 0x00000000a5000000| Untracked |  0
|  57|0x00000000a6500000, 0x00000000a6500000, 0x00000000a6600000|  0%| F|  |TAMS 0x00000000a6500000| PB 0x00000000a6500000| Untracked |  0
|  58|0x00000000a6600000, 0x00000000a6600000, 0x00000000a6700000|  0%| F|  |TAMS 0x00000000a6600000| PB 0x00000000a6600000| Untracked |  0
|  59|0x00000000a6700000, 0x00000000a6800000, 0x00000000a6800000|100%| E|  |TAMS 0x00000000a6700000| PB 0x00000000a6700000| Complete |  0
|  63|0x00000000a6b00000, 0x00000000a6c00000, 0x00000000a6c00000|100%| E|CS|TAMS 0x00000000a6b00000| PB 0x00000000a6b00000| Complete |  0
|  64|0x00000000a6c00000, 0x00000000a6d00000, 0x00000000a6d00000|100%| E|CS|TAMS 0x00000000a6c00000| PB 0x00000000a6c00000| Complete |  0
|  92|0x00000000a8800000, 0x00000000a8900000, 0x00000000a8900000|100%| E|CS|TAMS 0x00000000a8800000| PB 0x00000000a8800000| Complete |  0
|  93|0x00000000a8900000, 0x00000000a8a00000, 0x00000000a8a00000|100%| E|CS|TAMS 0x00000000a8900000| PB 0x00000000a8900000| Complete |  0

Card table byte_map: [0x00000268abce0000,0x00000268abfd0000] _byte_map_base: 0x00000268ab7ca000

Marking Bits: (CMBitMap*) 0x00000268943d00a0
 Bits: [0x00000268abfd0000, 0x00000268ad720000)

Polling page: 0x0000026892360000

Metaspace:

Usage:
  Non-class:     29.41 MB used.
      Class:      4.43 MB used.
       Both:     33.84 MB used.

Virtual space:
  Non-class space:       64.00 MB reserved,      29.69 MB ( 46%) committed,  1 nodes.
      Class space:        1.00 GB reserved,       4.62 MB ( <1%) committed,  1 nodes.
             Both:        1.06 GB reserved,      34.31 MB (  3%) committed. 

Chunk freelists:
   Non-Class:  1.45 MB
       Class:  11.38 MB
        Both:  12.84 MB

MaxMetaspaceSize: unlimited
CompressedClassSpaceSize: 1.00 GB
Initial GC threshold: 21.00 MB
Current GC threshold: 35.25 MB
CDS: on
 - commit_granule_bytes: 65536.
 - commit_granule_words: 8192.
 - virtual_space_node_default_size: 8388608.
 - enlarge_chunks_in_place: 1.
 - use_allocation_guard: 0.


Internal statistics:

num_allocs_failed_limit: 3.
num_arena_births: 626.
num_arena_deaths: 0.
num_vsnodes_births: 2.
num_vsnodes_deaths: 0.
num_space_committed: 549.
num_space_uncommitted: 0.
num_chunks_returned_to_freelist: 3.
num_chunks_taken_from_freelist: 1862.
num_chunk_merges: 3.
num_chunk_splits: 1263.
num_chunks_enlarged: 916.
num_inconsistent_stats: 0.

CodeHeap 'non-profiled nmethods': size=120000Kb used=2706Kb max_used=2706Kb free=117293Kb
 bounds [0x00000268a4190000, 0x00000268a4440000, 0x00000268ab6c0000]
CodeHeap 'profiled nmethods': size=120000Kb used=9869Kb max_used=9869Kb free=110130Kb
 bounds [0x000002689c6c0000, 0x000002689d070000, 0x00000268a3bf0000]
CodeHeap 'non-nmethods': size=5760Kb used=1498Kb max_used=1569Kb free=4261Kb
 bounds [0x00000268a3bf0000, 0x00000268a3e60000, 0x00000268a4190000]
 total_blobs=5214 nmethods=4642 adapters=476
 compilation: enabled
              stopped_count=0, restarted_count=0
 full_count=0

Compilation events (20 events):
Event: 7.741 Thread 0x00000268b019f210 4615       3       java.util.ArrayList::add (65 bytes)
Event: 7.742 Thread 0x00000268b019f210 nmethod 4615 0x000002689d048690 code [0x000002689d0488a0, 0x000002689d048f08]
Event: 7.742 Thread 0x00000268b019f210 4614       1       org.springframework.boot.context.properties.bind.Bindable::getAnnotations (5 bytes)
Event: 7.742 Thread 0x00000268b019f210 nmethod 4614 0x00000268a4433a90 code [0x00000268a4433c20, 0x00000268a4433ce8]
Event: 7.748 Thread 0x00000268b019f210 4616       3       java.util.Spliterators$1Adapter::hasNext (23 bytes)
Event: 7.748 Thread 0x00000268b019f210 nmethod 4616 0x000002689d049190 code [0x000002689d049340, 0x000002689d049560]
Event: 7.752 Thread 0x00000268b019f210 4617       1       org.springframework.security.config.annotation.method.configuration.PrePostMethodSecurityConfiguration$DeferringMethodInterceptor::getPointcut (5 bytes)
Event: 7.752 Thread 0x00000268b019f210 nmethod 4617 0x00000268a4433d90 code [0x00000268a4433f20, 0x00000268a4433fe8]
Event: 7.752 Thread 0x00000268b019f210 4618       3       org.springframework.util.ClassUtils::getAllInterfacesForClassAsSet (106 bytes)
Event: 7.754 Thread 0x00000268b019f210 nmethod 4618 0x000002689d049610 code [0x000002689d0499a0, 0x000002689d04b188]
Event: 7.754 Thread 0x00000268b019f210 4619       1       org.springframework.aop.support.AbstractExpressionPointcut::getExpression (5 bytes)
Event: 7.754 Thread 0x00000268b019f210 nmethod 4619 0x00000268a4434090 code [0x00000268a4434220, 0x00000268a44342e8]
Event: 7.758 Thread 0x00000268b019f210 4620   !   3       org.springframework.util.ReflectionUtils::doWithLocalFields (63 bytes)
Event: 7.759 Thread 0x00000268b019f210 nmethod 4620 0x000002689d04bb10 code [0x000002689d04bd00, 0x000002689d04c158]
Event: 7.759 Thread 0x00000268b019f210 4621       3       java.util.AbstractList$Itr::hasNext (20 bytes)
Event: 7.760 Thread 0x00000268b019f210 nmethod 4621 0x000002689d04c410 code [0x000002689d04c5c0, 0x000002689d04c7f0]
Event: 7.760 Thread 0x00000268b019f210 4624       3       java.lang.reflect.Field::copy (80 bytes)
Event: 7.760 Thread 0x00000268b019f210 nmethod 4624 0x000002689d04c890 code [0x000002689d04ca60, 0x000002689d04ce70]
Event: 7.760 Thread 0x00000268b019f210 4623       3       java.lang.reflect.Field::<init> (50 bytes)
Event: 7.760 Thread 0x00000268b019f210 nmethod 4623 0x000002689d04cf90 code [0x000002689d04d140, 0x000002689d04d4f8]

GC Heap History (16 events):
Event: 1.089 GC heap before
{Heap before GC invocations=0 (full 0):
 garbage-first heap   total reserved 1527808K, committed 96256K, used 24576K [0x00000000a2c00000, 0x0000000100000000)
  region size 1024K, 24 young (24576K), 0 survivors (0K)
 Metaspace       used 6564K, committed 6720K, reserved 1114112K
  class space    used 759K, committed 832K, reserved 1048576K
}
Event: 1.099 GC heap after
{Heap after GC invocations=1 (full 0):
 garbage-first heap   total reserved 1527808K, committed 96256K, used 8064K [0x00000000a2c00000, 0x0000000100000000)
  region size 1024K, 3 young (3072K), 3 survivors (3072K)
 Metaspace       used 6564K, committed 6720K, reserved 1114112K
  class space    used 759K, committed 832K, reserved 1048576K
}
Event: 1.869 GC heap before
{Heap before GC invocations=1 (full 0):
 garbage-first heap   total reserved 1527808K, committed 96256K, used 36736K [0x00000000a2c00000, 0x0000000100000000)
  region size 1024K, 31 young (31744K), 3 survivors (3072K)
 Metaspace       used 14012K, committed 14272K, reserved 1114112K
  class space    used 1862K, committed 1984K, reserved 1048576K
}
Event: 1.874 GC heap after
{Heap after GC invocations=2 (full 0):
 garbage-first heap   total reserved 1527808K, committed 96256K, used 10452K [0x00000000a2c00000, 0x0000000100000000)
  region size 1024K, 3 young (3072K), 3 survivors (3072K)
 Metaspace       used 14012K, committed 14272K, reserved 1114112K
  class space    used 1862K, committed 1984K, reserved 1048576K
}
Event: 3.765 GC heap before
{Heap before GC invocations=2 (full 0):
 garbage-first heap   total reserved 1527808K, committed 96256K, used 38100K [0x00000000a2c00000, 0x0000000100000000)
  region size 1024K, 32 young (32768K), 3 survivors (3072K)
 Metaspace       used 21264K, committed 21504K, reserved 1114112K
  class space    used 2699K, committed 2816K, reserved 1048576K
}
Event: 3.774 GC heap after
{Heap after GC invocations=3 (full 0):
 garbage-first heap   total reserved 1527808K, committed 96256K, used 13280K [0x00000000a2c00000, 0x0000000100000000)
  region size 1024K, 5 young (5120K), 5 survivors (5120K)
 Metaspace       used 21264K, committed 21504K, reserved 1114112K
  class space    used 2699K, committed 2816K, reserved 1048576K
}
Event: 5.089 GC heap before
{Heap before GC invocations=4 (full 0):
 garbage-first heap   total reserved 1527808K, committed 45056K, used 33760K [0x00000000a2c00000, 0x0000000100000000)
  region size 1024K, 26 young (26624K), 5 survivors (5120K)
 Metaspace       used 23857K, committed 24192K, reserved 1114112K
  class space    used 3019K, committed 3200K, reserved 1048576K
}
Event: 5.099 GC heap after
{Heap after GC invocations=5 (full 0):
 garbage-first heap   total reserved 1527808K, committed 45056K, used 15944K [0x00000000a2c00000, 0x0000000100000000)
  region size 1024K, 3 young (3072K), 3 survivors (3072K)
 Metaspace       used 23857K, committed 24192K, reserved 1114112K
  class space    used 3019K, committed 3200K, reserved 1048576K
}
Event: 5.776 GC heap before
{Heap before GC invocations=5 (full 0):
 garbage-first heap   total reserved 1527808K, committed 45056K, used 34376K [0x00000000a2c00000, 0x0000000100000000)
  region size 1024K, 22 young (22528K), 3 survivors (3072K)
 Metaspace       used 25864K, committed 26240K, reserved 1114112K
  class space    used 3281K, committed 3456K, reserved 1048576K
}
Event: 5.782 GC heap after
{Heap after GC invocations=6 (full 0):
 garbage-first heap   total reserved 1527808K, committed 45056K, used 17828K [0x00000000a2c00000, 0x0000000100000000)
  region size 1024K, 2 young (2048K), 2 survivors (2048K)
 Metaspace       used 25864K, committed 26240K, reserved 1114112K
  class space    used 3281K, committed 3456K, reserved 1048576K
}
Event: 6.525 GC heap before
{Heap before GC invocations=6 (full 0):
 garbage-first heap   total reserved 1527808K, committed 45056K, used 36260K [0x00000000a2c00000, 0x0000000100000000)
  region size 1024K, 20 young (20480K), 2 survivors (2048K)
 Metaspace       used 28291K, committed 28736K, reserved 1114112K
  class space    used 3661K, committed 3840K, reserved 1048576K
}
Event: 6.531 GC heap after
{Heap after GC invocations=7 (full 0):
 garbage-first heap   total reserved 1527808K, committed 45056K, used 19171K [0x00000000a2c00000, 0x0000000100000000)
  region size 1024K, 3 young (3072K), 3 survivors (3072K)
 Metaspace       used 28291K, committed 28736K, reserved 1114112K
  class space    used 3661K, committed 3840K, reserved 1048576K
}
Event: 7.186 GC heap before
{Heap before GC invocations=7 (full 0):
 garbage-first heap   total reserved 1527808K, committed 45056K, used 36579K [0x00000000a2c00000, 0x0000000100000000)
  region size 1024K, 21 young (21504K), 3 survivors (3072K)
 Metaspace       used 31965K, committed 32448K, reserved 1114112K
  class space    used 4155K, committed 4352K, reserved 1048576K
}
Event: 7.193 GC heap after
{Heap after GC invocations=8 (full 0):
 garbage-first heap   total reserved 1527808K, committed 45056K, used 21112K [0x00000000a2c00000, 0x0000000100000000)
  region size 1024K, 2 young (2048K), 2 survivors (2048K)
 Metaspace       used 31965K, committed 32448K, reserved 1114112K
  class space    used 4155K, committed 4352K, reserved 1048576K
}
Event: 7.715 GC heap before
{Heap before GC invocations=8 (full 0):
 garbage-first heap   total reserved 1527808K, committed 45056K, used 38520K [0x00000000a2c00000, 0x0000000100000000)
  region size 1024K, 19 young (19456K), 2 survivors (2048K)
 Metaspace       used 34516K, committed 35008K, reserved 1114112K
  class space    used 4523K, committed 4736K, reserved 1048576K
}
Event: 7.723 GC heap after
{Heap after GC invocations=9 (full 0):
 garbage-first heap   total reserved 1527808K, committed 45056K, used 22528K [0x00000000a2c00000, 0x0000000100000000)
  region size 1024K, 2 young (2048K), 2 survivors (2048K)
 Metaspace       used 34516K, committed 35008K, reserved 1114112K
  class space    used 4523K, committed 4736K, reserved 1048576K
}

Dll operation events (12 events):
Event: 0.022 Loaded shared library C:\Users\HARDIK\.jdks\openjdk-22.0.2\bin\java.dll
Event: 0.067 Loaded shared library C:\Users\HARDIK\.jdks\openjdk-22.0.2\bin\jsvml.dll
Event: 0.188 Loaded shared library C:\Users\HARDIK\.jdks\openjdk-22.0.2\bin\zip.dll
Event: 0.193 Loaded shared library C:\Users\HARDIK\.jdks\openjdk-22.0.2\bin\instrument.dll
Event: 0.201 Loaded shared library C:\Users\HARDIK\.jdks\openjdk-22.0.2\bin\net.dll
Event: 0.205 Loaded shared library C:\Users\HARDIK\.jdks\openjdk-22.0.2\bin\nio.dll
Event: 0.210 Loaded shared library C:\Users\HARDIK\.jdks\openjdk-22.0.2\bin\zip.dll
Event: 0.354 Loaded shared library C:\Program Files\JetBrains\IntelliJ IDEA Community Edition 2024.1.4\bin\breakgen64.dll
Event: 0.367 Loaded shared library C:\Users\HARDIK\.jdks\openjdk-22.0.2\bin\extnet.dll
Event: 0.425 Loaded shared library C:\Users\HARDIK\.jdks\openjdk-22.0.2\bin\jimage.dll
Event: 1.560 Loaded shared library C:\Users\HARDIK\.jdks\openjdk-22.0.2\bin\le.dll
Event: 4.216 Loaded shared library C:\Users\HARDIK\.jdks\openjdk-22.0.2\bin\sunmscapi.dll

Deoptimization events (20 events):
Event: 7.669 Thread 0x00000268920cf150 Uncommon trap: trap_request=0xffffff45 fr.pc=0x00000268a44116cc relative=0x000000000000116c
Event: 7.669 Thread 0x00000268920cf150 Uncommon trap: reason=unstable_if action=reinterpret pc=0x00000268a44116cc method=org.springframework.core.annotation.TypeMappedAnnotations$IsPresent.doWithAnnotations(Ljava/lang/Object;ILjava/lang/Object;[Ljava/lang/annotation/Annotation;)Ljava/lang/Bool
Event: 7.669 Thread 0x00000268920cf150 DEOPT PACKING pc=0x00000268a44116cc sp=0x000000a030ffb160
Event: 7.669 Thread 0x00000268920cf150 DEOPT UNPACKING pc=0x00000268a3c446a2 sp=0x000000a030ffb110 mode 2
Event: 7.723 Thread 0x00000268920cf150 Uncommon trap: trap_request=0xffffff45 fr.pc=0x00000268a4336c28 relative=0x00000000000002e8
Event: 7.723 Thread 0x00000268920cf150 Uncommon trap: reason=unstable_if action=reinterpret pc=0x00000268a4336c28 method=java.util.WeakHashMap.matchesKey(Ljava/util/WeakHashMap$Entry;Ljava/lang/Object;)Z @ 5 c2
Event: 7.723 Thread 0x00000268920cf150 DEOPT PACKING pc=0x00000268a4336c28 sp=0x000000a030ffb920
Event: 7.723 Thread 0x00000268920cf150 DEOPT UNPACKING pc=0x00000268a3c446a2 sp=0x000000a030ffb860 mode 2
Event: 7.723 Thread 0x00000268920cf150 Uncommon trap: trap_request=0xffffff45 fr.pc=0x00000268a424fa44 relative=0x00000000000000a4
Event: 7.723 Thread 0x00000268920cf150 Uncommon trap: reason=unstable_if action=reinterpret pc=0x00000268a424fa44 method=java.lang.ref.ReferenceQueue.poll()Ljava/lang/ref/Reference; @ 4 c2
Event: 7.723 Thread 0x00000268920cf150 DEOPT PACKING pc=0x00000268a424fa44 sp=0x000000a030ffb8c0
Event: 7.723 Thread 0x00000268920cf150 DEOPT UNPACKING pc=0x00000268a3c446a2 sp=0x000000a030ffb7a8 mode 2
Event: 7.741 Thread 0x00000268920cf150 Uncommon trap: trap_request=0xffffffde fr.pc=0x00000268a43c3f78 relative=0x0000000000000298
Event: 7.741 Thread 0x00000268920cf150 Uncommon trap: reason=class_check action=maybe_recompile pc=0x00000268a43c3f78 method=java.util.Collections$SetFromMap.contains(Ljava/lang/Object;)Z @ 5 c2
Event: 7.741 Thread 0x00000268920cf150 DEOPT PACKING pc=0x00000268a43c3f78 sp=0x000000a030ff9920
Event: 7.741 Thread 0x00000268920cf150 DEOPT UNPACKING pc=0x00000268a3c446a2 sp=0x000000a030ff98c8 mode 2
Event: 7.744 Thread 0x00000268920cf150 Uncommon trap: trap_request=0xffffff76 fr.pc=0x00000268a42f37e4 relative=0x0000000000000384
Event: 7.744 Thread 0x00000268920cf150 Uncommon trap: reason=predicate action=maybe_recompile pc=0x00000268a42f37e4 method=java.util.regex.Pattern$BmpCharPropertyGreedy.match(Ljava/util/regex/Matcher;ILjava/lang/CharSequence;)Z @ 12 c2
Event: 7.744 Thread 0x00000268920cf150 DEOPT PACKING pc=0x00000268a42f37e4 sp=0x000000a030ff9840
Event: 7.744 Thread 0x00000268920cf150 DEOPT UNPACKING pc=0x00000268a3c446a2 sp=0x000000a030ff97f8 mode 2

Classes loaded (20 events):
Event: 7.589 Loading class java/util/function/ObjIntConsumer
Event: 7.589 Loading class java/util/function/ObjIntConsumer done
Event: 7.606 Loading class java/lang/classfile/ClassBuilder
Event: 7.606 Loading class java/lang/classfile/ClassFileBuilder
Event: 7.606 Loading class java/lang/classfile/ClassFileBuilder done
Event: 7.606 Loading class java/lang/classfile/ClassBuilder done
Event: 7.606 Loading class java/lang/classfile/ClassElement
Event: 7.606 Loading class java/lang/classfile/ClassFileElement
Event: 7.606 Loading class java/lang/classfile/ClassFileElement done
Event: 7.606 Loading class java/lang/classfile/ClassElement done
Event: 7.636 Loading class javax/management/MBeanRegistrationException
Event: 7.636 Loading class javax/management/MBeanException
Event: 7.636 Loading class javax/management/JMException
Event: 7.636 Loading class javax/management/JMException done
Event: 7.636 Loading class javax/management/MBeanException done
Event: 7.636 Loading class javax/management/MBeanRegistrationException done
Event: 7.636 Loading class javax/management/InstanceNotFoundException
Event: 7.636 Loading class javax/management/OperationsException
Event: 7.636 Loading class javax/management/OperationsException done
Event: 7.636 Loading class javax/management/InstanceNotFoundException done

Classes unloaded (0 events):
No events

Classes redefined (0 events):
No events

Internal exceptions (20 events):
Event: 6.933 Thread 0x00000268920cf150 Exception <a 'java/lang/NoSuchMethodError'{0x00000000a4c612b8}: 'java.lang.Object java.lang.invoke.DirectMethodHandle$Holder.newInvokeSpecial(java.lang.Object, java.lang.Object, java.lang.Object, java.lang.Object, java.lang.Object, java.lang.Object, java.lang.Object, java.lang.Object, java.lang.Object)'> (0x00000000a4c612b8) 
thrown [s\open\src\hotspot\share\interpreter\linkResolver.cpp, line 774]
Event: 7.013 Thread 0x00000268920cf150 Implicit null exception at 0x00000268a43d575a to 0x00000268a43d581d
Event: 7.148 Thread 0x00000268920cf150 Exception <a 'java/lang/ArrayIndexOutOfBoundsException'{0x00000000a4602298}: Index 28 out of bounds for length 28> (0x00000000a4602298) 
thrown [s\open\src\hotspot\share\interpreter\interpreterRuntime.cpp, line 436]
Event: 7.150 Thread 0x00000268920cf150 Exception <a 'java/lang/ArrayIndexOutOfBoundsException'{0x00000000a4616580}: Index 28 out of bounds for length 28> (0x00000000a4616580) 
thrown [s\open\src\hotspot\share\interpreter\interpreterRuntime.cpp, line 436]
Event: 7.273 Thread 0x00000268920cf150 Exception <a 'java/lang/ArrayIndexOutOfBoundsException'{0x00000000a88ca6f8}: Index 21 out of bounds for length 21> (0x00000000a88ca6f8) 
thrown [s\open\src\hotspot\share\interpreter\interpreterRuntime.cpp, line 436]
Event: 7.273 Thread 0x00000268920cf150 Exception <a 'java/lang/ArrayIndexOutOfBoundsException'{0x00000000a88caf80}: Index 21 out of bounds for length 21> (0x00000000a88caf80) 
thrown [s\open\src\hotspot\share\interpreter\interpreterRuntime.cpp, line 436]
Event: 7.314 Thread 0x00000268920cf150 Exception <a 'java/lang/NoSuchMethodError'{0x00000000a6b1b100}: 'int java.lang.invoke.DirectMethodHandle$Holder.invokeSpecialIFC(java.lang.Object, java.lang.Object, java.lang.Object)'> (0x00000000a6b1b100) 
thrown [s\open\src\hotspot\share\interpreter\linkResolver.cpp, line 774]
Event: 7.386 Thread 0x00000268920cf150 Exception <a 'java/lang/NoSuchMethodError'{0x00000000a66169b8}: 'java.lang.Object java.lang.invoke.DirectMethodHandle$Holder.invokeSpecialIFC(java.lang.Object, java.lang.Object, java.lang.Object)'> (0x00000000a66169b8) 
thrown [s\open\src\hotspot\share\interpreter\linkResolver.cpp, line 774]
Event: 7.407 Thread 0x00000268920cf150 Exception <a 'java/lang/NoSuchMethodError'{0x00000000a66a2b90}: 'java.lang.Object java.lang.invoke.DirectMethodHandle$Holder.invokeVirtual(java.lang.Object, java.lang.Object, java.lang.Object, java.lang.Object, java.lang.Object)'> (0x00000000a66a2b90) 
thrown [s\open\src\hotspot\share\interpreter\linkResolver.cpp, line 774]
Event: 7.517 Thread 0x00000268920cf150 Implicit null exception at 0x00000268a43c8746 to 0x00000268a43c9b50
Event: 7.517 Thread 0x00000268920cf150 Implicit null exception at 0x00000268a43aafac to 0x00000268a43ab858
Event: 7.517 Thread 0x00000268920cf150 Exception <a 'java/lang/NoSuchMethodError'{0x00000000a4f76370}: 'java.lang.reflect.Field[] java.lang.Class.getDeclaredFields(java.lang.Class)'> (0x00000000a4f76370) 
thrown [s\open\src\hotspot\share\interpreter\linkResolver.cpp, line 774]
Event: 7.536 Thread 0x00000268920cf150 Exception <a 'java/lang/NoSuchMethodError'{0x00000000a4e2d270}: 'java.lang.Object java.lang.invoke.DirectMethodHandle$Holder.invokeVirtual(java.lang.Object, java.lang.Object, java.lang.Object, java.lang.Object, java.lang.Object, java.lang.Object)'> (0x00000000a4e2d270) 
thrown [s\open\src\hotspot\share\interpreter\linkResolver.cpp, line 774]
Event: 7.617 Thread 0x00000268920cf150 Exception <a 'java/lang/NoSuchMethodError'{0x00000000a4b0c8a0}: 'void java.lang.invoke.DirectMethodHandle$Holder.invokeInterface(java.lang.Object, java.lang.Object, int)'> (0x00000000a4b0c8a0) 
thrown [s\open\src\hotspot\share\interpreter\linkResolver.cpp, line 774]
Event: 7.624 Thread 0x00000268920cf150 Exception <a 'java/lang/IncompatibleClassChangeError'{0x00000000a4b4fe98}: Found class java.lang.Object, but interface was expected> (0x00000000a4b4fe98) 
thrown [s\open\src\hotspot\share\interpreter\linkResolver.cpp, line 841]
Event: 7.627 Thread 0x00000268920cf150 Exception <a 'java/lang/NoSuchMethodError'{0x00000000a4b6dc20}: 'void java.lang.invoke.DirectMethodHandle$Holder.invokeStatic(java.lang.Object, int, java.lang.Object)'> (0x00000000a4b6dc20) 
thrown [s\open\src\hotspot\share\interpreter\linkResolver.cpp, line 774]
Event: 7.638 Thread 0x00000268920cf150 Exception <a 'java/lang/NoSuchMethodError'{0x00000000a4bbd970}: 'void java.lang.invoke.DirectMethodHandle$Holder.invokeStatic(java.lang.Object, java.lang.Object, java.lang.Object, int, java.lang.Object)'> (0x00000000a4bbd970) 
thrown [s\open\src\hotspot\share\interpreter\linkResolver.cpp, line 774]
Event: 7.638 Thread 0x00000268920cf150 Exception <a 'java/lang/NoSuchMethodError'{0x00000000a4bc42f0}: 'java.lang.Object java.lang.invoke.DirectMethodHandle$Holder.newInvokeSpecial(java.lang.Object, java.lang.Object, java.lang.Object, int)'> (0x00000000a4bc42f0) 
thrown [s\open\src\hotspot\share\interpreter\linkResolver.cpp, line 774]
Event: 7.639 Thread 0x00000268920cf150 Exception <a 'java/lang/NoSuchMethodError'{0x00000000a4bc8230}: 'java.lang.Object java.lang.invoke.DirectMethodHandle$Holder.invokeSpecial(java.lang.Object, java.lang.Object, java.lang.Object, java.lang.Object, int)'> (0x00000000a4bc8230) 
thrown [s\open\src\hotspot\share\interpreter\linkResolver.cpp, line 774]
Event: 7.639 Thread 0x00000268920cf150 Exception <a 'java/lang/NoSuchMethodError'{0x00000000a4bcb6c8}: 'java.lang.Object java.lang.invoke.Invokers$Holder.linkToTargetMethod(java.lang.Object, java.lang.Object, int, java.lang.Object)'> (0x00000000a4bcb6c8) 
thrown [s\open\src\hotspot\share\interpreter\linkResolver.cpp, line 774]

ZGC Phase Switch (0 events):
No events

VM Operations (20 events):
Event: 6.541 Executing VM operation: HandshakeAllThreads (Deoptimize) done
Event: 6.812 Executing VM operation: HandshakeAllThreads (Deoptimize)
Event: 6.812 Executing VM operation: HandshakeAllThreads (Deoptimize) done
Event: 6.840 Executing VM operation: HandshakeAllThreads (Deoptimize)
Event: 6.840 Executing VM operation: HandshakeAllThreads (Deoptimize) done
Event: 6.990 Executing VM operation: ICBufferFull
Event: 6.990 Executing VM operation: ICBufferFull done
Event: 7.143 Executing VM operation: HandshakeAllThreads (Deoptimize)
Event: 7.143 Executing VM operation: HandshakeAllThreads (Deoptimize) done
Event: 7.157 Executing VM operation: HandshakeAllThreads (Deoptimize)
Event: 7.157 Executing VM operation: HandshakeAllThreads (Deoptimize) done
Event: 7.186 Executing VM operation: G1CollectForAllocation (G1 Evacuation Pause)
Event: 7.193 Executing VM operation: G1CollectForAllocation (G1 Evacuation Pause) done
Event: 7.323 Executing VM operation: HandshakeAllThreads (Deoptimize)
Event: 7.323 Executing VM operation: HandshakeAllThreads (Deoptimize) done
Event: 7.520 Executing VM operation: ICBufferFull
Event: 7.521 Executing VM operation: ICBufferFull done
Event: 7.715 Executing VM operation: G1CollectForAllocation (G1 Evacuation Pause)
Event: 7.723 Executing VM operation: G1CollectForAllocation (G1 Evacuation Pause) done
Event: 8.726 Executing VM operation: Cleanup

Memory protections (0 events):
No events

Nmethod flushes (0 events):
No events

Events (18 events):
Event: 0.043 Thread 0x00000268920cf150 Thread added: 0x00000268920cf150
Event: 0.064 Thread 0x00000268920cf150 Thread added: 0x00000268b01738f0
Event: 0.064 Thread 0x00000268920cf150 Thread added: 0x00000268b0174550
Event: 0.064 Thread 0x00000268920cf150 Thread added: 0x00000268b0175cf0
Event: 0.064 Thread 0x00000268920cf150 Thread added: 0x00000268b0178ac0
Event: 0.064 Thread 0x00000268920cf150 Thread added: 0x00000268b0183580
Event: 0.065 Thread 0x00000268920cf150 Thread added: 0x00000268b01843e0
Event: 0.065 Thread 0x00000268920cf150 Thread added: 0x00000268b018cae0
Event: 0.065 Thread 0x00000268920cf150 Thread added: 0x00000268b019f210
Event: 0.155 Thread 0x00000268920cf150 Thread added: 0x00000268b03b4fe0
Event: 0.355 Thread 0x00000268920cf150 Thread added: 0x00000268b066f100
Event: 0.355 Thread 0x00000268920cf150 Thread added: 0x00000268b066f770
Event: 0.482 Thread 0x00000268b019f210 Thread added: 0x00000268b01a2890
Event: 1.524 Thread 0x00000268920cf150 Thread added: 0x00000268f64f1740
Event: 1.538 Thread 0x00000268b019f210 Thread added: 0x00000268b01a0680
Event: 3.658 Thread 0x00000268920cf150 Thread added: 0x00000268f7817400
Event: 4.097 Thread 0x00000268f7817400 Thread exited: 0x00000268f7817400
Event: 4.242 Thread 0x00000268f64f1740 Thread exited: 0x00000268f64f1740


Dynamic libraries:
0x00007ff6a5710000 - 0x00007ff6a571e000 	C:\Users\HARDIK\.jdks\openjdk-22.0.2\bin\java.exe
0x00007ffae2e00000 - 0x00007ffae3067000 	C:\WINDOWS\SYSTEM32\ntdll.dll
0x00007ffae1460000 - 0x00007ffae1529000 	C:\WINDOWS\System32\KERNEL32.DLL
0x00007ffae07a0000 - 0x00007ffae0b91000 	C:\WINDOWS\System32\KERNELBASE.dll
0x00007ffadf7a0000 - 0x00007ffadf8eb000 	C:\WINDOWS\System32\ucrtbase.dll
0x00007ffaad5e0000 - 0x00007ffaad5f7000 	C:\Users\HARDIK\.jdks\openjdk-22.0.2\bin\jli.dll
0x00007ffaac640000 - 0x00007ffaac65b000 	C:\Users\HARDIK\.jdks\openjdk-22.0.2\bin\VCRUNTIME140.dll
0x00007ffae15a0000 - 0x00007ffae1765000 	C:\WINDOWS\System32\USER32.dll
0x00007ffadf770000 - 0x00007ffadf797000 	C:\WINDOWS\System32\win32u.dll
0x00007ffae1a20000 - 0x00007ffae1a4b000 	C:\WINDOWS\System32\GDI32.dll
0x00007ffaccb90000 - 0x00007ffacce23000 	C:\WINDOWS\WinSxS\amd64_microsoft.windows.common-controls_6595b64144ccf1df_6.0.26100.8037_none_3e092faae333b53b\COMCTL32.dll
0x00007ffadfe00000 - 0x00007ffadff2b000 	C:\WINDOWS\System32\gdi32full.dll
0x00007ffadfa60000 - 0x00007ffadfb03000 	C:\WINDOWS\System32\msvcp_win.dll
0x00007ffae0c30000 - 0x00007ffae0cd9000 	C:\WINDOWS\System32\msvcrt.dll
0x00007ffae2490000 - 0x00007ffae24c1000 	C:\WINDOWS\System32\IMM32.DLL
0x00007ffab29f0000 - 0x00007ffab29fc000 	C:\Users\HARDIK\.jdks\openjdk-22.0.2\bin\vcruntime140_1.dll
0x00007ffaa6520000 - 0x00007ffaa65ae000 	C:\Users\HARDIK\.jdks\openjdk-22.0.2\bin\msvcp140.dll
0x00007ffa46500000 - 0x00007ffa47249000 	C:\Users\HARDIK\.jdks\openjdk-22.0.2\bin\server\jvm.dll
0x00007ffae1960000 - 0x00007ffae1a1b000 	C:\WINDOWS\System32\ADVAPI32.dll
0x00007ffae23d0000 - 0x00007ffae2477000 	C:\WINDOWS\System32\sechost.dll
0x00007ffae1340000 - 0x00007ffae1458000 	C:\WINDOWS\System32\RPCRT4.dll
0x00007ffae1770000 - 0x00007ffae17e4000 	C:\WINDOWS\System32\WS2_32.dll
0x00007ffadf540000 - 0x00007ffadf59e000 	C:\WINDOWS\SYSTEM32\POWRPROF.dll
0x00007ffad91d0000 - 0x00007ffad9205000 	C:\WINDOWS\SYSTEM32\WINMM.dll
0x00007ffad8f90000 - 0x00007ffad8f9b000 	C:\WINDOWS\SYSTEM32\VERSION.dll
0x00007ffadf520000 - 0x00007ffadf534000 	C:\WINDOWS\SYSTEM32\UMPDC.dll
0x00007ffade430000 - 0x00007ffade44b000 	C:\WINDOWS\SYSTEM32\kernel.appcore.dll
0x00007ffab2890000 - 0x00007ffab289a000 	C:\Users\HARDIK\.jdks\openjdk-22.0.2\bin\jimage.dll
0x00007ffad3740000 - 0x00007ffad3982000 	C:\WINDOWS\SYSTEM32\DBGHELP.DLL
0x00007ffae2520000 - 0x00007ffae28a2000 	C:\WINDOWS\System32\combase.dll
0x00007ffae1870000 - 0x00007ffae1947000 	C:\WINDOWS\System32\OLEAUT32.dll
0x00007ffacaea0000 - 0x00007ffacaedb000 	C:\WINDOWS\SYSTEM32\dbgcore.DLL
0x00007ffadf9b0000 - 0x00007ffadfa55000 	C:\WINDOWS\System32\bcryptPrimitives.dll
0x00007ffab1fc0000 - 0x00007ffab1fcf000 	C:\Users\HARDIK\.jdks\openjdk-22.0.2\bin\instrument.dll
0x00007ffaa65f0000 - 0x00007ffaa660e000 	C:\Users\HARDIK\.jdks\openjdk-22.0.2\bin\java.dll
0x00007ffae1b00000 - 0x00007ffae225f000 	C:\WINDOWS\System32\SHELL32.dll
0x00007ffadfc90000 - 0x00007ffadfdfa000 	C:\WINDOWS\System32\wintypes.dll
0x00007ffae28b0000 - 0x00007ffae2a45000 	C:\WINDOWS\System32\ole32.dll
0x00007ffadff30000 - 0x00007ffae0794000 	C:\WINDOWS\System32\windows.storage.dll
0x00007ffae1180000 - 0x00007ffae1277000 	C:\WINDOWS\System32\SHCORE.dll
0x00007ffae1530000 - 0x00007ffae1597000 	C:\WINDOWS\System32\shlwapi.dll
0x00007ffadf600000 - 0x00007ffadf629000 	C:\WINDOWS\SYSTEM32\profapi.dll
0x00007ffaa6440000 - 0x00007ffaa6517000 	C:\Users\HARDIK\.jdks\openjdk-22.0.2\bin\jsvml.dll
0x00007ffaa6420000 - 0x00007ffaa6437000 	C:\Users\HARDIK\.jdks\openjdk-22.0.2\bin\zip.dll
0x00007ffab12c0000 - 0x00007ffab12d0000 	C:\Users\HARDIK\.jdks\openjdk-22.0.2\bin\net.dll
0x00007ffade980000 - 0x00007ffade9eb000 	C:\WINDOWS\system32\mswsock.dll
0x00007ffaa65d0000 - 0x00007ffaa65e6000 	C:\Users\HARDIK\.jdks\openjdk-22.0.2\bin\nio.dll
0x00007ffaa6400000 - 0x00007ffaa641a000 	C:\Program Files\JetBrains\IntelliJ IDEA Community Edition 2024.1.4\bin\breakgen64.dll
0x00007ffab1290000 - 0x00007ffab1299000 	C:\Users\HARDIK\.jdks\openjdk-22.0.2\bin\extnet.dll
0x00007ffaa63e0000 - 0x00007ffaa63eb000 	C:\Users\HARDIK\.jdks\openjdk-22.0.2\bin\le.dll
0x00007ffaa63f0000 - 0x00007ffaa63fe000 	C:\Users\HARDIK\.jdks\openjdk-22.0.2\bin\sunmscapi.dll
0x00007ffadfb10000 - 0x00007ffadfc87000 	C:\WINDOWS\System32\CRYPT32.dll
0x00007ffadeee0000 - 0x00007ffadef10000 	C:\WINDOWS\SYSTEM32\ncrypt.dll
0x00007ffadee90000 - 0x00007ffadeecf000 	C:\WINDOWS\SYSTEM32\NTASN1.dll

dbghelp: loaded successfully - version: 4.0.5 - missing functions: none
symbol engine: initialized successfully - sym options: 0x614 - pdb path: .;C:\Users\HARDIK\.jdks\openjdk-22.0.2\bin;C:\WINDOWS\SYSTEM32;C:\WINDOWS\WinSxS\amd64_microsoft.windows.common-controls_6595b64144ccf1df_6.0.26100.8037_none_3e092faae333b53b;C:\Users\HARDIK\.jdks\openjdk-22.0.2\bin\server;C:\Program Files\JetBrains\IntelliJ IDEA Community Edition 2024.1.4\bin

VM Arguments:
jvm_args: -javaagent:C:\Program Files\JetBrains\IntelliJ IDEA Community Edition 2024.1.4\lib\idea_rt.jar=6600:C:\Program Files\JetBrains\IntelliJ IDEA Community Edition 2024.1.4\bin -Dfile.encoding=UTF-8 -Dsun.stdout.encoding=UTF-8 -Dsun.stderr.encoding=UTF-8 
java_command: com.avin.HotelBookingApplication.HotelBookingApplication
java_class_path (initial): C:\Users\HARDIK\Desktop\Hotel-Booking-application-using-ReactJS-and-SpringBoot\backend\HotelBookingApplication\target\classes;C:\Users\HARDIK\.m2\repository\org\springframework\boot\spring-boot-starter-actuator\3.3.0\spring-boot-starter-actuator-3.3.0.jar;C:\Users\HARDIK\.m2\repository\org\springframework\boot\spring-boot-starter\3.3.0\spring-boot-starter-3.3.0.jar;C:\Users\HARDIK\.m2\repository\org\springframework\boot\spring-boot\3.3.0\spring-boot-3.3.0.jar;C:\Users\HARDIK\.m2\repository\org\springframework\boot\spring-boot-autoconfigure\3.3.0\spring-boot-autoconfigure-3.3.0.jar;C:\Users\HARDIK\.m2\repository\org\springframework\boot\spring-boot-starter-logging\3.3.0\spring-boot-starter-logging-3.3.0.jar;C:\Users\HARDIK\.m2\repository\ch\qos\logback\logback-classic\1.5.6\logback-classic-1.5.6.jar;C:\Users\HARDIK\.m2\repository\ch\qos\logback\logback-core\1.5.6\logback-core-1.5.6.jar;C:\Users\HARDIK\.m2\repository\org\apache\logging\log4j\log4j-to-slf4j\2.23.1\log4j-to-slf4j-2.23.1.jar;C:\Users\HARDIK\.m2\repository\org\apache\logging\log4j\log4j-api\2.23.1\log4j-api-2.23.1.jar;C:\Users\HARDIK\.m2\repository\org\slf4j\jul-to-slf4j\2.0.13\jul-to-slf4j-2.0.13.jar;C:\Users\HARDIK\.m2\repository\jakarta\annotation\jakarta.annotation-api\2.1.1\jakarta.annotation-api-2.1.1.jar;C:\Users\HARDIK\.m2\repository\org\yaml\snakeyaml\2.2\snakeyaml-2.2.jar;C:\Users\HARDIK\.m2\repository\org\springframework\boot\spring-boot-actuator-autoconfigure\3.3.0\spring-boot-actuator-autoconfigure-3.3.0.jar;C:\Users\HARDIK\.m2\repository\org\springframework\boot\spring-boot-actuator\3.3.0\spring-boot-actuator-3.3.0.jar;C:\Users\HARDIK\.m2\repository\com\fasterxml\jackson\datatype\jackson-datatype-jsr310\2.17.1\jackson-datatype-jsr310-2.17.1.jar;C:\Users\HARDIK\.m2\repository\io\micrometer\micrometer-observation\1.13.0\micrometer-observation-1.13.0.jar;C:\Users\HARDIK\.m2\repository\io\micrometer\micrometer-commons\1.13.0\micrometer-commons-1.13.0.jar;C:\Users\HARDIK\.m2\repository\io\micrometer\micrometer-jakarta9\1.13.0\micrometer-jakarta9-1.13.0.jar;C:\Users\HARDIK\.m2\repository\io\micrometer\micrometer-core\1.13.0\micrometer-core-1.13.0.jar;C:\Users\HARDIK\.m2\repository\org\hdrhistogram\HdrHistogram\2.2.1\HdrHistogram-2.2.1.jar;C:\Users\HARDIK\.m2\repository\org\latencyutils\LatencyUtils\2.0.3\LatencyUtils-2.0.3.jar;C:\Users\HARDIK\.m2\repository\org\springframework\boot\spring-boot-starter-data-jpa\3.3.0\spring-boot-starter-data-jpa-3.3.0.jar;C:\Users\HARDIK\.m2\repository\org\springframework\boot\spring-boot-starter-aop\3.3.0\spring-boot-starter-aop-3.3.0.jar;C:\Users\HARDIK\.m2\repository\org\aspectj\aspectjweaver\1.9.22\aspectjweaver-1.9.22.jar;C:\Users\HARDIK\.m2\repository\org\springframework\boot\spring-boot-starter-jdbc\3.3.0\spring-boot-starter-jdbc-3.3.0.jar;C:\Users\HARDIK\.m2\repository\com\zaxxer\HikariCP\5.1.0\HikariCP-5.1.0.jar;C:\Users\HARDIK\.m2\repository\org\springframework\spring-jdbc\6.1.8\spring-jdbc-6.1.8.jar;C:\Users\HARDIK\.m2\repository\org\hibernate\orm\hibernate-core\6.5.2.Final\hibernate-core-6.5.2.Final.jar;C:\Users\HARDIK\.m2\repository\jakarta\persistence\jakarta.persistence-api\3.1.0\jakarta.persistence-api-3.1.0.jar;C:\Users\HARDIK\.m2\repository\jakarta\transaction\jakarta.transaction-api\2.0.1\jakarta.transaction-api-2.0.1.jar;C:\Users\HARDIK\.m2\repository\org\jboss\logging\jboss-logging\3.5.3.Final\jboss-logging-3.5.3.Final.jar;C:\Users\HARDIK\.m2\repository\org\hibernate\common\hibernate-commons-annotations\6.0.6.Final\hibernate-commons-annotations-6.0.6.Final.jar;C:\Users\HARDIK\.m2\repository\io\smallrye\jandex\3.1.2\jandex-3.1.2.jar;C:\Users\HARDIK\.m2\repository\com\fasterxml\classmate\1.7.0\classmate-1.7.0.jar;C:\Users\HARDIK\.m2\repository\net\bytebuddy\byte-buddy\1.14.16\byte-buddy-1.14.16.jar;C:\Users\HARDIK\.m2\repository\org\glassfish\jaxb\jaxb-runtime\4.0.5\jaxb-runtime-4.0.5.jar;C:\Users\HARDIK\.m2\repository\org\glassfish\jaxb\jaxb-core\4.0.5\jaxb-core-4.0.5.jar;C:\Users\HARDIK\.m2\repository\org\eclipse\angus\angus-activation\2.0.2\angus-activation-2.0.2.jar;C:\Users\HARDIK\.m2\repository\org\glassfish\jaxb\txw2\4.0.5\txw2-4.0.5.jar;C:\Users\HARDIK\.m2\repository\com\sun\istack\istack-commons-runtime\4.1.2\istack-commons-runtime-4.1.2.jar;C:\Users\HARDIK\.m2\repository\jakarta\inject\jakarta.inject-api\2.0.1\jakarta.inject-api-2.0.1.jar;C:\Users\HARDIK\.m2\repository\org\antlr\antlr4-runtime\4.13.0\antlr4-runtime-4.13.0.jar;C:\Users\HARDIK\.m2\repository\org\springframework\data\spring-data-jpa\3.3.0\spring-data-jpa-3.3.0.jar;C:\Users\HARDIK\.m2\repository\org\springframework\data\spring-data-commons\3.3.0\spring-data-commons-3.3.0.jar;C:\Users\HARDIK\.m2\repository\org\springframework\spring-orm\6.1.8\spring-orm-6.1.8.jar;C:\Users\HARDIK\.m2\repository\org\springframework\spring-context\6.1.8\spring-context-6.1.8.jar;C:\Users\HARDIK\.m2\repository\org\springframework\spring-tx\6.1.8\spring-tx-6.1.8.jar;C:\Users\HARDIK\.m2\repository\org\springframework\spring-beans\6.1.8\spring-beans-6.1.8.jar;C:\Users\HARDIK\.m2\repository\org\slf4j\slf4j-api\2.0.13\slf4j-api-2.0.13.jar;C:\Users\HARDIK\.m2\repository\org\springframework\spring-aspects\6.1.8\spring-aspects-6.1.8.jar;C:\Users\HARDIK\.m2\repository\org\springframework\boot\spring-boot-starter-web\3.3.0\spring-boot-starter-web-3.3.0.jar;C:\Users\HARDIK\.m2\repository\org\springframework\boot\spring-boot-starter-json\3.3.0\spring-boot-starter-json-3.3.0.jar;C:\Users\HARDIK\.m2\repository\com\fasterxml\jackson\datatype\jackson-datatype-jdk8\2.17.1\jackson-datatype-jdk8-2.17.1.jar;C:\Users\HARDIK\.m2\repository\com\fasterxml\jackson\module\jackson-module-parameter-names\2.17.1\jackson-module-parameter-names-2.17.1.jar;C:\Users\HARDIK\.m2\repository\org\springframework\boot\spring-boot-starter-tomcat\3.3.0\spring-boot-starter-tomcat-3.3.0.jar;C:\Users\HARDIK\.m2\repository\org\apache\tomcat\embed\tomcat-embed-core\10.1.24\tomcat-embed-core-10.1.24.jar;C:\Users\HARDIK\.m2\repository\org\apache\tomcat\embed\tomcat-embed-websocket\10.1.24\tomcat-embed-websocket-10.1.24.jar;C:\Users\HARDIK\.m2\repository\org\springframework\spring-web\6.1.8\spring-web-6.1.8.jar;C:\Users\HARDIK\.m2\repository\org\springframework\spring-webmvc\6.1.8\spring-webmvc-6.1.8.jar;C:\Users\HARDIK\.m2\repository\org\springframework\spring-expression\6.1.8\spring-expression-6.1.8.jar;C:\Users\HARDIK\.m2\repository\org\springframework\boot\spring-boot-starter-security\3.3.0\spring-boot-starter-security-3.3.0.jar;C:\Users\HARDIK\.m2\repository\org\springframework\spring-aop\6.1.8\spring-aop-6.1.8.jar;C:\Users\HARDIK\.m2\repository\org\springframework\security\spring-security-config\6.3.0\spring-security-config-6.3.0.jar;C:\Users\HARDIK\.m2\repository\org\springframework\security\spring-security-core\6.3.0\spring-security-core-6.3.0.jar;C:\Users\HARDIK\.m2\repository\org\springframework\security\spring-security-crypto\6.3.0\spring-security-crypto-6.3.0.jar;C:\Users\HARDIK\.m2\repository\org\springframework\security\spring-security-web\6.3.0\spring-security-web-6.3.0.jar;C:\Users\HARDIK\.m2\repository\org\springframework\boot\spring-boot-starter-validation\3.3.0\spring-boot-starter-validation-3.3.0.jar;C:\Users\HARDIK\.m2\repository\org\apache\tomcat\embed\tomcat-embed-el\10.1.24\tomcat-embed-el-10.1.24.jar;C:\Users\HARDIK\.m2\repository\org\hibernate\validator\hibernate-validator\8.0.1.Final\hibernate-validator-8.0.1.Final.jar;C:\Users\HARDIK\.m2\repository\jakarta\validation\jakarta.validation-api\3.0.2\jakarta.validation-api-3.0.2.jar;C:\Users\HARDIK\.m2\repository\com\mysql\mysql-connector-j\8.3.0\mysql-connector-j-8.3.0.jar;C:\Users\HARDIK\.m2\repository\org\projectlombok\lombok\1.18.32\lombok-1.18.32.jar;C:\Users\HARDIK\.m2\repository\com\fasterxml\jackson\core\jackson-databind\2.15.2\jackson-databind-2.15.2.jar;C:\Users\HARDIK\.m2\repository\com\fasterxml\jackson\core\jackson-annotations\2.17.1\jackson-annotations-2.17.1.jar;C:\Users\HARDIK\.m2\repository\com\fasterxml\jackson\core\jackson-core\2.17.1\jackson-core-2.17.1.jar;C:\Users\HARDIK\.m2\repository\org\apache\commons\commons-lang3\3.12.0\commons-lang3-3.12.0.jar;C:\Users\HARDIK\.m2\repository\commons-fileupload\commons-fileupload\1.3.3\commons-fileupload-1.3.3.jar;C:\Users\HARDIK\.m2\repository\commons-io\commons-io\2.5\commons-io-2.5.jar;C:\Users\HARDIK\.m2\repository\org\springframework\boot\spring-boot-configuration-processor\3.3.0\spring-boot-configuration-processor-3.3.0.jar;C:\Users\HARDIK\.m2\repository\io\jsonwebtoken\jjwt-api\0.11.5\jjwt-api-0.11.5.jar;C:\Users\HARDIK\.m2\repository\io\jsonwebtoken\jjwt-impl\0.11.5\jjwt-impl-0.11.5.jar;C:\Users\HARDIK\.m2\repository\io\jsonwebtoken\jjwt-jackson\0.11.5\jjwt-jackson-0.11.5.jar;C:\Users\HARDIK\.m2\repository\jakarta\xml\bind\jakarta.xml.bind-api\4.0.2\jakarta.xml.bind-api-4.0.2.jar;C:\Users\HARDIK\.m2\repository\jakarta\activation\jakarta.activation-api\2.1.3\jakarta.activation-api-2.1.3.jar;C:\Users\HARDIK\.m2\repository\org\springframework\spring-core\6.1.8\spring-core-6.1.8.jar;C:\Users\HARDIK\.m2\repository\org\springframework\spring-jcl\6.1.8\spring-jcl-6.1.8.jar
Launcher Type: SUN_STANDARD

[Global flags]
     intx CICompilerCount                          = 4                                         {product} {ergonomic}
     uint ConcGCThreads                            = 2                                         {product} {ergonomic}
     uint G1ConcRefinementThreads                  = 8                                         {product} {ergonomic}
   size_t G1HeapRegionSize                         = 1048576                                   {product} {ergonomic}
   size_t InitialHeapSize                          = 98566144                                  {product} {ergonomic}
   size_t MarkStackSize                            = 4194304                                   {product} {ergonomic}
   size_t MaxHeapSize                              = 1564475392                                {product} {ergonomic}
   size_t MaxNewSize                               = 938475520                                 {product} {ergonomic}
   size_t MinHeapDeltaBytes                        = 1048576                                   {product} {ergonomic}
   size_t MinHeapSize                              = 8388608                                   {product} {ergonomic}
    uintx NonNMethodCodeHeapSize                   = 5839372                                {pd product} {ergonomic}
    uintx NonProfiledCodeHeapSize                  = 122909434                              {pd product} {ergonomic}
    uintx ProfiledCodeHeapSize                     = 122909434                              {pd product} {ergonomic}
    uintx ReservedCodeCacheSize                    = 251658240                              {pd product} {ergonomic}
     bool SegmentedCodeCache                       = true                                      {product} {ergonomic}
   size_t SoftMaxHeapSize                          = 1564475392                             {manageable} {ergonomic}
     bool UseCompressedOops                        = true                           {product lp64_product} {ergonomic}
     bool UseG1GC                                  = true                                      {product} {ergonomic}
     bool UseLargePagesIndividualAllocation        = false                                  {pd product} {ergonomic}

Logging:
Log output configuration:
 #0: stdout all=warning uptime,level,tags foldmultilines=false
 #1: stderr all=off uptime,level,tags foldmultilines=false

Environment Variables:
PATH=C:\app\HARDIK\product\21c\dbhomeXE\bin;C:\WINDOWS\system32;C:\WINDOWS;C:\WINDOWS\System32\Wbem;C:\WINDOWS\System32\WindowsPowerShell\v1.0\;C:\WINDOWS\System32\OpenSSH\;C:\Program Files\Git\cmd;C:\Program Files\nodejs\;C:\Users\HARDIK\AppData\Local\Programs\Python\Python313\Scripts\;C:\Users\HARDIK\AppData\Local\Programs\Python\Python313\;C:\Users\HARDIK\AppData\Local\Programs\Python\Launcher\;C:\Users\HARDIK\AppData\Local\Microsoft\WindowsApps;C:\Users\HARDIK\AppData\Local\Programs\Microsoft VS Code\bin;C:\Users\HARDIK\AppData\Roaming\npm;
USERNAME=HARDIK
OS=Windows_NT
PROCESSOR_IDENTIFIER=AMD64 Family 23 Model 160 Stepping 0, AuthenticAMD
TMP=C:\Users\HARDIK\AppData\Local\Temp
TEMP=C:\Users\HARDIK\AppData\Local\Temp




Periodic native trim disabled

---------------  S Y S T E M  ---------------

OS:
 Windows 11 , 64 bit Build 26100 (10.0.26100.7920)
OS uptime: 0 days 0:16 hours
Hyper-V role detected

CPU: total 8 (initial active 8) (8 cores per cpu, 2 threads per core) family 23 model 160 stepping 0 microcode 0x8a00009, cx8, cmov, fxsr, ht, mmx, 3dnowpref, sse, sse2, sse3, ssse3, sse4a, sse4.1, sse4.2, popcnt, lzcnt, tsc, tscinvbit, avx, avx2, aes, clmul, bmi1, bmi2, adx, sha, fma, vzeroupper, clflush, clflushopt, hv, rdtscp, rdpid, f16c
Processor Information for all 8 processors :
  Max Mhz: 2401, Current Mhz: 2401, Mhz Limit: 2401

Memory: 4k page, system-wide physical 5965M (582M free)
TotalPageFile size 14157M (AvailPageFile size 6M)
current process WorkingSet (physical memory assigned to process): 212M, peak: 212M
current process commit charge ("private bytes"): 248M, peak: 249M

vm_info: OpenJDK 64-Bit Server VM (22.0.2+9-70) for windows-amd64 JRE (22.0.2+9-70), built on 2024-06-04T16:52:23Z by "mach5one" with MS VC++ 17.6 (VS2022)

END.
