#
# There is insufficient memory for the Java Runtime Environment to continue.
# Native memory allocation (malloc) failed to allocate 1221056 bytes. Error detail: Chunk::new
# Possible reasons:
#   The system is out of physical RAM or swap space
#   This process is running with CompressedOops enabled, and the Java Heap may be blocking the growth of the native heap
# Possible solutions:
#   Reduce memory load on the system
#   Increase physical memory or swap space
#   Check if swap backing store is full
#   Decrease Java heap size (-Xmx/-Xms)
#   Decrease number of Java threads
#   Decrease Java thread stack sizes (-Xss)
#   Set larger code cache with -XX:ReservedCodeCacheSize=
#   JVM is running with Unscaled Compressed Oops mode in which the Java heap is
#     placed in the first 4GB address space. The Java Heap base address is the
#     maximum limit for the native heap growth. Please use -XX:HeapBaseMinAddress
#     to set the Java Heap base and to place the Java Heap above 4GB virtual address.
# This output file may be truncated or incomplete.
#
#  Out of Memory Error (arena.cpp:150), pid=8540, tid=13124
#
# JRE version: OpenJDK Runtime Environment (22.0.2+9) (build 22.0.2+9-70)
# Java VM: OpenJDK 64-Bit Server VM (22.0.2+9-70, mixed mode, sharing, tiered, compressed oops, compressed class ptrs, g1 gc, windows-amd64)
# No core dump will be written. Minidumps are not enabled by default on client versions of Windows
#

---------------  S U M M A R Y ------------

Command Line: -javaagent:C:\Program Files\JetBrains\IntelliJ IDEA Community Edition 2024.1.4\lib\idea_rt.jar=6590:C:\Program Files\JetBrains\IntelliJ IDEA Community Edition 2024.1.4\bin -Dfile.encoding=UTF-8 -Dsun.stdout.encoding=UTF-8 -Dsun.stderr.encoding=UTF-8 com.avin.HotelBookingApplication.HotelBookingApplication

Host: AMD Ryzen 3 7320U with Radeon Graphics         , 8 cores, 5G,  Windows 11 , 64 bit Build 26100 (10.0.26100.7920)
Time: Wed Jun  3 20:50:16 2026 India Standard Time elapsed time: 12.825161 seconds (0d 0h 0m 12s)

---------------  T H R E A D  ---------------

Current thread (0x0000022d8a86caf0):  JavaThread "C2 CompilerThread1" daemon [_thread_in_native, id=13124, stack(0x000000d9b4d00000,0x000000d9b4e00000) (1024K)]


Current CompileTask:
C2:12825 4392       4       org.springframework.beans.factory.support.AbstractBeanFactory::isTypeMatch (745 bytes)

Stack: [0x000000d9b4d00000,0x000000d9b4e00000]
Native frames: (J=compiled Java code, j=interpreted, Vv=VM code, C=native code)
V  [jvm.dll+0x6e26e9]  (no source info available)
V  [jvm.dll+0x875753]  (no source info available)
V  [jvm.dll+0x877b7e]  (no source info available)
V  [jvm.dll+0x878253]  (no source info available)
V  [jvm.dll+0x27fc86]  (no source info available)
V  [jvm.dll+0xc3d0f]  (no source info available)
V  [jvm.dll+0xc3f6b]  (no source info available)
V  [jvm.dll+0x2f3c7f]  (no source info available)
V  [jvm.dll+0x60c0fa]  (no source info available)
V  [jvm.dll+0x249915]  (no source info available)
V  [jvm.dll+0x246da6]  (no source info available)
V  [jvm.dll+0x1c4e80]  (no source info available)
V  [jvm.dll+0x2568f3]  (no source info available)
V  [jvm.dll+0x254baa]  (no source info available)
V  [jvm.dll+0x3f57a6]  (no source info available)
V  [jvm.dll+0x81dc0b]  (no source info available)
V  [jvm.dll+0x6e0d85]  (no source info available)
C  [ucrtbase.dll+0x37b0]  (no source info available)
C  [KERNEL32.DLL+0x2e8d7]  (no source info available)
C  [ntdll.dll+0x8c48c]  (no source info available)


---------------  P R O C E S S  ---------------

Threads class SMR info:
_java_thread_list=0x0000022d8be4b3f0, length=14, elements={
0x0000022d26f6f2f0, 0x0000022d44ee7410, 0x0000022d44ee7a80, 0x0000022d44eea8b0,
0x0000022d44eed1d0, 0x0000022d44eeb260, 0x0000022d44efdd80, 0x0000022d44f04180,
0x0000022d44f36850, 0x0000022d44efe410, 0x0000022d44efc9d0, 0x0000022d44efeaa0,
0x0000022d8a86caf0, 0x0000022d8b740cb0
}

Java Threads: ( => current thread )
  0x0000022d26f6f2f0 JavaThread "main"                              [_thread_in_Java, id=2868, stack(0x000000d9b3a00000,0x000000d9b3b00000) (1024K)]
  0x0000022d44ee7410 JavaThread "Reference Handler"          daemon [_thread_blocked, id=4844, stack(0x000000d9b4200000,0x000000d9b4300000) (1024K)]
  0x0000022d44ee7a80 JavaThread "Finalizer"                  daemon [_thread_blocked, id=3660, stack(0x000000d9b4300000,0x000000d9b4400000) (1024K)]
  0x0000022d44eea8b0 JavaThread "Signal Dispatcher"          daemon [_thread_blocked, id=13200, stack(0x000000d9b4400000,0x000000d9b4500000) (1024K)]
  0x0000022d44eed1d0 JavaThread "Attach Listener"            daemon [_thread_blocked, id=5724, stack(0x000000d9b4500000,0x000000d9b4600000) (1024K)]
  0x0000022d44eeb260 JavaThread "Service Thread"             daemon [_thread_blocked, id=13500, stack(0x000000d9b4600000,0x000000d9b4700000) (1024K)]
  0x0000022d44efdd80 JavaThread "Monitor Deflation Thread"   daemon [_thread_blocked, id=1412, stack(0x000000d9b4700000,0x000000d9b4800000) (1024K)]
  0x0000022d44f04180 JavaThread "C2 CompilerThread0"         daemon [_thread_in_native, id=7572, stack(0x000000d9b4800000,0x000000d9b4900000) (1024K)]
  0x0000022d44f36850 JavaThread "C1 CompilerThread0"         daemon [_thread_blocked, id=2656, stack(0x000000d9b4900000,0x000000d9b4a00000) (1024K)]
  0x0000022d44efe410 JavaThread "Common-Cleaner"             daemon [_thread_blocked, id=10380, stack(0x000000d9b4a00000,0x000000d9b4b00000) (1024K)]
  0x0000022d44efc9d0 JavaThread "Monitor Ctrl-Break"         daemon [_thread_in_native, id=14132, stack(0x000000d9b4b00000,0x000000d9b4c00000) (1024K)]
  0x0000022d44efeaa0 JavaThread "Notification Thread"        daemon [_thread_blocked, id=5868, stack(0x000000d9b4c00000,0x000000d9b4d00000) (1024K)]
=>0x0000022d8a86caf0 JavaThread "C2 CompilerThread1"         daemon [_thread_in_native, id=13124, stack(0x000000d9b4d00000,0x000000d9b4e00000) (1024K)]
  0x0000022d8b740cb0 JavaThread "C2 CompilerThread2"         daemon [_thread_in_native, id=10956, stack(0x000000d9b5700000,0x000000d9b5800000) (1024K)]
Total: 14

Other Threads:
  0x0000022d44ec6e80 VMThread "VM Thread"                           [id=2052, stack(0x000000d9b4100000,0x000000d9b4200000) (1024K)]
  0x0000022d44ead320 WatcherThread "VM Periodic Task Thread"        [id=10748, stack(0x000000d9b4000000,0x000000d9b4100000) (1024K)]
  0x0000022d271dea10 WorkerThread "GC Thread#0"                     [id=10832, stack(0x000000d9b3b00000,0x000000d9b3c00000) (1024K)]
  0x0000022d8af77c30 WorkerThread "GC Thread#1"                     [id=6224, stack(0x000000d9b4e00000,0x000000d9b4f00000) (1024K)]
  0x0000022d8b045920 WorkerThread "GC Thread#2"                     [id=7048, stack(0x000000d9b4f00000,0x000000d9b5000000) (1024K)]
  0x0000022d8b003040 WorkerThread "GC Thread#3"                     [id=2688, stack(0x000000d9b5000000,0x000000d9b5100000) (1024K)]
  0x0000022d8b0033f0 WorkerThread "GC Thread#4"                     [id=11700, stack(0x000000d9b5100000,0x000000d9b5200000) (1024K)]
  0x0000022d8b007bb0 WorkerThread "GC Thread#5"                     [id=824, stack(0x000000d9b5200000,0x000000d9b5300000) (1024K)]
  0x0000022d8b00bf70 WorkerThread "GC Thread#6"                     [id=1824, stack(0x000000d9b5300000,0x000000d9b5400000) (1024K)]
  0x0000022d8b00c720 WorkerThread "GC Thread#7"                     [id=12800, stack(0x000000d9b5400000,0x000000d9b5500000) (1024K)]
  0x0000022d271eb480 ConcurrentGCThread "G1 Main Marker"            [id=10468, stack(0x000000d9b3c00000,0x000000d9b3d00000) (1024K)]
  0x0000022d271ed650 WorkerThread "G1 Conc#0"                       [id=2308, stack(0x000000d9b3d00000,0x000000d9b3e00000) (1024K)]
  0x0000022d8b733460 WorkerThread "G1 Conc#1"                       [id=9188, stack(0x000000d9b5600000,0x000000d9b5700000) (1024K)]
  0x0000022d44d82160 ConcurrentGCThread "G1 Refine#0"               [id=4820, stack(0x000000d9b3e00000,0x000000d9b3f00000) (1024K)]
  0x0000022d44d82950 ConcurrentGCThread "G1 Service"                [id=14108, stack(0x000000d9b3f00000,0x000000d9b4000000) (1024K)]
Total: 15

Threads with active compile tasks:
C2 CompilerThread0  12961 4304   !   4       org.springframework.core.annotation.AnnotationsScanner::processClassHierarchy (234 bytes)
C2 CompilerThread1  12961 4392       4       org.springframework.beans.factory.support.AbstractBeanFactory::isTypeMatch (745 bytes)
C2 CompilerThread2  12961 4567 %     4       org.springframework.boot.context.properties.source.ConfigurationPropertyName$ElementsParser::parse @ 23 (234 bytes)
Total: 3

VM state: not at safepoint (normal execution)

VM Mutex/Monitor currently owned by a thread: None

Heap address: 0x00000000a2c00000, size: 1492 MB, Compressed Oops mode: 32-bit

CDS archive(s) mapped at: [0x0000022d45000000-0x0000022d45c60000-0x0000022d45c60000), size 12976128, SharedBaseAddress: 0x0000022d45000000, ArchiveRelocationMode: 1.
Compressed class space mapped at: 0x0000022d46000000-0x0000022d86000000, reserved size: 1073741824
Narrow klass base: 0x0000022d45000000, Narrow klass shift: 0, Narrow klass range: 0x41000000

GC Precious Log:
 CardTable entry size: 512
 Card Set container configuration: InlinePtr #cards 5 size 8 Array Of Cards #cards 12 size 40 Howl #buckets 4 coarsen threshold 1843 Howl Bitmap #cards 512 size 80 coarsen threshold 460 Card regions per heap region 1 cards per card region 2048
 CPUs: 8 total, 8 available
 Memory: 5965M
 Large Page Support: Disabled
 NUMA Support: Disabled
 Compressed Oops: Enabled (32-bit)
 Heap Region Size: 1M
 Heap Min Capacity: 8M
 Heap Initial Capacity: 94M
 Heap Max Capacity: 1492M
 Pre-touch: Disabled
 Parallel Workers: 8
 Concurrent Workers: 2
 Concurrent Refinement Workers: 8
 Periodic GC: Disabled

Heap:
 garbage-first heap   total reserved 1527808K, committed 45056K, used 21845K [0x00000000a2c00000, 0x0000000100000000)
  region size 1024K, 4 young (4096K), 2 survivors (2048K)
 Metaspace       used 34496K, committed 35008K, reserved 1114112K
  class space    used 4522K, committed 4736K, reserved 1048576K

Heap Regions: E=young(eden), S=young(survivor), O=old, HS=humongous(starts), HC=humongous(continues), CS=collection set, F=free, TAMS=top-at-mark-start, PB=parsable bottom
|   0|0x00000000a2c00000, 0x00000000a2d00000, 0x00000000a2d00000|100%|HS|  |TAMS 0x00000000a2c00000| PB 0x00000000a2c00000| Complete |  0
|   1|0x00000000a2d00000, 0x00000000a2e00000, 0x00000000a2e00000|100%| O|  |TAMS 0x00000000a2d00000| PB 0x00000000a2d00000| Untracked |  0
|   2|0x00000000a2e00000, 0x00000000a2f00000, 0x00000000a2f00000|100%| O|  |TAMS 0x00000000a2e00000| PB 0x00000000a2e00000| Untracked |  0
|   3|0x00000000a2f00000, 0x00000000a3000000, 0x00000000a3000000|100%| O|  |TAMS 0x00000000a2f00000| PB 0x00000000a2f00000| Untracked |  0
|   4|0x00000000a3000000, 0x00000000a3100000, 0x00000000a3100000|100%| O|  |TAMS 0x00000000a3000000| PB 0x00000000a3000000| Untracked |  0
|   5|0x00000000a3100000, 0x00000000a3200000, 0x00000000a3200000|100%| O|  |TAMS 0x00000000a3100000| PB 0x00000000a3100000| Untracked |  0
|   6|0x00000000a3200000, 0x00000000a3300000, 0x00000000a3300000|100%| O|  |TAMS 0x00000000a3200000| PB 0x00000000a3200000| Untracked |  0
|   7|0x00000000a3300000, 0x00000000a33f9260, 0x00000000a3400000| 97%| O|  |TAMS 0x00000000a3300000| PB 0x00000000a3300000| Untracked |  0
|   8|0x00000000a3400000, 0x00000000a3500000, 0x00000000a3500000|100%| O|  |TAMS 0x00000000a3400000| PB 0x00000000a3400000| Untracked |  0
|   9|0x00000000a3500000, 0x00000000a3600000, 0x00000000a3600000|100%| O|  |TAMS 0x00000000a3500000| PB 0x00000000a3500000| Untracked |  0
|  10|0x00000000a3600000, 0x00000000a3700000, 0x00000000a3700000|100%| O|  |TAMS 0x00000000a3600000| PB 0x00000000a3600000| Untracked |  0
|  11|0x00000000a3700000, 0x00000000a3800000, 0x00000000a3800000|100%| O|  |TAMS 0x00000000a3700000| PB 0x00000000a3700000| Untracked |  0
|  12|0x00000000a3800000, 0x00000000a3900000, 0x00000000a3900000|100%| O|  |TAMS 0x00000000a3800000| PB 0x00000000a3800000| Untracked |  0
|  13|0x00000000a3900000, 0x00000000a3a00000, 0x00000000a3a00000|100%| O|  |TAMS 0x00000000a3900000| PB 0x00000000a3900000| Untracked |  0
|  14|0x00000000a3a00000, 0x00000000a3b00000, 0x00000000a3b00000|100%| O|  |TAMS 0x00000000a3a00000| PB 0x00000000a3a00000| Untracked |  0
|  15|0x00000000a3b00000, 0x00000000a3c00000, 0x00000000a3c00000|100%| O|  |TAMS 0x00000000a3b00000| PB 0x00000000a3b00000| Untracked |  0
|  16|0x00000000a3c00000, 0x00000000a3d00000, 0x00000000a3d00000|100%| O|  |TAMS 0x00000000a3c00000| PB 0x00000000a3c00000| Untracked |  0
|  17|0x00000000a3d00000, 0x00000000a3e00000, 0x00000000a3e00000|100%| O|  |TAMS 0x00000000a3d00000| PB 0x00000000a3d00000| Untracked |  0
|  18|0x00000000a3e00000, 0x00000000a3f00000, 0x00000000a3f00000|100%| O|  |TAMS 0x00000000a3e00000| PB 0x00000000a3e00000| Untracked |  0
|  19|0x00000000a3f00000, 0x00000000a3f00000, 0x00000000a4000000|  0%| F|  |TAMS 0x00000000a3f00000| PB 0x00000000a3f00000| Untracked |  0
|  20|0x00000000a4000000, 0x00000000a4000000, 0x00000000a4100000|  0%| F|  |TAMS 0x00000000a4000000| PB 0x00000000a4000000| Untracked |  0
|  21|0x00000000a4100000, 0x00000000a4100000, 0x00000000a4200000|  0%| F|  |TAMS 0x00000000a4100000| PB 0x00000000a4100000| Untracked |  0
|  22|0x00000000a4200000, 0x00000000a425c2f0, 0x00000000a4300000| 36%| S|CS|TAMS 0x00000000a4200000| PB 0x00000000a4200000| Complete |  0
|  23|0x00000000a4300000, 0x00000000a4300000, 0x00000000a4400000|  0%| F|  |TAMS 0x00000000a4300000| PB 0x00000000a4300000| Untracked |  0
|  24|0x00000000a4400000, 0x00000000a4400000, 0x00000000a4500000|  0%| F|  |TAMS 0x00000000a4400000| PB 0x00000000a4400000| Untracked |  0
|  25|0x00000000a4500000, 0x00000000a4600000, 0x00000000a4600000|100%| S|CS|TAMS 0x00000000a4500000| PB 0x00000000a4500000| Complete |  0
|  26|0x00000000a4600000, 0x00000000a4600000, 0x00000000a4700000|  0%| F|  |TAMS 0x00000000a4600000| PB 0x00000000a4600000| Untracked |  0
|  27|0x00000000a4700000, 0x00000000a4700000, 0x00000000a4800000|  0%| F|  |TAMS 0x00000000a4700000| PB 0x00000000a4700000| Untracked |  0
|  28|0x00000000a4800000, 0x00000000a4800000, 0x00000000a4900000|  0%| F|  |TAMS 0x00000000a4800000| PB 0x00000000a4800000| Untracked |  0
|  29|0x00000000a4900000, 0x00000000a4900000, 0x00000000a4a00000|  0%| F|  |TAMS 0x00000000a4900000| PB 0x00000000a4900000| Untracked |  0
|  30|0x00000000a4a00000, 0x00000000a4a00000, 0x00000000a4b00000|  0%| F|  |TAMS 0x00000000a4a00000| PB 0x00000000a4a00000| Untracked |  0
|  31|0x00000000a4b00000, 0x00000000a4b00000, 0x00000000a4c00000|  0%| F|  |TAMS 0x00000000a4b00000| PB 0x00000000a4b00000| Untracked |  0
|  32|0x00000000a4c00000, 0x00000000a4c00000, 0x00000000a4d00000|  0%| F|  |TAMS 0x00000000a4c00000| PB 0x00000000a4c00000| Untracked |  0
|  33|0x00000000a4d00000, 0x00000000a4d00000, 0x00000000a4e00000|  0%| F|  |TAMS 0x00000000a4d00000| PB 0x00000000a4d00000| Untracked |  0
|  34|0x00000000a4e00000, 0x00000000a4e00000, 0x00000000a4f00000|  0%| F|  |TAMS 0x00000000a4e00000| PB 0x00000000a4e00000| Untracked |  0
|  35|0x00000000a4f00000, 0x00000000a4f00000, 0x00000000a5000000|  0%| F|  |TAMS 0x00000000a4f00000| PB 0x00000000a4f00000| Untracked |  0
|  36|0x00000000a5000000, 0x00000000a5000000, 0x00000000a5100000|  0%| F|  |TAMS 0x00000000a5000000| PB 0x00000000a5000000| Untracked |  0
|  37|0x00000000a5100000, 0x00000000a5100000, 0x00000000a5200000|  0%| F|  |TAMS 0x00000000a5100000| PB 0x00000000a5100000| Untracked |  0
|  65|0x00000000a6d00000, 0x00000000a6d00000, 0x00000000a6e00000|  0%| F|  |TAMS 0x00000000a6d00000| PB 0x00000000a6d00000| Untracked |  0
|  66|0x00000000a6e00000, 0x00000000a6e00000, 0x00000000a6f00000|  0%| F|  |TAMS 0x00000000a6e00000| PB 0x00000000a6e00000| Untracked |  0
|  67|0x00000000a6f00000, 0x00000000a6f00000, 0x00000000a7000000|  0%| F|  |TAMS 0x00000000a6f00000| PB 0x00000000a6f00000| Untracked |  0
|  68|0x00000000a7000000, 0x00000000a7000000, 0x00000000a7100000|  0%| F|  |TAMS 0x00000000a7000000| PB 0x00000000a7000000| Untracked |  0
|  69|0x00000000a7100000, 0x00000000a715d658, 0x00000000a7200000| 36%| E|  |TAMS 0x00000000a7100000| PB 0x00000000a7100000| Complete |  0
|  93|0x00000000a8900000, 0x00000000a8a00000, 0x00000000a8a00000|100%| E|CS|TAMS 0x00000000a8900000| PB 0x00000000a8900000| Complete |  0

Card table byte_map: [0x0000022d40a20000,0x0000022d40d10000] _byte_map_base: 0x0000022d4050a000

Marking Bits: (CMBitMap*) 0x0000022d271df120
 Bits: [0x0000022d40d10000, 0x0000022d42460000)

Polling page: 0x0000022d27250000

Metaspace:

Usage:
  Non-class:     29.27 MB used.
      Class:      4.42 MB used.
       Both:     33.69 MB used.

Virtual space:
  Non-class space:       64.00 MB reserved,      29.56 MB ( 46%) committed,  1 nodes.
      Class space:        1.00 GB reserved,       4.62 MB ( <1%) committed,  1 nodes.
             Both:        1.06 GB reserved,      34.19 MB (  3%) committed. 

Chunk freelists:
   Non-Class:  2.14 MB
       Class:  11.39 MB
        Both:  13.53 MB

MaxMetaspaceSize: unlimited
CompressedClassSpaceSize: 1.00 GB
Initial GC threshold: 21.00 MB
Current GC threshold: 35.12 MB
CDS: on
 - commit_granule_bytes: 65536.
 - commit_granule_words: 8192.
 - virtual_space_node_default_size: 8388608.
 - enlarge_chunks_in_place: 1.
 - use_allocation_guard: 0.


Internal statistics:

num_allocs_failed_limit: 3.
num_arena_births: 620.
num_arena_deaths: 0.
num_vsnodes_births: 2.
num_vsnodes_deaths: 0.
num_space_committed: 547.
num_space_uncommitted: 0.
num_chunks_returned_to_freelist: 3.
num_chunks_taken_from_freelist: 1817.
num_chunk_merges: 0.
num_chunk_splits: 1262.
num_chunks_enlarged: 932.
num_inconsistent_stats: 0.

CodeHeap 'non-profiled nmethods': size=120000Kb used=2732Kb max_used=2732Kb free=117268Kb
 bounds [0x0000022d387a0000, 0x0000022d38a50000, 0x0000022d3fcd0000]
CodeHeap 'profiled nmethods': size=120000Kb used=9630Kb max_used=9630Kb free=110369Kb
 bounds [0x0000022d30cd0000, 0x0000022d31640000, 0x0000022d38200000]
CodeHeap 'non-nmethods': size=5760Kb used=1500Kb max_used=1538Kb free=4259Kb
 bounds [0x0000022d38200000, 0x0000022d38470000, 0x0000022d387a0000]
 total_blobs=5146 nmethods=4574 adapters=476
 compilation: enabled
              stopped_count=0, restarted_count=0
 full_count=0

Compilation events (20 events):
Event: 11.751 Thread 0x0000022d44f36850 nmethod 4535 0x0000022d31616210 code [0x0000022d316163c0, 0x0000022d316165b8]
Event: 11.756 Thread 0x0000022d44f36850 4536       3       ch.qos.logback.classic.Logger::createChildByName (99 bytes)
Event: 11.757 Thread 0x0000022d44f36850 nmethod 4536 0x0000022d31616690 code [0x0000022d31616900, 0x0000022d316174f0]
Event: 11.762 Thread 0x0000022d44f36850 4537       3       jdk.internal.org.objectweb.asm.MethodWriter::visitInsn (115 bytes)
Event: 11.763 Thread 0x0000022d44f36850 nmethod 4537 0x0000022d31617910 code [0x0000022d31617b00, 0x0000022d31617ed0]
Event: 11.763 Thread 0x0000022d44f36850 4539       3       java.lang.invoke.InvokerBytecodeGenerator::classData (173 bytes)
Event: 11.764 Thread 0x0000022d44f36850 nmethod 4539 0x0000022d31618090 code [0x0000022d31618420, 0x0000022d31619a28]
Event: 11.767 Thread 0x0000022d44f36850 4540       3       java.lang.invoke.MethodHandles$Lookup::restrictProtectedReceiver (51 bytes)
Event: 11.767 Thread 0x0000022d44f36850 nmethod 4540 0x0000022d3161a090 code [0x0000022d3161a280, 0x0000022d3161a758]
Event: 11.769 Thread 0x0000022d44f36850 4541   !   3       java.lang.invoke.InnerClassLambdaMetafactory::generateInnerClass (506 bytes)
Event: 11.772 Thread 0x0000022d44f36850 nmethod 4541 0x0000022d3161a910 code [0x0000022d3161ada0, 0x0000022d3161cdb0]
Event: 11.785 Thread 0x0000022d44f36850 4545       3       java.lang.invoke.MethodHandleStatics::traceLambdaForm (96 bytes)
Event: 11.785 Thread 0x0000022d44f36850 nmethod 4545 0x0000022d3161db10 code [0x0000022d3161dca0, 0x0000022d3161de08]
Event: 11.785 Thread 0x0000022d44f36850 4546       3       jdk.internal.org.objectweb.asm.AnnotationWriter::computeAnnotationsSize (42 bytes)
Event: 11.786 Thread 0x0000022d44f36850 nmethod 4546 0x0000022d3161df10 code [0x0000022d3161e0c0, 0x0000022d3161e2f8]
Event: 11.798 Thread 0x0000022d44f36850 4547       3       java.lang.invoke.DelegatingMethodHandle::chooseDelegatingForm (24 bytes)
Event: 11.798 Thread 0x0000022d44f36850 nmethod 4547 0x0000022d3161e490 code [0x0000022d3161e640, 0x0000022d3161e940]
Event: 11.800 Thread 0x0000022d44f36850 4548       3       java.lang.Class::copyConstructors (38 bytes)
Event: 11.801 Thread 0x0000022d44f36850 nmethod 4548 0x0000022d3161ea10 code [0x0000022d3161ec80, 0x0000022d3161f7d0]
Event: 11.803 Thread 0x0000022d44f36850 4549       3       java.lang.invoke.LambdaForm$MH/0x0000022d46468400::invoke (42 bytes)

GC Heap History (14 events):
Event: 7.088 GC heap before
{Heap before GC invocations=0 (full 0):
 garbage-first heap   total reserved 1527808K, committed 96256K, used 24576K [0x00000000a2c00000, 0x0000000100000000)
  region size 1024K, 24 young (24576K), 0 survivors (0K)
 Metaspace       used 6609K, committed 6784K, reserved 1114112K
  class space    used 763K, committed 832K, reserved 1048576K
}
Event: 7.096 GC heap after
{Heap after GC invocations=1 (full 0):
 garbage-first heap   total reserved 1527808K, committed 96256K, used 8192K [0x00000000a2c00000, 0x0000000100000000)
  region size 1024K, 3 young (3072K), 3 survivors (3072K)
 Metaspace       used 6609K, committed 6784K, reserved 1114112K
  class space    used 763K, committed 832K, reserved 1048576K
}
Event: 7.890 GC heap before
{Heap before GC invocations=1 (full 0):
 garbage-first heap   total reserved 1527808K, committed 96256K, used 37888K [0x00000000a2c00000, 0x0000000100000000)
  region size 1024K, 32 young (32768K), 3 survivors (3072K)
 Metaspace       used 14347K, committed 14656K, reserved 1114112K
  class space    used 1910K, committed 2048K, reserved 1048576K
}
Event: 7.895 GC heap after
{Heap after GC invocations=2 (full 0):
 garbage-first heap   total reserved 1527808K, committed 96256K, used 10534K [0x00000000a2c00000, 0x0000000100000000)
  region size 1024K, 3 young (3072K), 3 survivors (3072K)
 Metaspace       used 14347K, committed 14656K, reserved 1114112K
  class space    used 1910K, committed 2048K, reserved 1048576K
}
Event: 8.526 GC heap before
{Heap before GC invocations=2 (full 0):
 garbage-first heap   total reserved 1527808K, committed 96256K, used 33062K [0x00000000a2c00000, 0x0000000100000000)
  region size 1024K, 27 young (27648K), 3 survivors (3072K)
 Metaspace       used 21175K, committed 21504K, reserved 1114112K
  class space    used 2711K, committed 2880K, reserved 1048576K
}
Event: 8.531 GC heap after
{Heap after GC invocations=3 (full 0):
 garbage-first heap   total reserved 1527808K, committed 96256K, used 12685K [0x00000000a2c00000, 0x0000000100000000)
  region size 1024K, 5 young (5120K), 5 survivors (5120K)
 Metaspace       used 21175K, committed 21504K, reserved 1114112K
  class space    used 2711K, committed 2880K, reserved 1048576K
}
Event: 9.315 GC heap before
{Heap before GC invocations=4 (full 0):
 garbage-first heap   total reserved 1527808K, committed 45056K, used 34189K [0x00000000a2c00000, 0x0000000100000000)
  region size 1024K, 26 young (26624K), 5 survivors (5120K)
 Metaspace       used 23557K, committed 23872K, reserved 1114112K
  class space    used 2983K, committed 3136K, reserved 1048576K
}
Event: 9.322 GC heap after
{Heap after GC invocations=5 (full 0):
 garbage-first heap   total reserved 1527808K, committed 45056K, used 15054K [0x00000000a2c00000, 0x0000000100000000)
  region size 1024K, 4 young (4096K), 4 survivors (4096K)
 Metaspace       used 23557K, committed 23872K, reserved 1114112K
  class space    used 2983K, committed 3136K, reserved 1048576K
}
Event: 9.778 GC heap before
{Heap before GC invocations=5 (full 0):
 garbage-first heap   total reserved 1527808K, committed 45056K, used 34510K [0x00000000a2c00000, 0x0000000100000000)
  region size 1024K, 23 young (23552K), 4 survivors (4096K)
 Metaspace       used 24962K, committed 25344K, reserved 1114112K
  class space    used 3148K, committed 3328K, reserved 1048576K
}
Event: 9.787 GC heap after
{Heap after GC invocations=6 (full 0):
 garbage-first heap   total reserved 1527808K, committed 45056K, used 16125K [0x00000000a2c00000, 0x0000000100000000)
  region size 1024K, 2 young (2048K), 2 survivors (2048K)
 Metaspace       used 24962K, committed 25344K, reserved 1114112K
  class space    used 3148K, committed 3328K, reserved 1048576K
}
Event: 10.473 GC heap before
{Heap before GC invocations=6 (full 0):
 garbage-first heap   total reserved 1527808K, committed 45056K, used 35581K [0x00000000a2c00000, 0x0000000100000000)
  region size 1024K, 21 young (21504K), 2 survivors (2048K)
 Metaspace       used 27577K, committed 27904K, reserved 1114112K
  class space    used 3542K, committed 3712K, reserved 1048576K
}
Event: 10.481 GC heap after
{Heap after GC invocations=7 (full 0):
 garbage-first heap   total reserved 1527808K, committed 45056K, used 17814K [0x00000000a2c00000, 0x0000000100000000)
  region size 1024K, 2 young (2048K), 2 survivors (2048K)
 Metaspace       used 27577K, committed 27904K, reserved 1114112K
  class space    used 3542K, committed 3712K, reserved 1048576K
}
Event: 11.163 GC heap before
{Heap before GC invocations=7 (full 0):
 garbage-first heap   total reserved 1527808K, committed 45056K, used 37270K [0x00000000a2c00000, 0x0000000100000000)
  region size 1024K, 21 young (21504K), 2 survivors (2048K)
 Metaspace       used 30813K, committed 31232K, reserved 1114112K
  class space    used 4017K, committed 4224K, reserved 1048576K
}
Event: 11.170 GC heap after
{Heap after GC invocations=8 (full 0):
 garbage-first heap   total reserved 1527808K, committed 45056K, used 19599K [0x00000000a2c00000, 0x0000000100000000)
  region size 1024K, 3 young (3072K), 3 survivors (3072K)
 Metaspace       used 30813K, committed 31232K, reserved 1114112K
  class space    used 4017K, committed 4224K, reserved 1048576K
}

Dll operation events (12 events):
Event: 0.019 Loaded shared library C:\Users\HARDIK\.jdks\openjdk-22.0.2\bin\java.dll
Event: 0.064 Loaded shared library C:\Users\HARDIK\.jdks\openjdk-22.0.2\bin\jsvml.dll
Event: 0.203 Loaded shared library C:\Users\HARDIK\.jdks\openjdk-22.0.2\bin\zip.dll
Event: 0.210 Loaded shared library C:\Users\HARDIK\.jdks\openjdk-22.0.2\bin\instrument.dll
Event: 0.218 Loaded shared library C:\Users\HARDIK\.jdks\openjdk-22.0.2\bin\net.dll
Event: 0.222 Loaded shared library C:\Users\HARDIK\.jdks\openjdk-22.0.2\bin\nio.dll
Event: 0.296 Loaded shared library C:\Users\HARDIK\.jdks\openjdk-22.0.2\bin\zip.dll
Event: 1.466 Loaded shared library C:\Users\HARDIK\.jdks\openjdk-22.0.2\bin\jimage.dll
Event: 6.318 Loaded shared library C:\Program Files\JetBrains\IntelliJ IDEA Community Edition 2024.1.4\bin\breakgen64.dll
Event: 6.332 Loaded shared library C:\Users\HARDIK\.jdks\openjdk-22.0.2\bin\extnet.dll
Event: 7.550 Loaded shared library C:\Users\HARDIK\.jdks\openjdk-22.0.2\bin\le.dll
Event: 8.572 Loaded shared library C:\Users\HARDIK\.jdks\openjdk-22.0.2\bin\sunmscapi.dll

Deoptimization events (20 events):
Event: 11.738 Thread 0x0000022d26f6f2f0 Uncommon trap: trap_request=0xffffffde fr.pc=0x0000022d38a1536c relative=0x0000000000000dac
Event: 11.738 Thread 0x0000022d26f6f2f0 Uncommon trap: reason=class_check action=maybe_recompile pc=0x0000022d38a1536c method=java.io.BufferedInputStream.implRead([BII)I @ 100 c2
Event: 11.738 Thread 0x0000022d26f6f2f0 DEOPT PACKING pc=0x0000022d38a1536c sp=0x000000d9b3afd360
Event: 11.738 Thread 0x0000022d26f6f2f0 DEOPT UNPACKING pc=0x0000022d382546a2 sp=0x000000d9b3afd2a8 mode 2
Event: 11.739 Thread 0x0000022d26f6f2f0 Uncommon trap: trap_request=0xffffffde fr.pc=0x0000022d38a1368c relative=0x0000000000000a2c
Event: 11.739 Thread 0x0000022d26f6f2f0 Uncommon trap: reason=class_check action=maybe_recompile pc=0x0000022d38a1368c method=java.io.BufferedInputStream.implRead([BII)I @ 100 c2
Event: 11.739 Thread 0x0000022d26f6f2f0 DEOPT PACKING pc=0x0000022d38a1368c sp=0x000000d9b3afd110
Event: 11.739 Thread 0x0000022d26f6f2f0 DEOPT UNPACKING pc=0x0000022d382546a2 sp=0x000000d9b3afd0f8 mode 2
Event: 11.776 Thread 0x0000022d26f6f2f0 Uncommon trap: trap_request=0xffffff76 fr.pc=0x0000022d38a3c284 relative=0x0000000000000424
Event: 11.776 Thread 0x0000022d26f6f2f0 Uncommon trap: reason=predicate action=maybe_recompile pc=0x0000022d38a3c284 method=java.util.AbstractCollection.toArray([Ljava/lang/Object;)[Ljava/lang/Object; @ 43 c2
Event: 11.776 Thread 0x0000022d26f6f2f0 DEOPT PACKING pc=0x0000022d38a3c284 sp=0x000000d9b3afdf10
Event: 11.776 Thread 0x0000022d26f6f2f0 DEOPT UNPACKING pc=0x0000022d382546a2 sp=0x000000d9b3afdeb8 mode 2
Event: 11.798 Thread 0x0000022d26f6f2f0 Uncommon trap: trap_request=0xffffffde fr.pc=0x0000022d38a08304 relative=0x0000000000004ae4
Event: 11.798 Thread 0x0000022d26f6f2f0 Uncommon trap: reason=class_check action=maybe_recompile pc=0x0000022d38a08304 method=org.springframework.beans.factory.support.AbstractBeanFactory.isSingleton(Ljava/lang/String;)Z @ 25 c2
Event: 11.798 Thread 0x0000022d26f6f2f0 DEOPT PACKING pc=0x0000022d38a08304 sp=0x000000d9b3afe910
Event: 11.798 Thread 0x0000022d26f6f2f0 DEOPT UNPACKING pc=0x0000022d382546a2 sp=0x000000d9b3afe7f0 mode 2
Event: 11.799 Thread 0x0000022d26f6f2f0 Uncommon trap: trap_request=0xffffff45 fr.pc=0x0000022d389d53bc relative=0x00000000000028fc
Event: 11.799 Thread 0x0000022d26f6f2f0 Uncommon trap: reason=unstable_if action=reinterpret pc=0x0000022d389d53bc method=org.springframework.beans.factory.support.DefaultListableBeanFactory.doGetBeanNamesForType(Lorg/springframework/core/ResolvableType;ZZ)[Ljava/lang/String; @ 172 c2
Event: 11.799 Thread 0x0000022d26f6f2f0 DEOPT PACKING pc=0x0000022d389d53bc sp=0x000000d9b3afe920
Event: 11.799 Thread 0x0000022d26f6f2f0 DEOPT UNPACKING pc=0x0000022d382546a2 sp=0x000000d9b3afe8f8 mode 2

Classes loaded (20 events):
Event: 11.735 Loading class java/util/function/ObjIntConsumer
Event: 11.735 Loading class java/util/function/ObjIntConsumer done
Event: 11.751 Loading class java/lang/classfile/ClassBuilder
Event: 11.752 Loading class java/lang/classfile/ClassFileBuilder
Event: 11.752 Loading class java/lang/classfile/ClassFileBuilder done
Event: 11.752 Loading class java/lang/classfile/ClassBuilder done
Event: 11.752 Loading class java/lang/classfile/ClassElement
Event: 11.753 Loading class java/lang/classfile/ClassFileElement
Event: 11.753 Loading class java/lang/classfile/ClassFileElement done
Event: 11.753 Loading class java/lang/classfile/ClassElement done
Event: 11.781 Loading class javax/management/MBeanRegistrationException
Event: 11.781 Loading class javax/management/MBeanException
Event: 11.781 Loading class javax/management/JMException
Event: 11.781 Loading class javax/management/JMException done
Event: 11.781 Loading class javax/management/MBeanException done
Event: 11.781 Loading class javax/management/MBeanRegistrationException done
Event: 11.781 Loading class javax/management/InstanceNotFoundException
Event: 11.781 Loading class javax/management/OperationsException
Event: 11.781 Loading class javax/management/OperationsException done
Event: 11.781 Loading class javax/management/InstanceNotFoundException done

Classes unloaded (0 events):
No events

Classes redefined (0 events):
No events

Internal exceptions (20 events):
Event: 10.925 Thread 0x0000022d26f6f2f0 Exception <a 'java/lang/NoSuchMethodError'{0x00000000a4bce528}: 'void java.lang.invoke.DelegatingMethodHandle$Holder.reinvoke_L(java.lang.Object, java.lang.Object, int)'> (0x00000000a4bce528) 
thrown [s\open\src\hotspot\share\interpreter\linkResolver.cpp, line 774]
Event: 11.041 Thread 0x0000022d26f6f2f0 Exception <a 'java/lang/NoSuchMethodError'{0x00000000a48fa540}: 'java.lang.Object java.lang.invoke.DirectMethodHandle$Holder.newInvokeSpecial(java.lang.Object, java.lang.Object, java.lang.Object, java.lang.Object, java.lang.Object, java.lang.Object, java.lang.Object, java.lang.Object, java.lang.Object)'> (0x00000000a48fa540) 
thrown [s\open\src\hotspot\share\interpreter\linkResolver.cpp, line 774]
Event: 11.120 Thread 0x0000022d26f6f2f0 Implicit null exception at 0x0000022d389f2bda to 0x0000022d389f2c9d
Event: 11.270 Thread 0x0000022d26f6f2f0 Exception <a 'java/lang/ArrayIndexOutOfBoundsException'{0x00000000a7091ad8}: Index 28 out of bounds for length 28> (0x00000000a7091ad8) 
thrown [s\open\src\hotspot\share\interpreter\interpreterRuntime.cpp, line 436]
Event: 11.273 Thread 0x0000022d26f6f2f0 Exception <a 'java/lang/ArrayIndexOutOfBoundsException'{0x00000000a70a5dc0}: Index 28 out of bounds for length 28> (0x00000000a70a5dc0) 
thrown [s\open\src\hotspot\share\interpreter\interpreterRuntime.cpp, line 436]
Event: 11.409 Thread 0x0000022d26f6f2f0 Exception <a 'java/lang/ArrayIndexOutOfBoundsException'{0x00000000a6d578f8}: Index 21 out of bounds for length 21> (0x00000000a6d578f8) 
thrown [s\open\src\hotspot\share\interpreter\interpreterRuntime.cpp, line 436]
Event: 11.409 Thread 0x0000022d26f6f2f0 Exception <a 'java/lang/ArrayIndexOutOfBoundsException'{0x00000000a6d58180}: Index 21 out of bounds for length 21> (0x00000000a6d58180) 
thrown [s\open\src\hotspot\share\interpreter\interpreterRuntime.cpp, line 436]
Event: 11.462 Thread 0x0000022d26f6f2f0 Exception <a 'java/lang/NoSuchMethodError'{0x00000000a51ac888}: 'int java.lang.invoke.DirectMethodHandle$Holder.invokeSpecialIFC(java.lang.Object, java.lang.Object, java.lang.Object)'> (0x00000000a51ac888) 
thrown [s\open\src\hotspot\share\interpreter\linkResolver.cpp, line 774]
Event: 11.535 Thread 0x0000022d26f6f2f0 Exception <a 'java/lang/NoSuchMethodError'{0x00000000a4fa6ca0}: 'java.lang.Object java.lang.invoke.DirectMethodHandle$Holder.invokeSpecialIFC(java.lang.Object, java.lang.Object, java.lang.Object)'> (0x00000000a4fa6ca0) 
thrown [s\open\src\hotspot\share\interpreter\linkResolver.cpp, line 774]
Event: 11.557 Thread 0x0000022d26f6f2f0 Exception <a 'java/lang/NoSuchMethodError'{0x00000000a4e36e88}: 'java.lang.Object java.lang.invoke.DirectMethodHandle$Holder.invokeVirtual(java.lang.Object, java.lang.Object, java.lang.Object, java.lang.Object, java.lang.Object)'> (0x00000000a4e36e88) 
thrown [s\open\src\hotspot\share\interpreter\linkResolver.cpp, line 774]
Event: 11.666 Thread 0x0000022d26f6f2f0 Implicit null exception at 0x0000022d389d962c to 0x0000022d389d9ee8
Event: 11.666 Thread 0x0000022d26f6f2f0 Exception <a 'java/lang/NoSuchMethodError'{0x00000000a4b0b1f8}: 'java.lang.reflect.Field[] java.lang.Class.getDeclaredFields(java.lang.Class)'> (0x00000000a4b0b1f8) 
thrown [s\open\src\hotspot\share\interpreter\linkResolver.cpp, line 774]
Event: 11.686 Thread 0x0000022d26f6f2f0 Exception <a 'java/lang/NoSuchMethodError'{0x00000000a4bc1c98}: 'java.lang.Object java.lang.invoke.DirectMethodHandle$Holder.invokeVirtual(java.lang.Object, java.lang.Object, java.lang.Object, java.lang.Object, java.lang.Object, java.lang.Object)'> (0x00000000a4bc1c98) 
thrown [s\open\src\hotspot\share\interpreter\linkResolver.cpp, line 774]
Event: 11.762 Thread 0x0000022d26f6f2f0 Exception <a 'java/lang/NoSuchMethodError'{0x00000000a48a34e8}: 'void java.lang.invoke.DirectMethodHandle$Holder.invokeInterface(java.lang.Object, java.lang.Object, int)'> (0x00000000a48a34e8) 
thrown [s\open\src\hotspot\share\interpreter\linkResolver.cpp, line 774]
Event: 11.770 Thread 0x0000022d26f6f2f0 Exception <a 'java/lang/IncompatibleClassChangeError'{0x00000000a48e5d00}: Found class java.lang.Object, but interface was expected> (0x00000000a48e5d00) 
thrown [s\open\src\hotspot\share\interpreter\linkResolver.cpp, line 841]
Event: 11.774 Thread 0x0000022d26f6f2f0 Exception <a 'java/lang/NoSuchMethodError'{0x00000000a47034c8}: 'void java.lang.invoke.DirectMethodHandle$Holder.invokeStatic(java.lang.Object, int, java.lang.Object)'> (0x00000000a47034c8) 
thrown [s\open\src\hotspot\share\interpreter\linkResolver.cpp, line 774]
Event: 11.783 Thread 0x0000022d26f6f2f0 Exception <a 'java/lang/NoSuchMethodError'{0x00000000a47527c8}: 'void java.lang.invoke.DirectMethodHandle$Holder.invokeStatic(java.lang.Object, java.lang.Object, java.lang.Object, int, java.lang.Object)'> (0x00000000a47527c8) 
thrown [s\open\src\hotspot\share\interpreter\linkResolver.cpp, line 774]
Event: 11.784 Thread 0x0000022d26f6f2f0 Exception <a 'java/lang/NoSuchMethodError'{0x00000000a4759208}: 'java.lang.Object java.lang.invoke.DirectMethodHandle$Holder.newInvokeSpecial(java.lang.Object, java.lang.Object, java.lang.Object, int)'> (0x00000000a4759208) 
thrown [s\open\src\hotspot\share\interpreter\linkResolver.cpp, line 774]
Event: 11.785 Thread 0x0000022d26f6f2f0 Exception <a 'java/lang/NoSuchMethodError'{0x00000000a475d0a8}: 'java.lang.Object java.lang.invoke.DirectMethodHandle$Holder.invokeSpecial(java.lang.Object, java.lang.Object, java.lang.Object, java.lang.Object, int)'> (0x00000000a475d0a8) 
thrown [s\open\src\hotspot\share\interpreter\linkResolver.cpp, line 774]
Event: 11.785 Thread 0x0000022d26f6f2f0 Exception <a 'java/lang/NoSuchMethodError'{0x00000000a4760530}: 'java.lang.Object java.lang.invoke.Invokers$Holder.linkToTargetMethod(java.lang.Object, java.lang.Object, int, java.lang.Object)'> (0x00000000a4760530) 
thrown [s\open\src\hotspot\share\interpreter\linkResolver.cpp, line 774]

ZGC Phase Switch (0 events):
No events

VM Operations (20 events):
Event: 10.676 Executing VM operation: HandshakeAllThreads (Deoptimize) done
Event: 10.681 Executing VM operation: HandshakeAllThreads (Deoptimize)
Event: 10.681 Executing VM operation: HandshakeAllThreads (Deoptimize) done
Event: 10.938 Executing VM operation: HandshakeAllThreads (Deoptimize)
Event: 10.938 Executing VM operation: HandshakeAllThreads (Deoptimize) done
Event: 10.961 Executing VM operation: HandshakeAllThreads (Deoptimize)
Event: 10.961 Executing VM operation: HandshakeAllThreads (Deoptimize) done
Event: 10.969 Executing VM operation: ICBufferFull
Event: 10.969 Executing VM operation: ICBufferFull done
Event: 11.163 Executing VM operation: G1CollectForAllocation (G1 Evacuation Pause)
Event: 11.170 Executing VM operation: G1CollectForAllocation (G1 Evacuation Pause) done
Event: 11.265 Executing VM operation: HandshakeAllThreads (Deoptimize)
Event: 11.265 Executing VM operation: HandshakeAllThreads (Deoptimize) done
Event: 11.280 Executing VM operation: HandshakeAllThreads (Deoptimize)
Event: 11.280 Executing VM operation: HandshakeAllThreads (Deoptimize) done
Event: 11.473 Executing VM operation: HandshakeAllThreads (Deoptimize)
Event: 11.473 Executing VM operation: HandshakeAllThreads (Deoptimize) done
Event: 11.691 Executing VM operation: ICBufferFull
Event: 11.691 Executing VM operation: ICBufferFull done
Event: 12.700 Executing VM operation: Cleanup

Memory protections (0 events):
No events

Nmethod flushes (0 events):
No events

Events (20 events):
Event: 0.062 Thread 0x0000022d26f6f2f0 Thread added: 0x0000022d44eed1d0
Event: 0.062 Thread 0x0000022d26f6f2f0 Thread added: 0x0000022d44eeb260
Event: 0.062 Thread 0x0000022d26f6f2f0 Thread added: 0x0000022d44efdd80
Event: 0.063 Thread 0x0000022d26f6f2f0 Thread added: 0x0000022d44f04180
Event: 0.063 Thread 0x0000022d26f6f2f0 Thread added: 0x0000022d44f36850
Event: 0.173 Thread 0x0000022d26f6f2f0 Thread added: 0x0000022d44efe410
Event: 1.497 Thread 0x0000022d44f36850 Thread added: 0x0000022d8a3fe400
Event: 2.196 Thread 0x0000022d8a3fe400 Thread exited: 0x0000022d8a3fe400
Event: 6.319 Thread 0x0000022d26f6f2f0 Thread added: 0x0000022d44efc9d0
Event: 6.319 Thread 0x0000022d26f6f2f0 Thread added: 0x0000022d44efeaa0
Event: 6.471 Thread 0x0000022d44f36850 Thread added: 0x0000022d8a86caf0
Event: 6.471 Thread 0x0000022d44f36850 Thread added: 0x0000022d8a86d1b0
Event: 6.779 Thread 0x0000022d8a86d1b0 Thread exited: 0x0000022d8a86d1b0
Event: 7.514 Thread 0x0000022d26f6f2f0 Thread added: 0x0000022d44eff130
Event: 7.619 Thread 0x0000022d44f36850 Thread added: 0x0000022d8b4713b0
Event: 8.250 Thread 0x0000022d8b4713b0 Thread exited: 0x0000022d8b4713b0
Event: 8.545 Thread 0x0000022d44f04180 Thread added: 0x0000022d8b740cb0
Event: 8.578 Thread 0x0000022d44eff130 Thread exited: 0x0000022d44eff130
Event: 8.875 Thread 0x0000022d26f6f2f0 Thread added: 0x0000022d44efd060
Event: 8.970 Thread 0x0000022d44efd060 Thread exited: 0x0000022d44efd060


Dynamic libraries:
0x00007ff6a5710000 - 0x00007ff6a571e000 	C:\Users\HARDIK\.jdks\openjdk-22.0.2\bin\java.exe
0x00007ffae2e00000 - 0x00007ffae3067000 	C:\WINDOWS\SYSTEM32\ntdll.dll
0x00007ffae1460000 - 0x00007ffae1529000 	C:\WINDOWS\System32\KERNEL32.DLL
0x00007ffae07a0000 - 0x00007ffae0b91000 	C:\WINDOWS\System32\KERNELBASE.dll
0x00007ffadf7a0000 - 0x00007ffadf8eb000 	C:\WINDOWS\System32\ucrtbase.dll
0x00007ffaa65d0000 - 0x00007ffaa65eb000 	C:\Users\HARDIK\.jdks\openjdk-22.0.2\bin\VCRUNTIME140.dll
0x00007ffaa65f0000 - 0x00007ffaa6607000 	C:\Users\HARDIK\.jdks\openjdk-22.0.2\bin\jli.dll
0x00007ffae15a0000 - 0x00007ffae1765000 	C:\WINDOWS\System32\USER32.dll
0x00007ffadf770000 - 0x00007ffadf797000 	C:\WINDOWS\System32\win32u.dll
0x00007ffaccb90000 - 0x00007ffacce23000 	C:\WINDOWS\WinSxS\amd64_microsoft.windows.common-controls_6595b64144ccf1df_6.0.26100.8037_none_3e092faae333b53b\COMCTL32.dll
0x00007ffae0c30000 - 0x00007ffae0cd9000 	C:\WINDOWS\System32\msvcrt.dll
0x00007ffae1a20000 - 0x00007ffae1a4b000 	C:\WINDOWS\System32\GDI32.dll
0x00007ffadfe00000 - 0x00007ffadff2b000 	C:\WINDOWS\System32\gdi32full.dll
0x00007ffadfa60000 - 0x00007ffadfb03000 	C:\WINDOWS\System32\msvcp_win.dll
0x00007ffae2490000 - 0x00007ffae24c1000 	C:\WINDOWS\System32\IMM32.DLL
0x00007ffab29f0000 - 0x00007ffab29fc000 	C:\Users\HARDIK\.jdks\openjdk-22.0.2\bin\vcruntime140_1.dll
0x00007ffaa6520000 - 0x00007ffaa65ae000 	C:\Users\HARDIK\.jdks\openjdk-22.0.2\bin\msvcp140.dll
0x00007ffa46500000 - 0x00007ffa47249000 	C:\Users\HARDIK\.jdks\openjdk-22.0.2\bin\server\jvm.dll
0x00007ffae1960000 - 0x00007ffae1a1b000 	C:\WINDOWS\System32\ADVAPI32.dll
0x00007ffae23d0000 - 0x00007ffae2477000 	C:\WINDOWS\System32\sechost.dll
0x00007ffae1340000 - 0x00007ffae1458000 	C:\WINDOWS\System32\RPCRT4.dll
0x00007ffae1770000 - 0x00007ffae17e4000 	C:\WINDOWS\System32\WS2_32.dll
0x00007ffadf540000 - 0x00007ffadf59e000 	C:\WINDOWS\SYSTEM32\POWRPROF.dll
0x00007ffad91d0000 - 0x00007ffad9205000 	C:\WINDOWS\SYSTEM32\WINMM.dll
0x00007ffad8f90000 - 0x00007ffad8f9b000 	C:\WINDOWS\SYSTEM32\VERSION.dll
0x00007ffadf520000 - 0x00007ffadf534000 	C:\WINDOWS\SYSTEM32\UMPDC.dll
0x00007ffade430000 - 0x00007ffade44b000 	C:\WINDOWS\SYSTEM32\kernel.appcore.dll
0x00007ffab2890000 - 0x00007ffab289a000 	C:\Users\HARDIK\.jdks\openjdk-22.0.2\bin\jimage.dll
0x00007ffad3740000 - 0x00007ffad3982000 	C:\WINDOWS\SYSTEM32\DBGHELP.DLL
0x00007ffae2520000 - 0x00007ffae28a2000 	C:\WINDOWS\System32\combase.dll
0x00007ffae1870000 - 0x00007ffae1947000 	C:\WINDOWS\System32\OLEAUT32.dll
0x00007ffacaea0000 - 0x00007ffacaedb000 	C:\WINDOWS\SYSTEM32\dbgcore.DLL
0x00007ffadf9b0000 - 0x00007ffadfa55000 	C:\WINDOWS\System32\bcryptPrimitives.dll
0x00007ffab1290000 - 0x00007ffab129f000 	C:\Users\HARDIK\.jdks\openjdk-22.0.2\bin\instrument.dll
0x00007ffaa6500000 - 0x00007ffaa651e000 	C:\Users\HARDIK\.jdks\openjdk-22.0.2\bin\java.dll
0x00007ffae1b00000 - 0x00007ffae225f000 	C:\WINDOWS\System32\SHELL32.dll
0x00007ffadfc90000 - 0x00007ffadfdfa000 	C:\WINDOWS\System32\wintypes.dll
0x00007ffae28b0000 - 0x00007ffae2a45000 	C:\WINDOWS\System32\ole32.dll
0x00007ffadff30000 - 0x00007ffae0794000 	C:\WINDOWS\System32\windows.storage.dll
0x00007ffae1180000 - 0x00007ffae1277000 	C:\WINDOWS\System32\SHCORE.dll
0x00007ffae1530000 - 0x00007ffae1597000 	C:\WINDOWS\System32\shlwapi.dll
0x00007ffadf600000 - 0x00007ffadf629000 	C:\WINDOWS\SYSTEM32\profapi.dll
0x00007ffaa6420000 - 0x00007ffaa64f7000 	C:\Users\HARDIK\.jdks\openjdk-22.0.2\bin\jsvml.dll
0x00007ffaa63e0000 - 0x00007ffaa63f7000 	C:\Users\HARDIK\.jdks\openjdk-22.0.2\bin\zip.dll
0x00007ffab1fc0000 - 0x00007ffab1fd0000 	C:\Users\HARDIK\.jdks\openjdk-22.0.2\bin\net.dll
0x00007ffade980000 - 0x00007ffade9eb000 	C:\WINDOWS\system32\mswsock.dll
0x00007ffaa6400000 - 0x00007ffaa6416000 	C:\Users\HARDIK\.jdks\openjdk-22.0.2\bin\nio.dll
0x00007ffaad5e0000 - 0x00007ffaad5fa000 	C:\Program Files\JetBrains\IntelliJ IDEA Community Edition 2024.1.4\bin\breakgen64.dll
0x00007ffab12c0000 - 0x00007ffab12c9000 	C:\Users\HARDIK\.jdks\openjdk-22.0.2\bin\extnet.dll
0x00007ffaac650000 - 0x00007ffaac65b000 	C:\Users\HARDIK\.jdks\openjdk-22.0.2\bin\le.dll
0x00007ffaa5ed0000 - 0x00007ffaa5ede000 	C:\Users\HARDIK\.jdks\openjdk-22.0.2\bin\sunmscapi.dll
0x00007ffadfb10000 - 0x00007ffadfc87000 	C:\WINDOWS\System32\CRYPT32.dll
0x00007ffadeee0000 - 0x00007ffadef10000 	C:\WINDOWS\SYSTEM32\ncrypt.dll
0x00007ffadee90000 - 0x00007ffadeecf000 	C:\WINDOWS\SYSTEM32\NTASN1.dll

dbghelp: loaded successfully - version: 4.0.5 - missing functions: none
symbol engine: initialized successfully - sym options: 0x614 - pdb path: .;C:\Users\HARDIK\.jdks\openjdk-22.0.2\bin;C:\WINDOWS\SYSTEM32;C:\WINDOWS\WinSxS\amd64_microsoft.windows.common-controls_6595b64144ccf1df_6.0.26100.8037_none_3e092faae333b53b;C:\Users\HARDIK\.jdks\openjdk-22.0.2\bin\server;C:\Program Files\JetBrains\IntelliJ IDEA Community Edition 2024.1.4\bin

VM Arguments:
jvm_args: -javaagent:C:\Program Files\JetBrains\IntelliJ IDEA Community Edition 2024.1.4\lib\idea_rt.jar=6590:C:\Program Files\JetBrains\IntelliJ IDEA Community Edition 2024.1.4\bin -Dfile.encoding=UTF-8 -Dsun.stdout.encoding=UTF-8 -Dsun.stderr.encoding=UTF-8 
java_command: com.avin.HotelBookingApplication.HotelBookingApplication
java_class_path (initial): C:\Users\HARDIK\Desktop\Hotel-Booking-application-using-ReactJS-and-SpringBoot\backend\HotelBookingApplication\target\classes;C:\Users\HARDIK\.m2\repository\org\springframework\boot\spring-boot-starter-actuator\3.3.0\spring-boot-starter-actuator-3.3.0.jar;C:\Users\HARDIK\.m2\repository\org\springframework\boot\spring-boot-starter\3.3.0\spring-boot-starter-3.3.0.jar;C:\Users\HARDIK\.m2\repository\org\springframework\boot\spring-boot\3.3.0\spring-boot-3.3.0.jar;C:\Users\HARDIK\.m2\repository\org\springframework\boot\spring-boot-autoconfigure\3.3.0\spring-boot-autoconfigure-3.3.0.jar;C:\Users\HARDIK\.m2\repository\org\springframework\boot\spring-boot-starter-logging\3.3.0\spring-boot-starter-logging-3.3.0.jar;C:\Users\HARDIK\.m2\repository\ch\qos\logback\logback-classic\1.5.6\logback-classic-1.5.6.jar;C:\Users\HARDIK\.m2\repository\ch\qos\logback\logback-core\1.5.6\logback-core-1.5.6.jar;C:\Users\HARDIK\.m2\repository\org\apache\logging\log4j\log4j-to-slf4j\2.23.1\log4j-to-slf4j-2.23.1.jar;C:\Users\HARDIK\.m2\repository\org\apache\logging\log4j\log4j-api\2.23.1\log4j-api-2.23.1.jar;C:\Users\HARDIK\.m2\repository\org\slf4j\jul-to-slf4j\2.0.13\jul-to-slf4j-2.0.13.jar;C:\Users\HARDIK\.m2\repository\jakarta\annotation\jakarta.annotation-api\2.1.1\jakarta.annotation-api-2.1.1.jar;C:\Users\HARDIK\.m2\repository\org\yaml\snakeyaml\2.2\snakeyaml-2.2.jar;C:\Users\HARDIK\.m2\repository\org\springframework\boot\spring-boot-actuator-autoconfigure\3.3.0\spring-boot-actuator-autoconfigure-3.3.0.jar;C:\Users\HARDIK\.m2\repository\org\springframework\boot\spring-boot-actuator\3.3.0\spring-boot-actuator-3.3.0.jar;C:\Users\HARDIK\.m2\repository\com\fasterxml\jackson\datatype\jackson-datatype-jsr310\2.17.1\jackson-datatype-jsr310-2.17.1.jar;C:\Users\HARDIK\.m2\repository\io\micrometer\micrometer-observation\1.13.0\micrometer-observation-1.13.0.jar;C:\Users\HARDIK\.m2\repository\io\micrometer\micrometer-commons\1.13.0\micrometer-commons-1.13.0.jar;C:\Users\HARDIK\.m2\repository\io\micrometer\micrometer-jakarta9\1.13.0\micrometer-jakarta9-1.13.0.jar;C:\Users\HARDIK\.m2\repository\io\micrometer\micrometer-core\1.13.0\micrometer-core-1.13.0.jar;C:\Users\HARDIK\.m2\repository\org\hdrhistogram\HdrHistogram\2.2.1\HdrHistogram-2.2.1.jar;C:\Users\HARDIK\.m2\repository\org\latencyutils\LatencyUtils\2.0.3\LatencyUtils-2.0.3.jar;C:\Users\HARDIK\.m2\repository\org\springframework\boot\spring-boot-starter-data-jpa\3.3.0\spring-boot-starter-data-jpa-3.3.0.jar;C:\Users\HARDIK\.m2\repository\org\springframework\boot\spring-boot-starter-aop\3.3.0\spring-boot-starter-aop-3.3.0.jar;C:\Users\HARDIK\.m2\repository\org\aspectj\aspectjweaver\1.9.22\aspectjweaver-1.9.22.jar;C:\Users\HARDIK\.m2\repository\org\springframework\boot\spring-boot-starter-jdbc\3.3.0\spring-boot-starter-jdbc-3.3.0.jar;C:\Users\HARDIK\.m2\repository\com\zaxxer\HikariCP\5.1.0\HikariCP-5.1.0.jar;C:\Users\HARDIK\.m2\repository\org\springframework\spring-jdbc\6.1.8\spring-jdbc-6.1.8.jar;C:\Users\HARDIK\.m2\repository\org\hibernate\orm\hibernate-core\6.5.2.Final\hibernate-core-6.5.2.Final.jar;C:\Users\HARDIK\.m2\repository\jakarta\persistence\jakarta.persistence-api\3.1.0\jakarta.persistence-api-3.1.0.jar;C:\Users\HARDIK\.m2\repository\jakarta\transaction\jakarta.transaction-api\2.0.1\jakarta.transaction-api-2.0.1.jar;C:\Users\HARDIK\.m2\repository\org\jboss\logging\jboss-logging\3.5.3.Final\jboss-logging-3.5.3.Final.jar;C:\Users\HARDIK\.m2\repository\org\hibernate\common\hibernate-commons-annotations\6.0.6.Final\hibernate-commons-annotations-6.0.6.Final.jar;C:\Users\HARDIK\.m2\repository\io\smallrye\jandex\3.1.2\jandex-3.1.2.jar;C:\Users\HARDIK\.m2\repository\com\fasterxml\classmate\1.7.0\classmate-1.7.0.jar;C:\Users\HARDIK\.m2\repository\net\bytebuddy\byte-buddy\1.14.16\byte-buddy-1.14.16.jar;C:\Users\HARDIK\.m2\repository\org\glassfish\jaxb\jaxb-runtime\4.0.5\jaxb-runtime-4.0.5.jar;C:\Users\HARDIK\.m2\repository\org\glassfish\jaxb\jaxb-core\4.0.5\jaxb-core-4.0.5.jar;C:\Users\HARDIK\.m2\repository\org\eclipse\angus\angus-activation\2.0.2\angus-activation-2.0.2.jar;C:\Users\HARDIK\.m2\repository\org\glassfish\jaxb\txw2\4.0.5\txw2-4.0.5.jar;C:\Users\HARDIK\.m2\repository\com\sun\istack\istack-commons-runtime\4.1.2\istack-commons-runtime-4.1.2.jar;C:\Users\HARDIK\.m2\repository\jakarta\inject\jakarta.inject-api\2.0.1\jakarta.inject-api-2.0.1.jar;C:\Users\HARDIK\.m2\repository\org\antlr\antlr4-runtime\4.13.0\antlr4-runtime-4.13.0.jar;C:\Users\HARDIK\.m2\repository\org\springframework\data\spring-data-jpa\3.3.0\spring-data-jpa-3.3.0.jar;C:\Users\HARDIK\.m2\repository\org\springframework\data\spring-data-commons\3.3.0\spring-data-commons-3.3.0.jar;C:\Users\HARDIK\.m2\repository\org\springframework\spring-orm\6.1.8\spring-orm-6.1.8.jar;C:\Users\HARDIK\.m2\repository\org\springframework\spring-context\6.1.8\spring-context-6.1.8.jar;C:\Users\HARDIK\.m2\repository\org\springframework\spring-tx\6.1.8\spring-tx-6.1.8.jar;C:\Users\HARDIK\.m2\repository\org\springframework\spring-beans\6.1.8\spring-beans-6.1.8.jar;C:\Users\HARDIK\.m2\repository\org\slf4j\slf4j-api\2.0.13\slf4j-api-2.0.13.jar;C:\Users\HARDIK\.m2\repository\org\springframework\spring-aspects\6.1.8\spring-aspects-6.1.8.jar;C:\Users\HARDIK\.m2\repository\org\springframework\boot\spring-boot-starter-web\3.3.0\spring-boot-starter-web-3.3.0.jar;C:\Users\HARDIK\.m2\repository\org\springframework\boot\spring-boot-starter-json\3.3.0\spring-boot-starter-json-3.3.0.jar;C:\Users\HARDIK\.m2\repository\com\fasterxml\jackson\datatype\jackson-datatype-jdk8\2.17.1\jackson-datatype-jdk8-2.17.1.jar;C:\Users\HARDIK\.m2\repository\com\fasterxml\jackson\module\jackson-module-parameter-names\2.17.1\jackson-module-parameter-names-2.17.1.jar;C:\Users\HARDIK\.m2\repository\org\springframework\boot\spring-boot-starter-tomcat\3.3.0\spring-boot-starter-tomcat-3.3.0.jar;C:\Users\HARDIK\.m2\repository\org\apache\tomcat\embed\tomcat-embed-core\10.1.24\tomcat-embed-core-10.1.24.jar;C:\Users\HARDIK\.m2\repository\org\apache\tomcat\embed\tomcat-embed-websocket\10.1.24\tomcat-embed-websocket-10.1.24.jar;C:\Users\HARDIK\.m2\repository\org\springframework\spring-web\6.1.8\spring-web-6.1.8.jar;C:\Users\HARDIK\.m2\repository\org\springframework\spring-webmvc\6.1.8\spring-webmvc-6.1.8.jar;C:\Users\HARDIK\.m2\repository\org\springframework\spring-expression\6.1.8\spring-expression-6.1.8.jar;C:\Users\HARDIK\.m2\repository\org\springframework\boot\spring-boot-starter-security\3.3.0\spring-boot-starter-security-3.3.0.jar;C:\Users\HARDIK\.m2\repository\org\springframework\spring-aop\6.1.8\spring-aop-6.1.8.jar;C:\Users\HARDIK\.m2\repository\org\springframework\security\spring-security-config\6.3.0\spring-security-config-6.3.0.jar;C:\Users\HARDIK\.m2\repository\org\springframework\security\spring-security-core\6.3.0\spring-security-core-6.3.0.jar;C:\Users\HARDIK\.m2\repository\org\springframework\security\spring-security-crypto\6.3.0\spring-security-crypto-6.3.0.jar;C:\Users\HARDIK\.m2\repository\org\springframework\security\spring-security-web\6.3.0\spring-security-web-6.3.0.jar;C:\Users\HARDIK\.m2\repository\org\springframework\boot\spring-boot-starter-validation\3.3.0\spring-boot-starter-validation-3.3.0.jar;C:\Users\HARDIK\.m2\repository\org\apache\tomcat\embed\tomcat-embed-el\10.1.24\tomcat-embed-el-10.1.24.jar;C:\Users\HARDIK\.m2\repository\org\hibernate\validator\hibernate-validator\8.0.1.Final\hibernate-validator-8.0.1.Final.jar;C:\Users\HARDIK\.m2\repository\jakarta\validation\jakarta.validation-api\3.0.2\jakarta.validation-api-3.0.2.jar;C:\Users\HARDIK\.m2\repository\com\mysql\mysql-connector-j\8.3.0\mysql-connector-j-8.3.0.jar;C:\Users\HARDIK\.m2\repository\org\projectlombok\lombok\1.18.32\lombok-1.18.32.jar;C:\Users\HARDIK\.m2\repository\com\fasterxml\jackson\core\jackson-databind\2.15.2\jackson-databind-2.15.2.jar;C:\Users\HARDIK\.m2\repository\com\fasterxml\jackson\core\jackson-annotations\2.17.1\jackson-annotations-2.17.1.jar;C:\Users\HARDIK\.m2\repository\com\fasterxml\jackson\core\jackson-core\2.17.1\jackson-core-2.17.1.jar;C:\Users\HARDIK\.m2\repository\org\apache\commons\commons-lang3\3.12.0\commons-lang3-3.12.0.jar;C:\Users\HARDIK\.m2\repository\commons-fileupload\commons-fileupload\1.3.3\commons-fileupload-1.3.3.jar;C:\Users\HARDIK\.m2\repository\commons-io\commons-io\2.5\commons-io-2.5.jar;C:\Users\HARDIK\.m2\repository\org\springframework\boot\spring-boot-configuration-processor\3.3.0\spring-boot-configuration-processor-3.3.0.jar;C:\Users\HARDIK\.m2\repository\io\jsonwebtoken\jjwt-api\0.11.5\jjwt-api-0.11.5.jar;C:\Users\HARDIK\.m2\repository\io\jsonwebtoken\jjwt-impl\0.11.5\jjwt-impl-0.11.5.jar;C:\Users\HARDIK\.m2\repository\io\jsonwebtoken\jjwt-jackson\0.11.5\jjwt-jackson-0.11.5.jar;C:\Users\HARDIK\.m2\repository\jakarta\xml\bind\jakarta.xml.bind-api\4.0.2\jakarta.xml.bind-api-4.0.2.jar;C:\Users\HARDIK\.m2\repository\jakarta\activation\jakarta.activation-api\2.1.3\jakarta.activation-api-2.1.3.jar;C:\Users\HARDIK\.m2\repository\org\springframework\spring-core\6.1.8\spring-core-6.1.8.jar;C:\Users\HARDIK\.m2\repository\org\springframework\spring-jcl\6.1.8\spring-jcl-6.1.8.jar
Launcher Type: SUN_STANDARD

[Global flags]
     intx CICompilerCount                          = 4                                         {product} {ergonomic}
     uint ConcGCThreads                            = 2                                         {product} {ergonomic}
     uint G1ConcRefinementThreads                  = 8                                         {product} {ergonomic}
   size_t G1HeapRegionSize                         = 1048576                                   {product} {ergonomic}
   size_t InitialHeapSize                          = 98566144                                  {product} {ergonomic}
   size_t MarkStackSize                            = 4194304                                   {product} {ergonomic}
   size_t MaxHeapSize                              = 1564475392                                {product} {ergonomic}
   size_t MaxNewSize                               = 938475520                                 {product} {ergonomic}
   size_t MinHeapDeltaBytes                        = 1048576                                   {product} {ergonomic}
   size_t MinHeapSize                              = 8388608                                   {product} {ergonomic}
    uintx NonNMethodCodeHeapSize                   = 5839372                                {pd product} {ergonomic}
    uintx NonProfiledCodeHeapSize                  = 122909434                              {pd product} {ergonomic}
    uintx ProfiledCodeHeapSize                     = 122909434                              {pd product} {ergonomic}
    uintx ReservedCodeCacheSize                    = 251658240                              {pd product} {ergonomic}
     bool SegmentedCodeCache                       = true                                      {product} {ergonomic}
   size_t SoftMaxHeapSize                          = 1564475392                             {manageable} {ergonomic}
     bool UseCompressedOops                        = true                           {product lp64_product} {ergonomic}
     bool UseG1GC                                  = true                                      {product} {ergonomic}
     bool UseLargePagesIndividualAllocation        = false                                  {pd product} {ergonomic}

Logging:
Log output configuration:
 #0: stdout all=warning uptime,level,tags foldmultilines=false
 #1: stderr all=off uptime,level,tags foldmultilines=false

Environment Variables:
PATH=C:\app\HARDIK\product\21c\dbhomeXE\bin;C:\WINDOWS\system32;C:\WINDOWS;C:\WINDOWS\System32\Wbem;C:\WINDOWS\System32\WindowsPowerShell\v1.0\;C:\WINDOWS\System32\OpenSSH\;C:\Program Files\Git\cmd;C:\Program Files\nodejs\;C:\Users\HARDIK\AppData\Local\Programs\Python\Python313\Scripts\;C:\Users\HARDIK\AppData\Local\Programs\Python\Python313\;C:\Users\HARDIK\AppData\Local\Programs\Python\Launcher\;C:\Users\HARDIK\AppData\Local\Microsoft\WindowsApps;C:\Users\HARDIK\AppData\Local\Programs\Microsoft VS Code\bin;C:\Users\HARDIK\AppData\Roaming\npm;
USERNAME=HARDIK
OS=Windows_NT
PROCESSOR_IDENTIFIER=AMD64 Family 23 Model 160 Stepping 0, AuthenticAMD
TMP=C:\Users\HARDIK\AppData\Local\Temp
TEMP=C:\Users\HARDIK\AppData\Local\Temp




Periodic native trim disabled

---------------  S Y S T E M  ---------------

OS:
 Windows 11 , 64 bit Build 26100 (10.0.26100.7920)
OS uptime: 0 days 0:15 hours
Hyper-V role detected

CPU: total 8 (initial active 8) (8 cores per cpu, 2 threads per core) family 23 model 160 stepping 0 microcode 0x8a00009, cx8, cmov, fxsr, ht, mmx, 3dnowpref, sse, sse2, sse3, ssse3, sse4a, sse4.1, sse4.2, popcnt, lzcnt, tsc, tscinvbit, avx, avx2, aes, clmul, bmi1, bmi2, adx, sha, fma, vzeroupper, clflush, clflushopt, hv, rdtscp, rdpid, f16c
Processor Information for all 8 processors :
  Max Mhz: 2401, Current Mhz: 2401, Mhz Limit: 2401

Memory: 4k page, system-wide physical 5965M (555M free)
TotalPageFile size 14157M (AvailPageFile size 24M)
current process WorkingSet (physical memory assigned to process): 206M, peak: 206M
current process commit charge ("private bytes"): 242M, peak: 242M

vm_info: OpenJDK 64-Bit Server VM (22.0.2+9-70) for windows-amd64 JRE (22.0.2+9-70), built on 2024-06-04T16:52:23Z by "mach5one" with MS VC++ 17.6 (VS2022)

END.
