#
# There is insufficient memory for the Java Runtime Environment to continue.
# Native memory allocation (malloc) failed to allocate 2967904 bytes. Error detail: Chunk::new
# Possible reasons:
#   The system is out of physical RAM or swap space
#   This process is running with CompressedOops enabled, and the Java Heap may be blocking the growth of the native heap
# Possible solutions:
#   Reduce memory load on the system
#   Increase physical memory or swap space
#   Check if swap backing store is full
#   Decrease Java heap size (-Xmx/-Xms)
#   Decrease number of Java threads
#   Decrease Java thread stack sizes (-Xss)
#   Set larger code cache with -XX:ReservedCodeCacheSize=
#   JVM is running with Unscaled Compressed Oops mode in which the Java heap is
#     placed in the first 4GB address space. The Java Heap base address is the
#     maximum limit for the native heap growth. Please use -XX:HeapBaseMinAddress
#     to set the Java Heap base and to place the Java Heap above 4GB virtual address.
# This output file may be truncated or incomplete.
#
#  Out of Memory Error (arena.cpp:150), pid=8656, tid=14912
#
# JRE version: OpenJDK Runtime Environment (22.0.2+9) (build 22.0.2+9-70)
# Java VM: OpenJDK 64-Bit Server VM (22.0.2+9-70, mixed mode, sharing, tiered, compressed oops, compressed class ptrs, g1 gc, windows-amd64)
# No core dump will be written. Minidumps are not enabled by default on client versions of Windows
#

---------------  S U M M A R Y ------------

Command Line: -javaagent:C:\Program Files\JetBrains\IntelliJ IDEA Community Edition 2024.1.4\lib\idea_rt.jar=3774:C:\Program Files\JetBrains\IntelliJ IDEA Community Edition 2024.1.4\bin -Dfile.encoding=UTF-8 -Dsun.stdout.encoding=UTF-8 -Dsun.stderr.encoding=UTF-8 com.avin.HotelBookingApplication.HotelBookingApplication

Host: AMD Ryzen 3 7320U with Radeon Graphics         , 8 cores, 5G,  Windows 11 , 64 bit Build 26100 (10.0.26100.7920)
Time: Wed Jun  3 16:17:22 2026 India Standard Time elapsed time: 9.204259 seconds (0d 0h 0m 9s)

---------------  T H R E A D  ---------------

Current thread (0x000001677cc3d0e0):  JavaThread "C2 CompilerThread0" daemon [_thread_in_native, id=14912, stack(0x0000002db7e00000,0x0000002db7f00000) (1024K)]


Current CompileTask:
C2:9204 4785       4       org.springframework.core.annotation.AnnotationsScanner::process (55 bytes)

Stack: [0x0000002db7e00000,0x0000002db7f00000]
Native frames: (J=compiled Java code, j=interpreted, Vv=VM code, C=native code)
V  [jvm.dll+0x6e26e9]  (no source info available)
V  [jvm.dll+0x875753]  (no source info available)
V  [jvm.dll+0x877b7e]  (no source info available)
V  [jvm.dll+0x878253]  (no source info available)
V  [jvm.dll+0x27fc86]  (no source info available)
V  [jvm.dll+0xc3d0f]  (no source info available)
V  [jvm.dll+0xc3f6b]  (no source info available)
V  [jvm.dll+0x3bb47c]  (no source info available)
V  [jvm.dll+0x1df6ae]  (no source info available)
V  [jvm.dll+0x24793c]  (no source info available)
V  [jvm.dll+0x246e9f]  (no source info available)
V  [jvm.dll+0x1c4e80]  (no source info available)
V  [jvm.dll+0x2568f3]  (no source info available)
V  [jvm.dll+0x254baa]  (no source info available)
V  [jvm.dll+0x3f57a6]  (no source info available)
V  [jvm.dll+0x81dc0b]  (no source info available)
V  [jvm.dll+0x6e0d85]  (no source info available)
C  [ucrtbase.dll+0x37b0]  (no source info available)
C  [KERNEL32.DLL+0x2e8d7]  (no source info available)
C  [ntdll.dll+0x8c48c]  (no source info available)


---------------  P R O C E S S  ---------------

Threads class SMR info:
_java_thread_list=0x00000167473c5ee0, length=14, elements={
0x000001675ec7f190, 0x000001677cc22800, 0x000001677cc23460, 0x000001677cc26640,
0x000001677cc290b0, 0x000001677cc32690, 0x000001677cc393d0, 0x000001677cc3d0e0,
0x000001677cc403b0, 0x00000167451d6c40, 0x00000167451d72d0, 0x00000167451d5890,
0x00000167477810e0, 0x00000167451d7960
}

Java Threads: ( => current thread )
  0x000001675ec7f190 JavaThread "main"                              [_thread_in_vm, id=6908, stack(0x0000002db7000000,0x0000002db7100000) (1024K)]
  0x000001677cc22800 JavaThread "Reference Handler"          daemon [_thread_blocked, id=12256, stack(0x0000002db7800000,0x0000002db7900000) (1024K)]
  0x000001677cc23460 JavaThread "Finalizer"                  daemon [_thread_blocked, id=13196, stack(0x0000002db7900000,0x0000002db7a00000) (1024K)]
  0x000001677cc26640 JavaThread "Signal Dispatcher"          daemon [_thread_blocked, id=8480, stack(0x0000002db7a00000,0x0000002db7b00000) (1024K)]
  0x000001677cc290b0 JavaThread "Attach Listener"            daemon [_thread_blocked, id=3956, stack(0x0000002db7b00000,0x0000002db7c00000) (1024K)]
  0x000001677cc32690 JavaThread "Service Thread"             daemon [_thread_blocked, id=14868, stack(0x0000002db7c00000,0x0000002db7d00000) (1024K)]
  0x000001677cc393d0 JavaThread "Monitor Deflation Thread"   daemon [_thread_blocked, id=13564, stack(0x0000002db7d00000,0x0000002db7e00000) (1024K)]
=>0x000001677cc3d0e0 JavaThread "C2 CompilerThread0"         daemon [_thread_in_native, id=14912, stack(0x0000002db7e00000,0x0000002db7f00000) (1024K)]
  0x000001677cc403b0 JavaThread "C1 CompilerThread0"         daemon [_thread_blocked, id=14128, stack(0x0000002db7f00000,0x0000002db8000000) (1024K)]
  0x00000167451d6c40 JavaThread "Common-Cleaner"             daemon [_thread_blocked, id=8760, stack(0x0000002db8000000,0x0000002db8100000) (1024K)]
  0x00000167451d72d0 JavaThread "Monitor Ctrl-Break"         daemon [_thread_in_native, id=13492, stack(0x0000002db8200000,0x0000002db8300000) (1024K)]
  0x00000167451d5890 JavaThread "Notification Thread"        daemon [_thread_blocked, id=7524, stack(0x0000002db8300000,0x0000002db8400000) (1024K)]
  0x00000167477810e0 JavaThread "C2 CompilerThread1"         daemon [_thread_in_native, id=14732, stack(0x0000002db8a00000,0x0000002db8b00000) (1024K)]
  0x00000167451d7960 JavaThread "mysql-cj-abandoned-connection-cleanup" daemon [_thread_blocked, id=1764, stack(0x0000002db8b00000,0x0000002db8c00000) (1024K)]
Total: 14

Other Threads:
  0x000001677cbff850 VMThread "VM Thread"                           [id=12380, stack(0x0000002db7700000,0x0000002db7800000) (1024K)]
  0x000001677cbe4990 WatcherThread "VM Periodic Task Thread"        [id=4676, stack(0x0000002db7600000,0x0000002db7700000) (1024K)]
  0x0000016760eae880 WorkerThread "GC Thread#0"                     [id=13336, stack(0x0000002db7100000,0x0000002db7200000) (1024K)]
  0x0000016745fcf560 WorkerThread "GC Thread#1"                     [id=3420, stack(0x0000002db8100000,0x0000002db8200000) (1024K)]
  0x0000016746076ed0 WorkerThread "GC Thread#2"                     [id=1944, stack(0x0000002db8400000,0x0000002db8500000) (1024K)]
  0x00000167460782a0 WorkerThread "GC Thread#3"                     [id=14224, stack(0x0000002db8500000,0x0000002db8600000) (1024K)]
  0x0000016746078650 WorkerThread "GC Thread#4"                     [id=8576, stack(0x0000002db8600000,0x0000002db8700000) (1024K)]
  0x000001674607da40 WorkerThread "GC Thread#5"                     [id=12660, stack(0x0000002db8700000,0x0000002db8800000) (1024K)]
  0x000001674607ddf0 WorkerThread "GC Thread#6"                     [id=13596, stack(0x0000002db8800000,0x0000002db8900000) (1024K)]
  0x000001674607e1a0 WorkerThread "GC Thread#7"                     [id=15188, stack(0x0000002db8900000,0x0000002db8a00000) (1024K)]
  0x0000016760ebb4f0 ConcurrentGCThread "G1 Main Marker"            [id=5464, stack(0x0000002db7200000,0x0000002db7300000) (1024K)]
  0x0000016760ebdbd0 WorkerThread "G1 Conc#0"                       [id=1876, stack(0x0000002db7300000,0x0000002db7400000) (1024K)]
  0x0000016746462c00 WorkerThread "G1 Conc#1"                       [id=11028, stack(0x0000002db8c00000,0x0000002db8d00000) (1024K)]
  0x0000016760f1e820 ConcurrentGCThread "G1 Refine#0"               [id=9128, stack(0x0000002db7400000,0x0000002db7500000) (1024K)]
  0x000001677cab94f0 ConcurrentGCThread "G1 Service"                [id=7316, stack(0x0000002db7500000,0x0000002db7600000) (1024K)]
Total: 15

Threads with active compile tasks:
C2 CompilerThread0  9318 4785       4       org.springframework.core.annotation.AnnotationsScanner::process (55 bytes)
C2 CompilerThread1  9318 5116       4       java.lang.String::toUpperCase (29 bytes)
Total: 2

VM state: not at safepoint (normal execution)

VM Mutex/Monitor currently owned by a thread: None

Heap address: 0x00000000a2c00000, size: 1492 MB, Compressed Oops mode: 32-bit

CDS archive(s) mapped at: [0x0000016700000000-0x0000016700c60000-0x0000016700c60000), size 12976128, SharedBaseAddress: 0x0000016700000000, ArchiveRelocationMode: 1.
Compressed class space mapped at: 0x0000016701000000-0x0000016741000000, reserved size: 1073741824
Narrow klass base: 0x0000016700000000, Narrow klass shift: 0, Narrow klass range: 0x41000000

GC Precious Log:
 CardTable entry size: 512
 Card Set container configuration: InlinePtr #cards 5 size 8 Array Of Cards #cards 12 size 40 Howl #buckets 4 coarsen threshold 1843 Howl Bitmap #cards 512 size 80 coarsen threshold 460 Card regions per heap region 1 cards per card region 2048
 CPUs: 8 total, 8 available
 Memory: 5965M
 Large Page Support: Disabled
 NUMA Support: Disabled
 Compressed Oops: Enabled (32-bit)
 Heap Region Size: 1M
 Heap Min Capacity: 8M
 Heap Initial Capacity: 94M
 Heap Max Capacity: 1492M
 Pre-touch: Disabled
 Parallel Workers: 8
 Concurrent Workers: 2
 Concurrent Refinement Workers: 8
 Periodic GC: Disabled

Heap:
 garbage-first heap   total reserved 1527808K, committed 58368K, used 44503K [0x00000000a2c00000, 0x0000000100000000)
  region size 1024K, 24 young (24576K), 3 survivors (3072K)
 Metaspace       used 47933K, committed 48512K, reserved 1114112K
  class space    used 6411K, committed 6656K, reserved 1048576K

Heap Regions: E=young(eden), S=young(survivor), O=old, HS=humongous(starts), HC=humongous(continues), CS=collection set, F=free, TAMS=top-at-mark-start, PB=parsable bottom
|   0|0x00000000a2c00000, 0x00000000a2d00000, 0x00000000a2d00000|100%|HS|  |TAMS 0x00000000a2c00000| PB 0x00000000a2c00000| Complete |  0
|   1|0x00000000a2d00000, 0x00000000a2e00000, 0x00000000a2e00000|100%| O|  |TAMS 0x00000000a2d00000| PB 0x00000000a2d00000| Untracked |  0
|   2|0x00000000a2e00000, 0x00000000a2f00000, 0x00000000a2f00000|100%| O|  |TAMS 0x00000000a2e00000| PB 0x00000000a2e00000| Untracked |  0
|   3|0x00000000a2f00000, 0x00000000a3000000, 0x00000000a3000000|100%| O|  |TAMS 0x00000000a2f00000| PB 0x00000000a2f00000| Untracked |  0
|   4|0x00000000a3000000, 0x00000000a3100000, 0x00000000a3100000|100%| O|  |TAMS 0x00000000a3000000| PB 0x00000000a3000000| Untracked |  0
|   5|0x00000000a3100000, 0x00000000a3200000, 0x00000000a3200000|100%| O|  |TAMS 0x00000000a3100000| PB 0x00000000a3100000| Untracked |  0
|   6|0x00000000a3200000, 0x00000000a3300000, 0x00000000a3300000|100%| O|  |TAMS 0x00000000a3200000| PB 0x00000000a3200000| Untracked |  0
|   7|0x00000000a3300000, 0x00000000a3400000, 0x00000000a3400000|100%| O|  |TAMS 0x00000000a3300000| PB 0x00000000a3300000| Untracked |  0
|   8|0x00000000a3400000, 0x00000000a3500000, 0x00000000a3500000|100%| O|  |TAMS 0x00000000a3400000| PB 0x00000000a3400000| Untracked |  0
|   9|0x00000000a3500000, 0x00000000a3600000, 0x00000000a3600000|100%| O|  |TAMS 0x00000000a3500000| PB 0x00000000a3500000| Untracked |  0
|  10|0x00000000a3600000, 0x00000000a3700000, 0x00000000a3700000|100%| O|  |TAMS 0x00000000a3600000| PB 0x00000000a3600000| Untracked |  0
|  11|0x00000000a3700000, 0x00000000a3800000, 0x00000000a3800000|100%| O|  |TAMS 0x00000000a3700000| PB 0x00000000a3700000| Untracked |  0
|  12|0x00000000a3800000, 0x00000000a3900000, 0x00000000a3900000|100%| O|  |TAMS 0x00000000a3800000| PB 0x00000000a3800000| Untracked |  0
|  13|0x00000000a3900000, 0x00000000a3a00000, 0x00000000a3a00000|100%| O|  |TAMS 0x00000000a3900000| PB 0x00000000a3900000| Untracked |  0
|  14|0x00000000a3a00000, 0x00000000a3b00000, 0x00000000a3b00000|100%| O|  |TAMS 0x00000000a3a00000| PB 0x00000000a3a00000| Untracked |  0
|  15|0x00000000a3b00000, 0x00000000a3b00000, 0x00000000a3c00000|  0%| F|  |TAMS 0x00000000a3b00000| PB 0x00000000a3b00000| Untracked |  0
|  16|0x00000000a3c00000, 0x00000000a3d00000, 0x00000000a3d00000|100%| O|  |TAMS 0x00000000a3c00000| PB 0x00000000a3c00000| Untracked |  0
|  17|0x00000000a3d00000, 0x00000000a3e00000, 0x00000000a3e00000|100%| O|  |TAMS 0x00000000a3d00000| PB 0x00000000a3d00000| Untracked |  0
|  18|0x00000000a3e00000, 0x00000000a3f00000, 0x00000000a3f00000|100%| O|  |TAMS 0x00000000a3e00000| PB 0x00000000a3e00000| Untracked |  0
|  19|0x00000000a3f00000, 0x00000000a4000000, 0x00000000a4000000|100%| O|  |TAMS 0x00000000a3f00000| PB 0x00000000a3f00000| Untracked |  0
|  20|0x00000000a4000000, 0x00000000a4100000, 0x00000000a4100000|100%| O|  |TAMS 0x00000000a4000000| PB 0x00000000a4000000| Untracked |  0
|  21|0x00000000a4100000, 0x00000000a4200000, 0x00000000a4200000|100%| O|  |TAMS 0x00000000a4100000| PB 0x00000000a4100000| Untracked |  0
|  22|0x00000000a4200000, 0x00000000a42cee20, 0x00000000a4300000| 80%| O|  |TAMS 0x00000000a4200000| PB 0x00000000a4200000| Untracked |  0
|  23|0x00000000a4300000, 0x00000000a4300000, 0x00000000a4400000|  0%| F|  |TAMS 0x00000000a4300000| PB 0x00000000a4300000| Untracked |  0
|  24|0x00000000a4400000, 0x00000000a4400000, 0x00000000a4500000|  0%| F|  |TAMS 0x00000000a4400000| PB 0x00000000a4400000| Untracked |  0
|  25|0x00000000a4500000, 0x00000000a4500000, 0x00000000a4600000|  0%| F|  |TAMS 0x00000000a4500000| PB 0x00000000a4500000| Untracked |  0
|  26|0x00000000a4600000, 0x00000000a4600000, 0x00000000a4700000|  0%| F|  |TAMS 0x00000000a4600000| PB 0x00000000a4600000| Untracked |  0
|  27|0x00000000a4700000, 0x00000000a4700000, 0x00000000a4800000|  0%| F|  |TAMS 0x00000000a4700000| PB 0x00000000a4700000| Untracked |  0
|  28|0x00000000a4800000, 0x00000000a4800000, 0x00000000a4900000|  0%| F|  |TAMS 0x00000000a4800000| PB 0x00000000a4800000| Untracked |  0
|  29|0x00000000a4900000, 0x00000000a49a6de8, 0x00000000a4a00000| 65%| S|CS|TAMS 0x00000000a4900000| PB 0x00000000a4900000| Complete |  0
|  30|0x00000000a4a00000, 0x00000000a4b00000, 0x00000000a4b00000|100%| S|CS|TAMS 0x00000000a4a00000| PB 0x00000000a4a00000| Complete |  0
|  31|0x00000000a4b00000, 0x00000000a4c00000, 0x00000000a4c00000|100%| S|CS|TAMS 0x00000000a4b00000| PB 0x00000000a4b00000| Complete |  0
|  32|0x00000000a4c00000, 0x00000000a4c00000, 0x00000000a4d00000|  0%| F|  |TAMS 0x00000000a4c00000| PB 0x00000000a4c00000| Untracked |  0
|  33|0x00000000a4d00000, 0x00000000a4d00000, 0x00000000a4e00000|  0%| F|  |TAMS 0x00000000a4d00000| PB 0x00000000a4d00000| Untracked |  0
|  34|0x00000000a4e00000, 0x00000000a4e00000, 0x00000000a4f00000|  0%| F|  |TAMS 0x00000000a4e00000| PB 0x00000000a4e00000| Untracked |  0
|  35|0x00000000a4f00000, 0x00000000a4f00000, 0x00000000a5000000|  0%| F|  |TAMS 0x00000000a4f00000| PB 0x00000000a4f00000| Untracked |  0
|  36|0x00000000a5000000, 0x00000000a50f7d88, 0x00000000a5100000| 96%| E|  |TAMS 0x00000000a5000000| PB 0x00000000a5000000| Complete |  0
|  37|0x00000000a5100000, 0x00000000a5200000, 0x00000000a5200000|100%| E|CS|TAMS 0x00000000a5100000| PB 0x00000000a5100000| Complete |  0
|  38|0x00000000a5200000, 0x00000000a5300000, 0x00000000a5300000|100%| E|CS|TAMS 0x00000000a5200000| PB 0x00000000a5200000| Complete |  0
|  39|0x00000000a5300000, 0x00000000a5400000, 0x00000000a5400000|100%| E|CS|TAMS 0x00000000a5300000| PB 0x00000000a5300000| Complete |  0
|  40|0x00000000a5400000, 0x00000000a5500000, 0x00000000a5500000|100%| E|CS|TAMS 0x00000000a5400000| PB 0x00000000a5400000| Complete |  0
|  41|0x00000000a5500000, 0x00000000a5600000, 0x00000000a5600000|100%| E|CS|TAMS 0x00000000a5500000| PB 0x00000000a5500000| Complete |  0
|  42|0x00000000a5600000, 0x00000000a5700000, 0x00000000a5700000|100%| E|  |TAMS 0x00000000a5600000| PB 0x00000000a5600000| Complete |  0
|  43|0x00000000a5700000, 0x00000000a5800000, 0x00000000a5800000|100%| E|CS|TAMS 0x00000000a5700000| PB 0x00000000a5700000| Complete |  0
|  44|0x00000000a5800000, 0x00000000a5900000, 0x00000000a5900000|100%| E|CS|TAMS 0x00000000a5800000| PB 0x00000000a5800000| Complete |  0
|  45|0x00000000a5900000, 0x00000000a5a00000, 0x00000000a5a00000|100%| E|CS|TAMS 0x00000000a5900000| PB 0x00000000a5900000| Complete |  0
|  46|0x00000000a5a00000, 0x00000000a5b00000, 0x00000000a5b00000|100%| E|CS|TAMS 0x00000000a5a00000| PB 0x00000000a5a00000| Complete |  0
|  47|0x00000000a5b00000, 0x00000000a5c00000, 0x00000000a5c00000|100%| E|CS|TAMS 0x00000000a5b00000| PB 0x00000000a5b00000| Complete |  0
|  48|0x00000000a5c00000, 0x00000000a5d00000, 0x00000000a5d00000|100%| E|CS|TAMS 0x00000000a5c00000| PB 0x00000000a5c00000| Complete |  0
|  53|0x00000000a6100000, 0x00000000a6200000, 0x00000000a6200000|100%| E|CS|TAMS 0x00000000a6100000| PB 0x00000000a6100000| Complete |  0
|  54|0x00000000a6200000, 0x00000000a6300000, 0x00000000a6300000|100%| E|CS|TAMS 0x00000000a6200000| PB 0x00000000a6200000| Complete |  0
|  55|0x00000000a6300000, 0x00000000a6400000, 0x00000000a6400000|100%| E|CS|TAMS 0x00000000a6300000| PB 0x00000000a6300000| Complete |  0
|  56|0x00000000a6400000, 0x00000000a6500000, 0x00000000a6500000|100%| E|CS|TAMS 0x00000000a6400000| PB 0x00000000a6400000| Complete |  0
|  57|0x00000000a6500000, 0x00000000a6600000, 0x00000000a6600000|100%| E|CS|TAMS 0x00000000a6500000| PB 0x00000000a6500000| Complete |  0
|  58|0x00000000a6600000, 0x00000000a6700000, 0x00000000a6700000|100%| E|CS|TAMS 0x00000000a6600000| PB 0x00000000a6600000| Complete |  0
|  92|0x00000000a8800000, 0x00000000a8900000, 0x00000000a8900000|100%| E|CS|TAMS 0x00000000a8800000| PB 0x00000000a8800000| Complete |  0
|  93|0x00000000a8900000, 0x00000000a8a00000, 0x00000000a8a00000|100%| E|CS|TAMS 0x00000000a8900000| PB 0x00000000a8900000| Complete |  0

Card table byte_map: [0x00000167787c0000,0x0000016778ab0000] _byte_map_base: 0x00000167782aa000

Marking Bits: (CMBitMap*) 0x0000016760eaef90
 Bits: [0x0000016778ab0000, 0x000001677a200000)

Polling page: 0x000001675ede0000

Metaspace:

Usage:
  Non-class:     40.58 MB used.
      Class:      6.27 MB used.
       Both:     46.85 MB used.

Virtual space:
  Non-class space:       64.00 MB reserved,      40.94 MB ( 64%) committed,  1 nodes.
      Class space:        1.00 GB reserved,       6.56 MB ( <1%) committed,  1 nodes.
             Both:        1.06 GB reserved,      47.50 MB (  4%) committed. 

Chunk freelists:
   Non-Class:  6.42 MB
       Class:  9.47 MB
        Both:  15.89 MB

MaxMetaspaceSize: unlimited
CompressedClassSpaceSize: 1.00 GB
Initial GC threshold: 21.00 MB
Current GC threshold: 59.19 MB
CDS: on
 - commit_granule_bytes: 65536.
 - commit_granule_words: 8192.
 - virtual_space_node_default_size: 8388608.
 - enlarge_chunks_in_place: 1.
 - use_allocation_guard: 0.


Internal statistics:

num_allocs_failed_limit: 6.
num_arena_births: 784.
num_arena_deaths: 0.
num_vsnodes_births: 2.
num_vsnodes_deaths: 0.
num_space_committed: 760.
num_space_uncommitted: 0.
num_chunks_returned_to_freelist: 6.
num_chunks_taken_from_freelist: 2488.
num_chunk_merges: 6.
num_chunk_splits: 1738.
num_chunks_enlarged: 1294.
num_inconsistent_stats: 0.

CodeHeap 'non-profiled nmethods': size=120000Kb used=2998Kb max_used=2998Kb free=117002Kb
 bounds [0x0000016770c70000, 0x0000016770f60000, 0x00000167781a0000]
CodeHeap 'profiled nmethods': size=120000Kb used=9958Kb max_used=9958Kb free=110041Kb
 bounds [0x00000167691a0000, 0x0000016769b60000, 0x00000167706d0000]
CodeHeap 'non-nmethods': size=5760Kb used=1558Kb max_used=1591Kb free=4201Kb
 bounds [0x00000167706d0000, 0x0000016770940000, 0x0000016770c70000]
 total_blobs=5379 nmethods=4757 adapters=526
 compilation: enabled
              stopped_count=0, restarted_count=0
 full_count=0

Compilation events (20 events):
Event: 8.159 Thread 0x000001677cc403b0 5096       3       com.mysql.cj.CharsetMapping::getStaticMysqlCharsetByName (13 bytes)
Event: 8.159 Thread 0x000001677cc403b0 nmethod 5096 0x0000016769b54290 code [0x0000016769b54440, 0x0000016769b54788]
Event: 8.159 Thread 0x000001677cc403b0 5097       3       com.mysql.cj.Collation::<init> (17 bytes)
Event: 8.160 Thread 0x00000167477810e0 nmethod 5098 0x0000016770f58f90 code [0x0000016770f59120, 0x0000016770f59380]
Event: 8.160 Thread 0x00000167477810e0 5102       4       java.lang.Integer::valueOf (32 bytes)
Event: 8.160 Thread 0x000001677cc403b0 nmethod 5097 0x0000016769b54890 code [0x0000016769b54a80, 0x0000016769b551a0]
Event: 8.160 Thread 0x000001677cc403b0 5103       3       java.util.TreeMap::get (19 bytes)
Event: 8.160 Thread 0x000001677cc403b0 nmethod 5103 0x0000016769b55410 code [0x0000016769b555c0, 0x0000016769b55770]
Event: 8.161 Thread 0x00000167477810e0 nmethod 5102 0x0000016770f59490 code [0x0000016770f59620, 0x0000016770f59710]
Event: 8.172 Thread 0x00000167477810e0 5104       4       java.util.Properties$LineReader::readLine (584 bytes)
Event: 8.172 Thread 0x000001677cc403b0 5105       3       java.util.regex.ASCII::isType (15 bytes)
Event: 8.173 Thread 0x000001677cc403b0 nmethod 5105 0x0000016769b55890 code [0x0000016769b55a40, 0x0000016769b55c58]
Event: 8.175 Thread 0x000001677cc403b0 5106       3       java.util.regex.Pattern::newCharProperty (39 bytes)
Event: 8.176 Thread 0x000001677cc403b0 nmethod 5106 0x0000016769b55d90 code [0x0000016769b55fa0, 0x0000016769b56830]
Event: 8.176 Thread 0x000001677cc403b0 5109       3       java.util.regex.ASCII::isSpace (8 bytes)
Event: 8.176 Thread 0x000001677cc403b0 nmethod 5109 0x0000016769b56a10 code [0x0000016769b56bc0, 0x0000016769b56e38]
Event: 8.176 Thread 0x000001677cc403b0 5107       3       java.util.regex.CharPredicates$$Lambda/0x800000027::is (5 bytes)
Event: 8.176 Thread 0x000001677cc403b0 nmethod 5107 0x0000016769b56f90 code [0x0000016769b57160, 0x0000016769b57540]
Event: 8.176 Thread 0x000001677cc403b0 5108       3       java.util.regex.CharPredicates::lambda$ASCII_SPACE$20 (20 bytes)
Event: 8.177 Thread 0x000001677cc403b0 nmethod 5108 0x0000016769b57690 code [0x0000016769b57840, 0x0000016769b57b98]

GC Heap History (20 events):
Event: 1.987 GC heap before
{Heap before GC invocations=1 (full 0):
 garbage-first heap   total reserved 1527808K, committed 96256K, used 36800K [0x00000000a2c00000, 0x0000000100000000)
  region size 1024K, 31 young (31744K), 3 survivors (3072K)
 Metaspace       used 13883K, committed 14144K, reserved 1114112K
  class space    used 1839K, committed 1984K, reserved 1048576K
}
Event: 1.994 GC heap after
{Heap after GC invocations=2 (full 0):
 garbage-first heap   total reserved 1527808K, committed 96256K, used 10501K [0x00000000a2c00000, 0x0000000100000000)
  region size 1024K, 3 young (3072K), 3 survivors (3072K)
 Metaspace       used 13883K, committed 14144K, reserved 1114112K
  class space    used 1839K, committed 1984K, reserved 1048576K
}
Event: 2.466 GC heap before
{Heap before GC invocations=2 (full 0):
 garbage-first heap   total reserved 1527808K, committed 96256K, used 41221K [0x00000000a2c00000, 0x0000000100000000)
  region size 1024K, 35 young (35840K), 3 survivors (3072K)
 Metaspace       used 21274K, committed 21504K, reserved 1114112K
  class space    used 2648K, committed 2752K, reserved 1048576K
}
Event: 2.470 GC heap after
{Heap after GC invocations=3 (full 0):
 garbage-first heap   total reserved 1527808K, committed 96256K, used 13459K [0x00000000a2c00000, 0x0000000100000000)
  region size 1024K, 6 young (6144K), 6 survivors (6144K)
 Metaspace       used 21274K, committed 21504K, reserved 1114112K
  class space    used 2648K, committed 2752K, reserved 1048576K
}
Event: 3.029 GC heap before
{Heap before GC invocations=4 (full 0):
 garbage-first heap   total reserved 1527808K, committed 48128K, used 35987K [0x00000000a2c00000, 0x0000000100000000)
  region size 1024K, 28 young (28672K), 6 survivors (6144K)
 Metaspace       used 23872K, committed 24256K, reserved 1114112K
  class space    used 3019K, committed 3200K, reserved 1048576K
}
Event: 3.037 GC heap after
{Heap after GC invocations=5 (full 0):
 garbage-first heap   total reserved 1527808K, committed 48128K, used 16053K [0x00000000a2c00000, 0x0000000100000000)
  region size 1024K, 3 young (3072K), 3 survivors (3072K)
 Metaspace       used 23872K, committed 24256K, reserved 1114112K
  class space    used 3019K, committed 3200K, reserved 1048576K
}
Event: 3.709 GC heap before
{Heap before GC invocations=5 (full 0):
 garbage-first heap   total reserved 1527808K, committed 48128K, used 36533K [0x00000000a2c00000, 0x0000000100000000)
  region size 1024K, 23 young (23552K), 3 survivors (3072K)
 Metaspace       used 26200K, committed 26560K, reserved 1114112K
  class space    used 3332K, committed 3456K, reserved 1048576K
}
Event: 3.714 GC heap after
{Heap after GC invocations=6 (full 0):
 garbage-first heap   total reserved 1527808K, committed 48128K, used 17888K [0x00000000a2c00000, 0x0000000100000000)
  region size 1024K, 2 young (2048K), 2 survivors (2048K)
 Metaspace       used 26200K, committed 26560K, reserved 1114112K
  class space    used 3332K, committed 3456K, reserved 1048576K
}
Event: 4.488 GC heap before
{Heap before GC invocations=6 (full 0):
 garbage-first heap   total reserved 1527808K, committed 48128K, used 38368K [0x00000000a2c00000, 0x0000000100000000)
  region size 1024K, 22 young (22528K), 2 survivors (2048K)
 Metaspace       used 29109K, committed 29504K, reserved 1114112K
  class space    used 3757K, committed 3904K, reserved 1048576K
}
Event: 4.494 GC heap after
{Heap after GC invocations=7 (full 0):
 garbage-first heap   total reserved 1527808K, committed 48128K, used 19989K [0x00000000a2c00000, 0x0000000100000000)
  region size 1024K, 2 young (2048K), 2 survivors (2048K)
 Metaspace       used 29109K, committed 29504K, reserved 1114112K
  class space    used 3757K, committed 3904K, reserved 1048576K
}
Event: 5.288 GC heap before
{Heap before GC invocations=7 (full 0):
 garbage-first heap   total reserved 1527808K, committed 48128K, used 39445K [0x00000000a2c00000, 0x0000000100000000)
  region size 1024K, 21 young (21504K), 2 survivors (2048K)
 Metaspace       used 33177K, committed 33664K, reserved 1114112K
  class space    used 4320K, committed 4544K, reserved 1048576K
}
Event: 5.296 GC heap after
{Heap after GC invocations=8 (full 0):
 garbage-first heap   total reserved 1527808K, committed 48128K, used 21371K [0x00000000a2c00000, 0x0000000100000000)
  region size 1024K, 2 young (2048K), 2 survivors (2048K)
 Metaspace       used 33177K, committed 33664K, reserved 1114112K
  class space    used 4320K, committed 4544K, reserved 1048576K
}
Event: 5.764 GC heap before
{Heap before GC invocations=8 (full 0):
 garbage-first heap   total reserved 1527808K, committed 48128K, used 40827K [0x00000000a2c00000, 0x0000000100000000)
  region size 1024K, 21 young (21504K), 2 survivors (2048K)
 Metaspace       used 35390K, committed 35904K, reserved 1114112K
  class space    used 4627K, committed 4864K, reserved 1048576K
}
Event: 5.770 GC heap after
{Heap after GC invocations=9 (full 0):
 garbage-first heap   total reserved 1527808K, committed 48128K, used 22975K [0x00000000a2c00000, 0x0000000100000000)
  region size 1024K, 2 young (2048K), 2 survivors (2048K)
 Metaspace       used 35390K, committed 35904K, reserved 1114112K
  class space    used 4627K, committed 4864K, reserved 1048576K
}
Event: 5.800 GC heap before
{Heap before GC invocations=9 (full 0):
 garbage-first heap   total reserved 1527808K, committed 48128K, used 22975K [0x00000000a2c00000, 0x0000000100000000)
  region size 1024K, 3 young (3072K), 2 survivors (2048K)
 Metaspace       used 35659K, committed 36160K, reserved 1114112K
  class space    used 4649K, committed 4864K, reserved 1048576K
}
Event: 5.803 GC heap after
{Heap after GC invocations=10 (full 0):
 garbage-first heap   total reserved 1527808K, committed 48128K, used 23052K [0x00000000a2c00000, 0x0000000100000000)
  region size 1024K, 2 young (2048K), 2 survivors (2048K)
 Metaspace       used 35659K, committed 36160K, reserved 1114112K
  class space    used 4649K, committed 4864K, reserved 1048576K
}
Event: 6.360 GC heap before
{Heap before GC invocations=11 (full 0):
 garbage-first heap   total reserved 1527808K, committed 48128K, used 41484K [0x00000000a2c00000, 0x0000000100000000)
  region size 1024K, 20 young (20480K), 2 survivors (2048K)
 Metaspace       used 37731K, committed 38272K, reserved 1114112K
  class space    used 4936K, committed 5184K, reserved 1048576K
}
Event: 6.366 GC heap after
{Heap after GC invocations=12 (full 0):
 garbage-first heap   total reserved 1527808K, committed 58368K, used 24095K [0x00000000a2c00000, 0x0000000100000000)
  region size 1024K, 3 young (3072K), 3 survivors (3072K)
 Metaspace       used 37731K, committed 38272K, reserved 1114112K
  class space    used 4936K, committed 5184K, reserved 1048576K
}
Event: 7.149 GC heap before
{Heap before GC invocations=12 (full 0):
 garbage-first heap   total reserved 1527808K, committed 58368K, used 48671K [0x00000000a2c00000, 0x0000000100000000)
  region size 1024K, 28 young (28672K), 3 survivors (3072K)
 Metaspace       used 41721K, committed 42368K, reserved 1114112K
  class space    used 5533K, committed 5824K, reserved 1048576K
}
Event: 7.160 GC heap after
{Heap after GC invocations=13 (full 0):
 garbage-first heap   total reserved 1527808K, committed 58368K, used 25047K [0x00000000a2c00000, 0x0000000100000000)
  region size 1024K, 3 young (3072K), 3 survivors (3072K)
 Metaspace       used 41721K, committed 42368K, reserved 1114112K
  class space    used 5533K, committed 5824K, reserved 1048576K
}

Dll operation events (15 events):
Event: 0.018 Loaded shared library C:\Users\HARDIK\.jdks\openjdk-22.0.2\bin\java.dll
Event: 0.062 Loaded shared library C:\Users\HARDIK\.jdks\openjdk-22.0.2\bin\jsvml.dll
Event: 0.178 Loaded shared library C:\Users\HARDIK\.jdks\openjdk-22.0.2\bin\zip.dll
Event: 0.186 Loaded shared library C:\Users\HARDIK\.jdks\openjdk-22.0.2\bin\instrument.dll
Event: 0.195 Loaded shared library C:\Users\HARDIK\.jdks\openjdk-22.0.2\bin\net.dll
Event: 0.198 Loaded shared library C:\Users\HARDIK\.jdks\openjdk-22.0.2\bin\nio.dll
Event: 0.203 Loaded shared library C:\Users\HARDIK\.jdks\openjdk-22.0.2\bin\zip.dll
Event: 0.346 Loaded shared library C:\Program Files\JetBrains\IntelliJ IDEA Community Edition 2024.1.4\bin\breakgen64.dll
Event: 0.358 Loaded shared library C:\Users\HARDIK\.jdks\openjdk-22.0.2\bin\extnet.dll
Event: 0.419 Loaded shared library C:\Users\HARDIK\.jdks\openjdk-22.0.2\bin\jimage.dll
Event: 1.642 Loaded shared library C:\Users\HARDIK\.jdks\openjdk-22.0.2\bin\le.dll
Event: 2.652 Loaded shared library C:\Users\HARDIK\.jdks\openjdk-22.0.2\bin\sunmscapi.dll
Event: 5.946 Loaded shared library C:\Users\HARDIK\.jdks\openjdk-22.0.2\bin\management.dll
Event: 5.949 Loaded shared library C:\Users\HARDIK\.jdks\openjdk-22.0.2\bin\management_ext.dll
Event: 7.197 Loaded shared library C:\Users\HARDIK\.jdks\openjdk-22.0.2\bin\verify.dll

Deoptimization events (20 events):
Event: 7.930 Thread 0x000001675ec7f190 DEOPT PACKING pc=0x0000016769b0ee48 sp=0x0000002db70f65a0
Event: 7.930 Thread 0x000001675ec7f190 DEOPT UNPACKING pc=0x0000016770724e42 sp=0x0000002db70f5a58 mode 0
Event: 7.931 Thread 0x000001675ec7f190 Uncommon trap: trap_request=0xffffff45 fr.pc=0x0000016770cd56e8 relative=0x0000000000000068
Event: 7.931 Thread 0x000001675ec7f190 Uncommon trap: reason=unstable_if action=reinterpret pc=0x0000016770cd56e8 method=java.nio.charset.CoderResult.isUnderflow()Z @ 4 c2
Event: 7.931 Thread 0x000001675ec7f190 DEOPT PACKING pc=0x0000016770cd56e8 sp=0x0000002db70f60d0
Event: 7.931 Thread 0x000001675ec7f190 DEOPT UNPACKING pc=0x00000167707246a2 sp=0x0000002db70f6060 mode 2
Event: 7.931 Thread 0x000001675ec7f190 Uncommon trap: trap_request=0xffffff45 fr.pc=0x0000016770e938ec relative=0x000000000000084c
Event: 7.931 Thread 0x000001675ec7f190 Uncommon trap: reason=unstable_if action=reinterpret pc=0x0000016770e938ec method=java.util.Properties.load0(Ljava/util/Properties$LineReader;)V @ 160 c2
Event: 7.931 Thread 0x000001675ec7f190 DEOPT PACKING pc=0x0000016770e938ec sp=0x0000002db70f65b0
Event: 7.931 Thread 0x000001675ec7f190 DEOPT UNPACKING pc=0x00000167707246a2 sp=0x0000002db70f6558 mode 2
Event: 8.142 Thread 0x000001675ec7f190 Uncommon trap: trap_request=0xffffff45 fr.pc=0x0000016770ca3990 relative=0x0000000000000530
Event: 8.142 Thread 0x000001675ec7f190 Uncommon trap: reason=unstable_if action=reinterpret pc=0x0000016770ca3990 method=java.lang.AbstractStringBuilder.inflateIfNeededFor(Ljava/lang/String;)V @ 14 c2
Event: 8.142 Thread 0x000001675ec7f190 DEOPT PACKING pc=0x0000016770ca3990 sp=0x0000002db70f7800
Event: 8.142 Thread 0x000001675ec7f190 DEOPT UNPACKING pc=0x00000167707246a2 sp=0x0000002db70f76b0 mode 2
Event: 8.142 Thread 0x000001675ec7f190 Uncommon trap: trap_request=0xffffff45 fr.pc=0x0000016770cbb578 relative=0x0000000000000518
Event: 8.142 Thread 0x000001675ec7f190 Uncommon trap: reason=unstable_if action=reinterpret pc=0x0000016770cbb578 method=java.lang.AbstractStringBuilder.inflateIfNeededFor(Ljava/lang/String;)V @ 14 c2
Event: 8.142 Thread 0x000001675ec7f190 DEOPT PACKING pc=0x0000016770cbb578 sp=0x0000002db70f77a0
Event: 8.142 Thread 0x000001675ec7f190 DEOPT UNPACKING pc=0x00000167707246a2 sp=0x0000002db70f76a8 mode 2
Event: 8.172 Thread 0x000001675ec7f190 DEOPT PACKING pc=0x000001676969f961 sp=0x0000002db70f8010
Event: 8.172 Thread 0x000001675ec7f190 DEOPT UNPACKING pc=0x0000016770724e42 sp=0x0000002db70f7500 mode 0

Classes loaded (20 events):
Event: 8.186 Loading class java/security/KeyStore done
Event: 8.188 Loading class java/security/UnrecoverableKeyException
Event: 8.188 Loading class java/security/UnrecoverableEntryException
Event: 8.188 Loading class java/security/UnrecoverableEntryException done
Event: 8.188 Loading class java/security/UnrecoverableKeyException done
Event: 8.188 Loading class java/security/KeyStoreException
Event: 8.189 Loading class java/security/KeyStoreException done
Event: 8.189 Loading class java/security/KeyManagementException
Event: 8.189 Loading class java/security/KeyManagementException done
Event: 8.189 Loading class javax/net/ssl/TrustManager
Event: 8.190 Loading class javax/net/ssl/TrustManager done
Event: 8.190 Loading class javax/net/ssl/KeyManagerFactory
Event: 8.190 Loading class javax/net/ssl/KeyManagerFactory done
Event: 8.191 Loading class javax/net/ssl/KeyManagerFactorySpi
Event: 8.192 Loading class javax/net/ssl/KeyManagerFactorySpi done
Event: 8.192 Loading class sun/security/ssl/KeyManagerFactoryImpl$SunX509
Event: 8.192 Loading class sun/security/ssl/KeyManagerFactoryImpl
Event: 8.193 Loading class sun/security/ssl/KeyManagerFactoryImpl done
Event: 8.193 Loading class sun/security/ssl/KeyManagerFactoryImpl$SunX509 done
Event: 8.193 Loading class javax/net/ssl/TrustManagerFactory

Classes unloaded (0 events):
No events

Classes redefined (0 events):
No events

Internal exceptions (20 events):
Event: 5.492 Thread 0x000001675ec7f190 Exception <a 'java/lang/IncompatibleClassChangeError'{0x00000000a62ddf78}: Found class java.lang.Object, but interface was expected> (0x00000000a62ddf78) 
thrown [s\open\src\hotspot\share\interpreter\linkResolver.cpp, line 841]
Event: 5.495 Thread 0x000001675ec7f190 Exception <a 'java/lang/NoSuchMethodError'{0x00000000a62fbb38}: 'void java.lang.invoke.DirectMethodHandle$Holder.invokeStatic(java.lang.Object, int, java.lang.Object)'> (0x00000000a62fbb38) 
thrown [s\open\src\hotspot\share\interpreter\linkResolver.cpp, line 774]
Event: 5.505 Thread 0x000001675ec7f190 Exception <a 'java/lang/NoSuchMethodError'{0x00000000a614b8d8}: 'void java.lang.invoke.DirectMethodHandle$Holder.invokeStatic(java.lang.Object, java.lang.Object, java.lang.Object, int, java.lang.Object)'> (0x00000000a614b8d8) 
thrown [s\open\src\hotspot\share\interpreter\linkResolver.cpp, line 774]
Event: 5.505 Thread 0x000001675ec7f190 Exception <a 'java/lang/NoSuchMethodError'{0x00000000a6152258}: 'java.lang.Object java.lang.invoke.DirectMethodHandle$Holder.newInvokeSpecial(java.lang.Object, java.lang.Object, java.lang.Object, int)'> (0x00000000a6152258) 
thrown [s\open\src\hotspot\share\interpreter\linkResolver.cpp, line 774]
Event: 5.506 Thread 0x000001675ec7f190 Exception <a 'java/lang/NoSuchMethodError'{0x00000000a6156198}: 'java.lang.Object java.lang.invoke.DirectMethodHandle$Holder.invokeSpecial(java.lang.Object, java.lang.Object, java.lang.Object, java.lang.Object, int)'> (0x00000000a6156198) 
thrown [s\open\src\hotspot\share\interpreter\linkResolver.cpp, line 774]
Event: 5.506 Thread 0x000001675ec7f190 Exception <a 'java/lang/NoSuchMethodError'{0x00000000a61598a0}: 'java.lang.Object java.lang.invoke.Invokers$Holder.linkToTargetMethod(java.lang.Object, java.lang.Object, int, java.lang.Object)'> (0x00000000a61598a0) 
thrown [s\open\src\hotspot\share\interpreter\linkResolver.cpp, line 774]
Event: 5.685 Thread 0x000001675ec7f190 Exception <a 'java/lang/NoSuchMethodError'{0x00000000a490e370}: 'java.lang.Object java.lang.invoke.DirectMethodHandle$Holder.invokeStaticInit(java.lang.Object, int, int, int, int)'> (0x00000000a490e370) 
thrown [s\open\src\hotspot\share\interpreter\linkResolver.cpp, line 774]
Event: 5.705 Thread 0x000001675ec7f190 Exception <a 'java/lang/NoSuchMethodError'{0x00000000a4970490}: 'java.lang.Object java.lang.invoke.DirectMethodHandle$Holder.invokeStaticInit(java.lang.Object, java.lang.Object, int, int, int, int)'> (0x00000000a4970490) 
thrown [s\open\src\hotspot\share\interpreter\linkResolver.cpp, line 774]
Event: 5.872 Thread 0x000001675ec7f190 Exception <a 'java/lang/NoSuchMethodError'{0x00000000a6519510}: 'int java.lang.invoke.DirectMethodHandle$Holder.invokeVirtual(java.lang.Object, java.lang.Object, java.lang.Object, java.lang.Object)'> (0x00000000a6519510) 
thrown [s\open\src\hotspot\share\interpreter\linkResolver.cpp, line 774]
Event: 5.872 Thread 0x000001675ec7f190 Exception <a 'java/lang/NoSuchMethodError'{0x00000000a651cdd0}: 'int java.lang.invoke.DelegatingMethodHandle$Holder.reinvoke_L(java.lang.Object, java.lang.Object, java.lang.Object, java.lang.Object)'> (0x00000000a651cdd0) 
thrown [s\open\src\hotspot\share\interpreter\linkResolver.cpp, line 774]
Event: 5.969 Thread 0x000001675ec7f190 Exception <a 'java/io/FileNotFoundException'{0x00000000a633edb8}> (0x00000000a633edb8) 
thrown [s\open\src\hotspot\share\prims\jni.cpp, line 520]
Event: 6.017 Thread 0x000001675ec7f190 Exception <a 'java/lang/NoSuchMethodError'{0x00000000a62ff1f0}: 'int java.lang.invoke.DirectMethodHandle$Holder.invokeInterface(java.lang.Object, java.lang.Object, java.lang.Object, java.lang.Object)'> (0x00000000a62ff1f0) 
thrown [s\open\src\hotspot\share\interpreter\linkResolver.cpp, line 774]
Event: 6.027 Thread 0x000001675ec7f190 Exception <a 'java/lang/NoSuchMethodError'{0x00000000a615c418}: 'void java.lang.invoke.Invokers$Holder.invokeExact_MT(java.lang.Object, java.lang.Object, java.lang.Object, java.lang.Object)'> (0x00000000a615c418) 
thrown [s\open\src\hotspot\share\interpreter\linkResolver.cpp, line 774]
Event: 6.154 Thread 0x000001675ec7f190 Exception <a 'java/lang/NoSuchMethodError'{0x00000000a4e15428}: 'java.lang.Object java.lang.invoke.DirectMethodHandle$Holder.invokeStaticInit(java.lang.Object, java.lang.Object, java.lang.Object, java.lang.Object)'> (0x00000000a4e15428) 
thrown [s\open\src\hotspot\share\interpreter\linkResolver.cpp, line 774]
Event: 6.157 Thread 0x000001675ec7f190 Exception <a 'java/lang/IncompatibleClassChangeError'{0x00000000a4e24e28}: Found class java.lang.Object, but interface was expected> (0x00000000a4e24e28) 
thrown [s\open\src\hotspot\share\interpreter\linkResolver.cpp, line 841]
Event: 6.159 Thread 0x000001675ec7f190 Exception <a 'java/lang/IncompatibleClassChangeError'{0x00000000a4e30cb8}: Found class java.lang.Object, but interface was expected> (0x00000000a4e30cb8) 
thrown [s\open\src\hotspot\share\interpreter\linkResolver.cpp, line 841]
Event: 6.167 Thread 0x000001675ec7f190 Exception <a 'java/lang/IncompatibleClassChangeError'{0x00000000a4e597d8}: Found class java.lang.Object, but interface was expected> (0x00000000a4e597d8) 
thrown [s\open\src\hotspot\share\interpreter\linkResolver.cpp, line 841]
Event: 6.539 Thread 0x000001675ec7f190 Exception <a 'java/lang/NoSuchMethodError'{0x00000000a5bcc6e0}: 'java.lang.Object java.lang.invoke.DirectMethodHandle$Holder.newInvokeSpecial(java.lang.Object, java.lang.Object, java.lang.Object, java.lang.Object, java.lang.Object, java.lang.Object, java.lang.Object, java.lang.Object, java.lang.Object, java.lang.Object, java.lang.Object)'> (0x00000000a5bcc6e0) 
thrown [s\open\src\hotspot\share\interpreter\linkResolver.cpp, line 774]
Event: 6.678 Thread 0x000001675ec7f190 Exception <a 'java/lang/NoSuchMethodError'{0x00000000a564c190}: 'void java.lang.invoke.DelegatingMethodHandle$Holder.reinvoke_L(java.lang.Object, java.lang.Object, java.lang.Object, java.lang.Object, int, java.lang.Object, java.lang.Object, java.lang.Object)'> (0x00000000a564c190) 
thrown [s\open\src\hotspot\share\interpreter\linkResolver.cpp, line 774]
Event: 7.865 Thread 0x000001675ec7f190 Exception <a 'java/lang/NoSuchMethodError'{0x00000000a5708938}: 'int java.lang.invoke.DirectMethodHandle$Holder.invokeStatic(java.lang.Object)'> (0x00000000a5708938) 
thrown [s\open\src\hotspot\share\interpreter\linkResolver.cpp, line 774]

ZGC Phase Switch (0 events):
No events

VM Operations (20 events):
Event: 5.858 Executing VM operation: HandshakeAllThreads (Deoptimize) done
Event: 5.922 Executing VM operation: HandshakeAllThreads (Deoptimize)
Event: 5.922 Executing VM operation: HandshakeAllThreads (Deoptimize) done
Event: 5.957 Executing VM operation: HandshakeAllThreads (Deoptimize)
Event: 5.957 Executing VM operation: HandshakeAllThreads (Deoptimize) done
Event: 6.331 Executing VM operation: HandshakeAllThreads (Deoptimize)
Event: 6.331 Executing VM operation: HandshakeAllThreads (Deoptimize) done
Event: 6.333 Executing VM operation: HandshakeAllThreads (Deoptimize)
Event: 6.333 Executing VM operation: HandshakeAllThreads (Deoptimize) done
Event: 6.359 Executing VM operation: G1CollectForAllocation (G1 Evacuation Pause)
Event: 6.366 Executing VM operation: G1CollectForAllocation (G1 Evacuation Pause) done
Event: 6.549 Executing VM operation: HandshakeAllThreads (Deoptimize)
Event: 6.549 Executing VM operation: HandshakeAllThreads (Deoptimize) done
Event: 6.797 Executing VM operation: HandshakeAllThreads (Deoptimize)
Event: 6.797 Executing VM operation: HandshakeAllThreads (Deoptimize) done
Event: 7.149 Executing VM operation: G1CollectForAllocation (G1 Evacuation Pause)
Event: 7.160 Executing VM operation: G1CollectForAllocation (G1 Evacuation Pause) done
Event: 8.166 Executing VM operation: Cleanup
Event: 8.166 Executing VM operation: Cleanup done
Event: 9.168 Executing VM operation: Cleanup

Memory protections (0 events):
No events

Nmethod flushes (20 events):
Event: 5.826 Thread 0x000001677cbff850 flushing  nmethod 0x00000167693f8410
Event: 5.826 Thread 0x000001677cbff850 flushing  nmethod 0x00000167693fbd90
Event: 5.826 Thread 0x000001677cbff850 flushing  nmethod 0x0000016769422010
Event: 5.826 Thread 0x000001677cbff850 flushing  nmethod 0x0000016769423910
Event: 5.826 Thread 0x000001677cbff850 flushing  nmethod 0x0000016769423c10
Event: 5.826 Thread 0x000001677cbff850 flushing  nmethod 0x0000016769440390
Event: 5.826 Thread 0x000001677cbff850 flushing  nmethod 0x0000016769447410
Event: 5.826 Thread 0x000001677cbff850 flushing  nmethod 0x0000016769455490
Event: 5.826 Thread 0x000001677cbff850 flushing  nmethod 0x0000016769474810
Event: 5.826 Thread 0x000001677cbff850 flushing  nmethod 0x0000016769475590
Event: 5.826 Thread 0x000001677cbff850 flushing  nmethod 0x0000016769476010
Event: 5.826 Thread 0x000001677cbff850 flushing  nmethod 0x000001676949e010
Event: 5.826 Thread 0x000001677cbff850 flushing  nmethod 0x000001676949e610
Event: 5.826 Thread 0x000001677cbff850 flushing  nmethod 0x00000167694b5590
Event: 5.826 Thread 0x000001677cbff850 flushing  nmethod 0x00000167694f6790
Event: 5.826 Thread 0x000001677cbff850 flushing  nmethod 0x000001676951fb10
Event: 5.826 Thread 0x000001677cbff850 flushing  nmethod 0x0000016769567410
Event: 5.826 Thread 0x000001677cbff850 flushing  nmethod 0x000001676958ef90
Event: 5.826 Thread 0x000001677cbff850 flushing  nmethod 0x0000016769596890
Event: 5.826 Thread 0x000001677cbff850 flushing osr nmethod 0x000001676962c590

Events (20 events):
Event: 0.038 Thread 0x000001675ec7f190 Thread added: 0x000001675ec7f190
Event: 0.058 Thread 0x000001675ec7f190 Thread added: 0x000001677cc22800
Event: 0.059 Thread 0x000001675ec7f190 Thread added: 0x000001677cc23460
Event: 0.059 Thread 0x000001675ec7f190 Thread added: 0x000001677cc26640
Event: 0.059 Thread 0x000001675ec7f190 Thread added: 0x000001677cc290b0
Event: 0.059 Thread 0x000001675ec7f190 Thread added: 0x000001677cc32690
Event: 0.060 Thread 0x000001675ec7f190 Thread added: 0x000001677cc393d0
Event: 0.060 Thread 0x000001675ec7f190 Thread added: 0x000001677cc3d0e0
Event: 0.060 Thread 0x000001675ec7f190 Thread added: 0x000001677cc403b0
Event: 0.150 Thread 0x000001675ec7f190 Thread added: 0x00000167451d6c40
Event: 0.175 Thread 0x000001677cc403b0 Thread added: 0x00000167452dd960
Event: 0.347 Thread 0x000001675ec7f190 Thread added: 0x00000167451d72d0
Event: 0.347 Thread 0x000001675ec7f190 Thread added: 0x00000167451d5890
Event: 0.784 Thread 0x00000167452dd960 Thread exited: 0x00000167452dd960
Event: 1.607 Thread 0x000001675ec7f190 Thread added: 0x00000167451d4b70
Event: 2.399 Thread 0x000001675ec7f190 Thread added: 0x00000167451d7960
Event: 2.484 Thread 0x00000167451d7960 Thread exited: 0x00000167451d7960
Event: 2.658 Thread 0x00000167451d4b70 Thread exited: 0x00000167451d4b70
Event: 3.875 Thread 0x000001677cc403b0 Thread added: 0x00000167477810e0
Event: 6.471 Thread 0x000001675ec7f190 Thread added: 0x00000167451d7960


Dynamic libraries:
0x00007ff66f420000 - 0x00007ff66f42e000 	C:\Users\HARDIK\.jdks\openjdk-22.0.2\bin\java.exe
0x00007ffd6d200000 - 0x00007ffd6d467000 	C:\WINDOWS\SYSTEM32\ntdll.dll
0x00007ffd6bcf0000 - 0x00007ffd6bdb9000 	C:\WINDOWS\System32\KERNEL32.DLL
0x00007ffd69c50000 - 0x00007ffd6a041000 	C:\WINDOWS\System32\KERNELBASE.dll
0x00007ffd6a050000 - 0x00007ffd6a19b000 	C:\WINDOWS\System32\ucrtbase.dll
0x00007ffd5ffa0000 - 0x00007ffd5ffb7000 	C:\Users\HARDIK\.jdks\openjdk-22.0.2\bin\jli.dll
0x00007ffd5ffc0000 - 0x00007ffd5ffdb000 	C:\Users\HARDIK\.jdks\openjdk-22.0.2\bin\VCRUNTIME140.dll
0x00007ffd6c280000 - 0x00007ffd6c445000 	C:\WINDOWS\System32\USER32.dll
0x00007ffd57020000 - 0x00007ffd572b3000 	C:\WINDOWS\WinSxS\amd64_microsoft.windows.common-controls_6595b64144ccf1df_6.0.26100.8037_none_3e092faae333b53b\COMCTL32.dll
0x00007ffd6a4f0000 - 0x00007ffd6a517000 	C:\WINDOWS\System32\win32u.dll
0x00007ffd6b640000 - 0x00007ffd6b6e9000 	C:\WINDOWS\System32\msvcrt.dll
0x00007ffd6b1b0000 - 0x00007ffd6b1db000 	C:\WINDOWS\System32\GDI32.dll
0x00007ffd6a250000 - 0x00007ffd6a37b000 	C:\WINDOWS\System32\gdi32full.dll
0x00007ffd6a1a0000 - 0x00007ffd6a243000 	C:\WINDOWS\System32\msvcp_win.dll
0x00007ffd6b7f0000 - 0x00007ffd6b821000 	C:\WINDOWS\System32\IMM32.DLL
0x00007ffd653d0000 - 0x00007ffd653dc000 	C:\Users\HARDIK\.jdks\openjdk-22.0.2\bin\vcruntime140_1.dll
0x00007ffd490d0000 - 0x00007ffd4915e000 	C:\Users\HARDIK\.jdks\openjdk-22.0.2\bin\msvcp140.dll
0x00007ffcdf1d0000 - 0x00007ffcdff19000 	C:\Users\HARDIK\.jdks\openjdk-22.0.2\bin\server\jvm.dll
0x00007ffd6cf00000 - 0x00007ffd6cfbb000 	C:\WINDOWS\System32\ADVAPI32.dll
0x00007ffd6b100000 - 0x00007ffd6b1a7000 	C:\WINDOWS\System32\sechost.dll
0x00007ffd6bbd0000 - 0x00007ffd6bce8000 	C:\WINDOWS\System32\RPCRT4.dll
0x00007ffd6cfc0000 - 0x00007ffd6d034000 	C:\WINDOWS\System32\WS2_32.dll
0x00007ffd69940000 - 0x00007ffd6999e000 	C:\WINDOWS\SYSTEM32\POWRPROF.dll
0x00007ffd5f9e0000 - 0x00007ffd5fa15000 	C:\WINDOWS\SYSTEM32\WINMM.dll
0x00007ffd5ee30000 - 0x00007ffd5ee3b000 	C:\WINDOWS\SYSTEM32\VERSION.dll
0x00007ffd69920000 - 0x00007ffd69934000 	C:\WINDOWS\SYSTEM32\UMPDC.dll
0x00007ffd68830000 - 0x00007ffd6884b000 	C:\WINDOWS\SYSTEM32\kernel.appcore.dll
0x00007ffd5f600000 - 0x00007ffd5f60a000 	C:\Users\HARDIK\.jdks\openjdk-22.0.2\bin\jimage.dll
0x00007ffd5d500000 - 0x00007ffd5d742000 	C:\WINDOWS\SYSTEM32\DBGHELP.DLL
0x00007ffd6b830000 - 0x00007ffd6bbb2000 	C:\WINDOWS\System32\combase.dll
0x00007ffd6b450000 - 0x00007ffd6b527000 	C:\WINDOWS\System32\OLEAUT32.dll
0x00007ffd53e70000 - 0x00007ffd53eab000 	C:\WINDOWS\SYSTEM32\dbgcore.DLL
0x00007ffd69ba0000 - 0x00007ffd69c45000 	C:\WINDOWS\System32\bcryptPrimitives.dll
0x00007ffd41420000 - 0x00007ffd4142f000 	C:\Users\HARDIK\.jdks\openjdk-22.0.2\bin\instrument.dll
0x00007ffd5f5e0000 - 0x00007ffd5f5fe000 	C:\Users\HARDIK\.jdks\openjdk-22.0.2\bin\java.dll
0x00007ffd6c450000 - 0x00007ffd6cbaf000 	C:\WINDOWS\System32\SHELL32.dll
0x00007ffd6a380000 - 0x00007ffd6a4ea000 	C:\WINDOWS\System32\wintypes.dll
0x00007ffd6cd60000 - 0x00007ffd6cef5000 	C:\WINDOWS\System32\ole32.dll
0x00007ffd6a730000 - 0x00007ffd6af94000 	C:\WINDOWS\System32\windows.storage.dll
0x00007ffd6b530000 - 0x00007ffd6b627000 	C:\WINDOWS\System32\SHCORE.dll
0x00007ffd6d040000 - 0x00007ffd6d0a7000 	C:\WINDOWS\System32\shlwapi.dll
0x00007ffd69a00000 - 0x00007ffd69a29000 	C:\WINDOWS\SYSTEM32\profapi.dll
0x00007ffd10c60000 - 0x00007ffd10d37000 	C:\Users\HARDIK\.jdks\openjdk-22.0.2\bin\jsvml.dll
0x00007ffd49080000 - 0x00007ffd49097000 	C:\Users\HARDIK\.jdks\openjdk-22.0.2\bin\zip.dll
0x00007ffd490c0000 - 0x00007ffd490d0000 	C:\Users\HARDIK\.jdks\openjdk-22.0.2\bin\net.dll
0x00007ffd68d80000 - 0x00007ffd68deb000 	C:\WINDOWS\system32\mswsock.dll
0x00007ffd490a0000 - 0x00007ffd490b6000 	C:\Users\HARDIK\.jdks\openjdk-22.0.2\bin\nio.dll
0x00007ffd3eaf0000 - 0x00007ffd3eb0a000 	C:\Program Files\JetBrains\IntelliJ IDEA Community Edition 2024.1.4\bin\breakgen64.dll
0x00007ffd3eae0000 - 0x00007ffd3eae9000 	C:\Users\HARDIK\.jdks\openjdk-22.0.2\bin\extnet.dll
0x00007ffd3a620000 - 0x00007ffd3a62b000 	C:\Users\HARDIK\.jdks\openjdk-22.0.2\bin\le.dll
0x00007ffd3bea0000 - 0x00007ffd3beae000 	C:\Users\HARDIK\.jdks\openjdk-22.0.2\bin\sunmscapi.dll
0x00007ffd6a520000 - 0x00007ffd6a697000 	C:\WINDOWS\System32\CRYPT32.dll
0x00007ffd692e0000 - 0x00007ffd69310000 	C:\WINDOWS\SYSTEM32\ncrypt.dll
0x00007ffd69290000 - 0x00007ffd692cf000 	C:\WINDOWS\SYSTEM32\NTASN1.dll
0x00007ffd69180000 - 0x00007ffd6919b000 	C:\WINDOWS\SYSTEM32\CRYPTSP.dll
0x00007ffd68790000 - 0x00007ffd687c9000 	C:\WINDOWS\system32\rsaenh.dll
0x00007ffd68e30000 - 0x00007ffd68e62000 	C:\WINDOWS\SYSTEM32\USERENV.dll
0x00007ffd699d0000 - 0x00007ffd699fa000 	C:\WINDOWS\SYSTEM32\bcrypt.dll
0x00007ffd68fe0000 - 0x00007ffd68fec000 	C:\WINDOWS\SYSTEM32\CRYPTBASE.dll
0x00007ffd68200000 - 0x00007ffd68233000 	C:\WINDOWS\SYSTEM32\IPHLPAPI.DLL
0x00007ffd6bbc0000 - 0x00007ffd6bbca000 	C:\WINDOWS\System32\NSI.dll
0x00007ffd41410000 - 0x00007ffd4141a000 	C:\Users\HARDIK\.jdks\openjdk-22.0.2\bin\management.dll
0x00007ffd3eb10000 - 0x00007ffd3eb1b000 	C:\Users\HARDIK\.jdks\openjdk-22.0.2\bin\management_ext.dll
0x00007ffd6b630000 - 0x00007ffd6b638000 	C:\WINDOWS\System32\PSAPI.DLL
0x00007ffd35f60000 - 0x00007ffd35f70000 	C:\Users\HARDIK\.jdks\openjdk-22.0.2\bin\verify.dll
0x00007ffd682b0000 - 0x00007ffd683da000 	C:\WINDOWS\SYSTEM32\DNSAPI.dll
0x00007ffd5eea0000 - 0x00007ffd5eeab000 	C:\Windows\System32\rasadhlp.dll
0x00007ffd64e30000 - 0x00007ffd64eb6000 	C:\WINDOWS\System32\fwpuclnt.dll

dbghelp: loaded successfully - version: 4.0.5 - missing functions: none
symbol engine: initialized successfully - sym options: 0x614 - pdb path: .;C:\Users\HARDIK\.jdks\openjdk-22.0.2\bin;C:\WINDOWS\SYSTEM32;C:\WINDOWS\WinSxS\amd64_microsoft.windows.common-controls_6595b64144ccf1df_6.0.26100.8037_none_3e092faae333b53b;C:\Users\HARDIK\.jdks\openjdk-22.0.2\bin\server;C:\Program Files\JetBrains\IntelliJ IDEA Community Edition 2024.1.4\bin

VM Arguments:
jvm_args: -javaagent:C:\Program Files\JetBrains\IntelliJ IDEA Community Edition 2024.1.4\lib\idea_rt.jar=3774:C:\Program Files\JetBrains\IntelliJ IDEA Community Edition 2024.1.4\bin -Dfile.encoding=UTF-8 -Dsun.stdout.encoding=UTF-8 -Dsun.stderr.encoding=UTF-8 
java_command: com.avin.HotelBookingApplication.HotelBookingApplication
java_class_path (initial): C:\Users\HARDIK\Desktop\Hotel-Booking-application-using-ReactJS-and-SpringBoot\backend\HotelBookingApplication\target\classes;C:\Users\HARDIK\.m2\repository\org\springframework\boot\spring-boot-starter-actuator\3.3.0\spring-boot-starter-actuator-3.3.0.jar;C:\Users\HARDIK\.m2\repository\org\springframework\boot\spring-boot-starter\3.3.0\spring-boot-starter-3.3.0.jar;C:\Users\HARDIK\.m2\repository\org\springframework\boot\spring-boot\3.3.0\spring-boot-3.3.0.jar;C:\Users\HARDIK\.m2\repository\org\springframework\boot\spring-boot-autoconfigure\3.3.0\spring-boot-autoconfigure-3.3.0.jar;C:\Users\HARDIK\.m2\repository\org\springframework\boot\spring-boot-starter-logging\3.3.0\spring-boot-starter-logging-3.3.0.jar;C:\Users\HARDIK\.m2\repository\ch\qos\logback\logback-classic\1.5.6\logback-classic-1.5.6.jar;C:\Users\HARDIK\.m2\repository\ch\qos\logback\logback-core\1.5.6\logback-core-1.5.6.jar;C:\Users\HARDIK\.m2\repository\org\apache\logging\log4j\log4j-to-slf4j\2.23.1\log4j-to-slf4j-2.23.1.jar;C:\Users\HARDIK\.m2\repository\org\apache\logging\log4j\log4j-api\2.23.1\log4j-api-2.23.1.jar;C:\Users\HARDIK\.m2\repository\org\slf4j\jul-to-slf4j\2.0.13\jul-to-slf4j-2.0.13.jar;C:\Users\HARDIK\.m2\repository\jakarta\annotation\jakarta.annotation-api\2.1.1\jakarta.annotation-api-2.1.1.jar;C:\Users\HARDIK\.m2\repository\org\yaml\snakeyaml\2.2\snakeyaml-2.2.jar;C:\Users\HARDIK\.m2\repository\org\springframework\boot\spring-boot-actuator-autoconfigure\3.3.0\spring-boot-actuator-autoconfigure-3.3.0.jar;C:\Users\HARDIK\.m2\repository\org\springframework\boot\spring-boot-actuator\3.3.0\spring-boot-actuator-3.3.0.jar;C:\Users\HARDIK\.m2\repository\com\fasterxml\jackson\datatype\jackson-datatype-jsr310\2.17.1\jackson-datatype-jsr310-2.17.1.jar;C:\Users\HARDIK\.m2\repository\io\micrometer\micrometer-observation\1.13.0\micrometer-observation-1.13.0.jar;C:\Users\HARDIK\.m2\repository\io\micrometer\micrometer-commons\1.13.0\micrometer-commons-1.13.0.jar;C:\Users\HARDIK\.m2\repository\io\micrometer\micrometer-jakarta9\1.13.0\micrometer-jakarta9-1.13.0.jar;C:\Users\HARDIK\.m2\repository\io\micrometer\micrometer-core\1.13.0\micrometer-core-1.13.0.jar;C:\Users\HARDIK\.m2\repository\org\hdrhistogram\HdrHistogram\2.2.1\HdrHistogram-2.2.1.jar;C:\Users\HARDIK\.m2\repository\org\latencyutils\LatencyUtils\2.0.3\LatencyUtils-2.0.3.jar;C:\Users\HARDIK\.m2\repository\org\springframework\boot\spring-boot-starter-data-jpa\3.3.0\spring-boot-starter-data-jpa-3.3.0.jar;C:\Users\HARDIK\.m2\repository\org\springframework\boot\spring-boot-starter-aop\3.3.0\spring-boot-starter-aop-3.3.0.jar;C:\Users\HARDIK\.m2\repository\org\aspectj\aspectjweaver\1.9.22\aspectjweaver-1.9.22.jar;C:\Users\HARDIK\.m2\repository\org\springframework\boot\spring-boot-starter-jdbc\3.3.0\spring-boot-starter-jdbc-3.3.0.jar;C:\Users\HARDIK\.m2\repository\com\zaxxer\HikariCP\5.1.0\HikariCP-5.1.0.jar;C:\Users\HARDIK\.m2\repository\org\springframework\spring-jdbc\6.1.8\spring-jdbc-6.1.8.jar;C:\Users\HARDIK\.m2\repository\org\hibernate\orm\hibernate-core\6.5.2.Final\hibernate-core-6.5.2.Final.jar;C:\Users\HARDIK\.m2\repository\jakarta\persistence\jakarta.persistence-api\3.1.0\jakarta.persistence-api-3.1.0.jar;C:\Users\HARDIK\.m2\repository\jakarta\transaction\jakarta.transaction-api\2.0.1\jakarta.transaction-api-2.0.1.jar;C:\Users\HARDIK\.m2\repository\org\jboss\logging\jboss-logging\3.5.3.Final\jboss-logging-3.5.3.Final.jar;C:\Users\HARDIK\.m2\repository\org\hibernate\common\hibernate-commons-annotations\6.0.6.Final\hibernate-commons-annotations-6.0.6.Final.jar;C:\Users\HARDIK\.m2\repository\io\smallrye\jandex\3.1.2\jandex-3.1.2.jar;C:\Users\HARDIK\.m2\repository\com\fasterxml\classmate\1.7.0\classmate-1.7.0.jar;C:\Users\HARDIK\.m2\repository\net\bytebuddy\byte-buddy\1.14.16\byte-buddy-1.14.16.jar;C:\Users\HARDIK\.m2\repository\org\glassfish\jaxb\jaxb-runtime\4.0.5\jaxb-runtime-4.0.5.jar;C:\Users\HARDIK\.m2\repository\org\glassfish\jaxb\jaxb-core\4.0.5\jaxb-core-4.0.5.jar;C:\Users\HARDIK\.m2\repository\org\eclipse\angus\angus-activation\2.0.2\angus-activation-2.0.2.jar;C:\Users\HARDIK\.m2\repository\org\glassfish\jaxb\txw2\4.0.5\txw2-4.0.5.jar;C:\Users\HARDIK\.m2\repository\com\sun\istack\istack-commons-runtime\4.1.2\istack-commons-runtime-4.1.2.jar;C:\Users\HARDIK\.m2\repository\jakarta\inject\jakarta.inject-api\2.0.1\jakarta.inject-api-2.0.1.jar;C:\Users\HARDIK\.m2\repository\org\antlr\antlr4-runtime\4.13.0\antlr4-runtime-4.13.0.jar;C:\Users\HARDIK\.m2\repository\org\springframework\data\spring-data-jpa\3.3.0\spring-data-jpa-3.3.0.jar;C:\Users\HARDIK\.m2\repository\org\springframework\data\spring-data-commons\3.3.0\spring-data-commons-3.3.0.jar;C:\Users\HARDIK\.m2\repository\org\springframework\spring-orm\6.1.8\spring-orm-6.1.8.jar;C:\Users\HARDIK\.m2\repository\org\springframework\spring-context\6.1.8\spring-context-6.1.8.jar;C:\Users\HARDIK\.m2\repository\org\springframework\spring-tx\6.1.8\spring-tx-6.1.8.jar;C:\Users\HARDIK\.m2\repository\org\springframework\spring-beans\6.1.8\spring-beans-6.1.8.jar;C:\Users\HARDIK\.m2\repository\org\slf4j\slf4j-api\2.0.13\slf4j-api-2.0.13.jar;C:\Users\HARDIK\.m2\repository\org\springframework\spring-aspects\6.1.8\spring-aspects-6.1.8.jar;C:\Users\HARDIK\.m2\repository\org\springframework\boot\spring-boot-starter-web\3.3.0\spring-boot-starter-web-3.3.0.jar;C:\Users\HARDIK\.m2\repository\org\springframework\boot\spring-boot-starter-json\3.3.0\spring-boot-starter-json-3.3.0.jar;C:\Users\HARDIK\.m2\repository\com\fasterxml\jackson\datatype\jackson-datatype-jdk8\2.17.1\jackson-datatype-jdk8-2.17.1.jar;C:\Users\HARDIK\.m2\repository\com\fasterxml\jackson\module\jackson-module-parameter-names\2.17.1\jackson-module-parameter-names-2.17.1.jar;C:\Users\HARDIK\.m2\repository\org\springframework\boot\spring-boot-starter-tomcat\3.3.0\spring-boot-starter-tomcat-3.3.0.jar;C:\Users\HARDIK\.m2\repository\org\apache\tomcat\embed\tomcat-embed-core\10.1.24\tomcat-embed-core-10.1.24.jar;C:\Users\HARDIK\.m2\repository\org\apache\tomcat\embed\tomcat-embed-websocket\10.1.24\tomcat-embed-websocket-10.1.24.jar;C:\Users\HARDIK\.m2\repository\org\springframework\spring-web\6.1.8\spring-web-6.1.8.jar;C:\Users\HARDIK\.m2\repository\org\springframework\spring-webmvc\6.1.8\spring-webmvc-6.1.8.jar;C:\Users\HARDIK\.m2\repository\org\springframework\spring-expression\6.1.8\spring-expression-6.1.8.jar;C:\Users\HARDIK\.m2\repository\org\springframework\boot\spring-boot-starter-security\3.3.0\spring-boot-starter-security-3.3.0.jar;C:\Users\HARDIK\.m2\repository\org\springframework\spring-aop\6.1.8\spring-aop-6.1.8.jar;C:\Users\HARDIK\.m2\repository\org\springframework\security\spring-security-config\6.3.0\spring-security-config-6.3.0.jar;C:\Users\HARDIK\.m2\repository\org\springframework\security\spring-security-core\6.3.0\spring-security-core-6.3.0.jar;C:\Users\HARDIK\.m2\repository\org\springframework\security\spring-security-crypto\6.3.0\spring-security-crypto-6.3.0.jar;C:\Users\HARDIK\.m2\repository\org\springframework\security\spring-security-web\6.3.0\spring-security-web-6.3.0.jar;C:\Users\HARDIK\.m2\repository\org\springframework\boot\spring-boot-starter-validation\3.3.0\spring-boot-starter-validation-3.3.0.jar;C:\Users\HARDIK\.m2\repository\org\apache\tomcat\embed\tomcat-embed-el\10.1.24\tomcat-embed-el-10.1.24.jar;C:\Users\HARDIK\.m2\repository\org\hibernate\validator\hibernate-validator\8.0.1.Final\hibernate-validator-8.0.1.Final.jar;C:\Users\HARDIK\.m2\repository\jakarta\validation\jakarta.validation-api\3.0.2\jakarta.validation-api-3.0.2.jar;C:\Users\HARDIK\.m2\repository\com\mysql\mysql-connector-j\8.3.0\mysql-connector-j-8.3.0.jar;C:\Users\HARDIK\.m2\repository\org\projectlombok\lombok\1.18.32\lombok-1.18.32.jar;C:\Users\HARDIK\.m2\repository\com\fasterxml\jackson\core\jackson-databind\2.15.2\jackson-databind-2.15.2.jar;C:\Users\HARDIK\.m2\repository\com\fasterxml\jackson\core\jackson-annotations\2.17.1\jackson-annotations-2.17.1.jar;C:\Users\HARDIK\.m2\repository\com\fasterxml\jackson\core\jackson-core\2.17.1\jackson-core-2.17.1.jar;C:\Users\HARDIK\.m2\repository\org\apache\commons\commons-lang3\3.12.0\commons-lang3-3.12.0.jar;C:\Users\HARDIK\.m2\repository\commons-fileupload\commons-fileupload\1.3.3\commons-fileupload-1.3.3.jar;C:\Users\HARDIK\.m2\repository\commons-io\commons-io\2.5\commons-io-2.5.jar;C:\Users\HARDIK\.m2\repository\org\springframework\boot\spring-boot-configuration-processor\3.3.0\spring-boot-configuration-processor-3.3.0.jar;C:\Users\HARDIK\.m2\repository\io\jsonwebtoken\jjwt-api\0.11.5\jjwt-api-0.11.5.jar;C:\Users\HARDIK\.m2\repository\io\jsonwebtoken\jjwt-impl\0.11.5\jjwt-impl-0.11.5.jar;C:\Users\HARDIK\.m2\repository\io\jsonwebtoken\jjwt-jackson\0.11.5\jjwt-jackson-0.11.5.jar;C:\Users\HARDIK\.m2\repository\jakarta\xml\bind\jakarta.xml.bind-api\4.0.2\jakarta.xml.bind-api-4.0.2.jar;C:\Users\HARDIK\.m2\repository\jakarta\activation\jakarta.activation-api\2.1.3\jakarta.activation-api-2.1.3.jar;C:\Users\HARDIK\.m2\repository\org\springframework\spring-core\6.1.8\spring-core-6.1.8.jar;C:\Users\HARDIK\.m2\repository\org\springframework\spring-jcl\6.1.8\spring-jcl-6.1.8.jar
Launcher Type: SUN_STANDARD

[Global flags]
     intx CICompilerCount                          = 4                                         {product} {ergonomic}
     uint ConcGCThreads                            = 2                                         {product} {ergonomic}
     uint G1ConcRefinementThreads                  = 8                                         {product} {ergonomic}
   size_t G1HeapRegionSize                         = 1048576                                   {product} {ergonomic}
   size_t InitialHeapSize                          = 98566144                                  {product} {ergonomic}
   size_t MarkStackSize                            = 4194304                                   {product} {ergonomic}
   size_t MaxHeapSize                              = 1564475392                                {product} {ergonomic}
   size_t MaxNewSize                               = 938475520                                 {product} {ergonomic}
   size_t MinHeapDeltaBytes                        = 1048576                                   {product} {ergonomic}
   size_t MinHeapSize                              = 8388608                                   {product} {ergonomic}
    uintx NonNMethodCodeHeapSize                   = 5839372                                {pd product} {ergonomic}
    uintx NonProfiledCodeHeapSize                  = 122909434                              {pd product} {ergonomic}
    uintx ProfiledCodeHeapSize                     = 122909434                              {pd product} {ergonomic}
    uintx ReservedCodeCacheSize                    = 251658240                              {pd product} {ergonomic}
     bool SegmentedCodeCache                       = true                                      {product} {ergonomic}
   size_t SoftMaxHeapSize                          = 1564475392                             {manageable} {ergonomic}
     bool UseCompressedOops                        = true                           {product lp64_product} {ergonomic}
     bool UseG1GC                                  = true                                      {product} {ergonomic}
     bool UseLargePagesIndividualAllocation        = false                                  {pd product} {ergonomic}

Logging:
Log output configuration:
 #0: stdout all=warning uptime,level,tags foldmultilines=false
 #1: stderr all=off uptime,level,tags foldmultilines=false

Environment Variables:
PATH=C:\app\HARDIK\product\21c\dbhomeXE\bin;C:\WINDOWS\system32;C:\WINDOWS;C:\WINDOWS\System32\Wbem;C:\WINDOWS\System32\WindowsPowerShell\v1.0\;C:\WINDOWS\System32\OpenSSH\;C:\Program Files\Git\cmd;C:\Program Files\nodejs\;C:\Users\HARDIK\AppData\Local\Programs\Python\Python313\Scripts\;C:\Users\HARDIK\AppData\Local\Programs\Python\Python313\;C:\Users\HARDIK\AppData\Local\Programs\Python\Launcher\;C:\Users\HARDIK\AppData\Local\Microsoft\WindowsApps;C:\Users\HARDIK\AppData\Local\Programs\Microsoft VS Code\bin;C:\Users\HARDIK\AppData\Roaming\npm;
USERNAME=HARDIK
OS=Windows_NT
PROCESSOR_IDENTIFIER=AMD64 Family 23 Model 160 Stepping 0, AuthenticAMD
TMP=C:\Users\HARDIK\AppData\Local\Temp
TEMP=C:\Users\HARDIK\AppData\Local\Temp




Periodic native trim disabled

---------------  S Y S T E M  ---------------

OS:
 Windows 11 , 64 bit Build 26100 (10.0.26100.7920)
OS uptime: 0 days 0:46 hours
Hyper-V role detected

CPU: total 8 (initial active 8) (8 cores per cpu, 2 threads per core) family 23 model 160 stepping 0 microcode 0x8a00009, cx8, cmov, fxsr, ht, mmx, 3dnowpref, sse, sse2, sse3, ssse3, sse4a, sse4.1, sse4.2, popcnt, lzcnt, tsc, tscinvbit, avx, avx2, aes, clmul, bmi1, bmi2, adx, sha, fma, vzeroupper, clflush, clflushopt, hv, rdtscp, rdpid, f16c
Processor Information for all 8 processors :
  Max Mhz: 2401, Current Mhz: 2401, Mhz Limit: 2401

Memory: 4k page, system-wide physical 5965M (521M free)
TotalPageFile size 14157M (AvailPageFile size 10M)
current process WorkingSet (physical memory assigned to process): 253M, peak: 258M
current process commit charge ("private bytes"): 289M, peak: 294M

vm_info: OpenJDK 64-Bit Server VM (22.0.2+9-70) for windows-amd64 JRE (22.0.2+9-70), built on 2024-06-04T16:52:23Z by "mach5one" with MS VC++ 17.6 (VS2022)

END.
