#
# There is insufficient memory for the Java Runtime Environment to continue.
# Native memory allocation (mmap) failed to map 65536 bytes. Error detail: Failed to commit metaspace.
# Possible reasons:
#   The system is out of physical RAM or swap space
#   This process is running with CompressedOops enabled, and the Java Heap may be blocking the growth of the native heap
# Possible solutions:
#   Reduce memory load on the system
#   Increase physical memory or swap space
#   Check if swap backing store is full
#   Decrease Java heap size (-Xmx/-Xms)
#   Decrease number of Java threads
#   Decrease Java thread stack sizes (-Xss)
#   Set larger code cache with -XX:ReservedCodeCacheSize=
#   JVM is running with Unscaled Compressed Oops mode in which the Java heap is
#     placed in the first 4GB address space. The Java Heap base address is the
#     maximum limit for the native heap growth. Please use -XX:HeapBaseMinAddress
#     to set the Java Heap base and to place the Java Heap above 4GB virtual address.
# This output file may be truncated or incomplete.
#
#  Out of Memory Error (virtualSpaceNode.cpp:112), pid=9404, tid=7444
#
# JRE version: OpenJDK Runtime Environment (22.0.2+9) (build 22.0.2+9-70)
# Java VM: OpenJDK 64-Bit Server VM (22.0.2+9-70, mixed mode, sharing, tiered, compressed oops, compressed class ptrs, g1 gc, windows-amd64)
# No core dump will be written. Minidumps are not enabled by default on client versions of Windows
#

---------------  S U M M A R Y ------------

Command Line: -javaagent:C:\Program Files\JetBrains\IntelliJ IDEA Community Edition 2024.1.4\lib\idea_rt.jar=5372:C:\Program Files\JetBrains\IntelliJ IDEA Community Edition 2024.1.4\bin -Dfile.encoding=UTF-8 -Dsun.stdout.encoding=UTF-8 -Dsun.stderr.encoding=UTF-8 com.avin.HotelBookingApplication.HotelBookingApplication

Host: AMD Ryzen 3 7320U with Radeon Graphics         , 8 cores, 5G,  Windows 11 , 64 bit Build 26100 (10.0.26100.7920)
Time: Wed Jun  3 19:48:59 2026 India Standard Time elapsed time: 454.387869 seconds (0d 0h 7m 34s)

---------------  T H R E A D  ---------------

Current thread (0x0000026b84d27c60):  JavaThread "C1 CompilerThread0" daemon [_thread_in_vm, id=7444, stack(0x000000dd28300000,0x000000dd28400000) (1024K)]


Current CompileTask:
C1:454388 8529       3       org.apache.catalina.valves.ValveBase::backgroundProcess (1 bytes)

Stack: [0x000000dd28300000,0x000000dd28400000]
Native frames: (J=compiled Java code, j=interpreted, Vv=VM code, C=native code)
V  [jvm.dll+0x6e26e9]  (no source info available)
V  [jvm.dll+0x875753]  (no source info available)
V  [jvm.dll+0x877b7e]  (no source info available)
V  [jvm.dll+0x878253]  (no source info available)
V  [jvm.dll+0x27fc86]  (no source info available)
V  [jvm.dll+0x87139e]  (no source info available)
V  [jvm.dll+0x685755]  (no source info available)
V  [jvm.dll+0x1e3cdc]  (no source info available)
V  [jvm.dll+0x1e3aae]  (no source info available)
V  [jvm.dll+0x6880a8]  (no source info available)
V  [jvm.dll+0x224f6c]  (no source info available)
V  [jvm.dll+0x68616e]  (no source info available)
V  [jvm.dll+0x69784a]  (no source info available)
V  [jvm.dll+0x6906d2]  (no source info available)
V  [jvm.dll+0x1f1b20]  (no source info available)
V  [jvm.dll+0x1f1d08]  (no source info available)
V  [jvm.dll+0x153462]  (no source info available)
V  [jvm.dll+0x1538a0]  (no source info available)
V  [jvm.dll+0x152c1d]  (no source info available)
V  [jvm.dll+0x154add]  (no source info available)
V  [jvm.dll+0x2568f3]  (no source info available)
V  [jvm.dll+0x254baa]  (no source info available)
V  [jvm.dll+0x3f57a6]  (no source info available)
V  [jvm.dll+0x81dc0b]  (no source info available)
V  [jvm.dll+0x6e0d85]  (no source info available)
C  [ucrtbase.dll+0x37b0]  (no source info available)
C  [KERNEL32.DLL+0x2e8d7]  (no source info available)
C  [ntdll.dll+0x8c48c]  (no source info available)


---------------  P R O C E S S  ---------------

Threads class SMR info:
_java_thread_list=0x0000026bcede29e0, length=29, elements={
0x0000026b84d02280, 0x0000026b84d07a20, 0x0000026b84d09f10, 0x0000026b84d0a970,
0x0000026b84d0ce10, 0x0000026b84d0e6c0, 0x0000026b84d12750, 0x0000026b84d27c60,
0x0000026b84cc15d0, 0x0000026bca675470, 0x0000026bca671390, 0x0000026bca3fde60,
0x0000026bccef5d60, 0x0000026bcb3e2aa0, 0x0000026bcb3e3130, 0x0000026bcb3e37c0,
0x0000026bcb3e16f0, 0x0000026bcb3e1d80, 0x0000026bcb3e1060, 0x0000026bcb3e3e50,
0x0000026bcb3e09d0, 0x0000026bcc8afff0, 0x0000026bcc8b13a0, 0x0000026bcc8b0680,
0x0000026bcc8b2750, 0x0000026bcc8b0d10, 0x0000026bcc8b2de0, 0x0000026bcc8b1a30,
0x0000026bcc8af960
}

Java Threads: ( => current thread )
  0x0000026b84d02280 JavaThread "Reference Handler"          daemon [_thread_blocked, id=4860, stack(0x000000dd27c00000,0x000000dd27d00000) (1024K)]
  0x0000026b84d07a20 JavaThread "Finalizer"                  daemon [_thread_blocked, id=14152, stack(0x000000dd27d00000,0x000000dd27e00000) (1024K)]
  0x0000026b84d09f10 JavaThread "Signal Dispatcher"          daemon [_thread_blocked, id=11380, stack(0x000000dd27e00000,0x000000dd27f00000) (1024K)]
  0x0000026b84d0a970 JavaThread "Attach Listener"            daemon [_thread_blocked, id=11468, stack(0x000000dd27f00000,0x000000dd28000000) (1024K)]
  0x0000026b84d0ce10 JavaThread "Service Thread"             daemon [_thread_blocked, id=10260, stack(0x000000dd28000000,0x000000dd28100000) (1024K)]
  0x0000026b84d0e6c0 JavaThread "Monitor Deflation Thread"   daemon [_thread_blocked, id=14444, stack(0x000000dd28100000,0x000000dd28200000) (1024K)]
  0x0000026b84d12750 JavaThread "C2 CompilerThread0"         daemon [_thread_blocked, id=12184, stack(0x000000dd28200000,0x000000dd28300000) (1024K)]
=>0x0000026b84d27c60 JavaThread "C1 CompilerThread0"         daemon [_thread_in_vm, id=7444, stack(0x000000dd28300000,0x000000dd28400000) (1024K)]
  0x0000026b84cc15d0 JavaThread "Common-Cleaner"             daemon [_thread_blocked, id=5684, stack(0x000000dd28400000,0x000000dd28500000) (1024K)]
  0x0000026bca675470 JavaThread "Monitor Ctrl-Break"         daemon [_thread_in_native, id=7688, stack(0x000000dd28500000,0x000000dd28600000) (1024K)]
  0x0000026bca671390 JavaThread "Notification Thread"        daemon [_thread_blocked, id=12904, stack(0x000000dd28600000,0x000000dd28700000) (1024K)]
  0x0000026bca3fde60 JavaThread "mysql-cj-abandoned-connection-cleanup" daemon [_thread_blocked, id=2652, stack(0x000000dd28f00000,0x000000dd29000000) (1024K)]
  0x0000026bccef5d60 JavaThread "HikariPool-1 housekeeper"   daemon [_thread_blocked, id=12648, stack(0x000000dd29200000,0x000000dd29300000) (1024K)]
  0x0000026bcb3e2aa0 JavaThread "Catalina-utility-1"                [_thread_blocked, id=14648, stack(0x000000dd29400000,0x000000dd29500000) (1024K)]
  0x0000026bcb3e3130 JavaThread "Catalina-utility-2"                [_thread_blocked, id=2980, stack(0x000000dd29500000,0x000000dd29600000) (1024K)]
  0x0000026bcb3e37c0 JavaThread "http-nio-8080-exec-1"       daemon [_thread_blocked, id=14248, stack(0x000000dd29600000,0x000000dd29700000) (1024K)]
  0x0000026bcb3e16f0 JavaThread "http-nio-8080-exec-2"       daemon [_thread_blocked, id=11240, stack(0x000000dd29700000,0x000000dd29800000) (1024K)]
  0x0000026bcb3e1d80 JavaThread "http-nio-8080-exec-3"       daemon [_thread_blocked, id=11208, stack(0x000000dd29800000,0x000000dd29900000) (1024K)]
  0x0000026bcb3e1060 JavaThread "http-nio-8080-exec-4"       daemon [_thread_blocked, id=8788, stack(0x000000dd29900000,0x000000dd29a00000) (1024K)]
  0x0000026bcb3e3e50 JavaThread "http-nio-8080-exec-5"       daemon [_thread_blocked, id=7112, stack(0x000000dd29a00000,0x000000dd29b00000) (1024K)]
  0x0000026bcb3e09d0 JavaThread "http-nio-8080-exec-6"       daemon [_thread_blocked, id=10032, stack(0x000000dd29b00000,0x000000dd29c00000) (1024K)]
  0x0000026bcc8afff0 JavaThread "http-nio-8080-exec-7"       daemon [_thread_blocked, id=8096, stack(0x000000dd29c00000,0x000000dd29d00000) (1024K)]
  0x0000026bcc8b13a0 JavaThread "http-nio-8080-exec-8"       daemon [_thread_blocked, id=5572, stack(0x000000dd29d00000,0x000000dd29e00000) (1024K)]
  0x0000026bcc8b0680 JavaThread "http-nio-8080-exec-9"       daemon [_thread_blocked, id=2544, stack(0x000000dd29e00000,0x000000dd29f00000) (1024K)]
  0x0000026bcc8b2750 JavaThread "http-nio-8080-exec-10"      daemon [_thread_blocked, id=9568, stack(0x000000dd29f00000,0x000000dd2a000000) (1024K)]
  0x0000026bcc8b0d10 JavaThread "container-0"                       [_thread_blocked, id=10148, stack(0x000000dd2a000000,0x000000dd2a100000) (1024K)]
  0x0000026bcc8b2de0 JavaThread "http-nio-8080-Poller"       daemon [_thread_in_native, id=14792, stack(0x000000dd29300000,0x000000dd29400000) (1024K)]
  0x0000026bcc8b1a30 JavaThread "http-nio-8080-Acceptor"     daemon [_thread_in_native, id=5880, stack(0x000000dd2a100000,0x000000dd2a200000) (1024K)]
  0x0000026bcc8af960 JavaThread "DestroyJavaVM"                     [_thread_blocked, id=4316, stack(0x000000dd27400000,0x000000dd27500000) (1024K)]
Total: 29

Other Threads:
  0x0000026b84cdec90 VMThread "VM Thread"                           [id=10784, stack(0x000000dd27b00000,0x000000dd27c00000) (1024K)]
  0x0000026b84cc0c70 WatcherThread "VM Periodic Task Thread"        [id=4340, stack(0x000000dd27a00000,0x000000dd27b00000) (1024K)]
  0x0000026be71d4b90 WorkerThread "GC Thread#0"                     [id=9828, stack(0x000000dd27500000,0x000000dd27600000) (1024K)]
  0x0000026bca8368c0 WorkerThread "GC Thread#1"                     [id=7748, stack(0x000000dd28800000,0x000000dd28900000) (1024K)]
  0x0000026bcae9c570 WorkerThread "GC Thread#2"                     [id=7784, stack(0x000000dd28900000,0x000000dd28a00000) (1024K)]
  0x0000026bca8cb200 WorkerThread "GC Thread#3"                     [id=5452, stack(0x000000dd28a00000,0x000000dd28b00000) (1024K)]
  0x0000026bcae46950 WorkerThread "GC Thread#4"                     [id=5224, stack(0x000000dd28b00000,0x000000dd28c00000) (1024K)]
  0x0000026bcae46d00 WorkerThread "GC Thread#5"                     [id=13324, stack(0x000000dd28c00000,0x000000dd28d00000) (1024K)]
  0x0000026bca87f1d0 WorkerThread "GC Thread#6"                     [id=1924, stack(0x000000dd28d00000,0x000000dd28e00000) (1024K)]
  0x0000026bca87f580 WorkerThread "GC Thread#7"                     [id=9524, stack(0x000000dd28e00000,0x000000dd28f00000) (1024K)]
  0x0000026be71e1510 ConcurrentGCThread "G1 Main Marker"            [id=6120, stack(0x000000dd27600000,0x000000dd27700000) (1024K)]
  0x0000026be71e2e50 WorkerThread "G1 Conc#0"                       [id=13764, stack(0x000000dd27700000,0x000000dd27800000) (1024K)]
  0x0000026bcb4d0bd0 WorkerThread "G1 Conc#1"                       [id=7768, stack(0x000000dd29000000,0x000000dd29100000) (1024K)]
  0x0000026be723e6b0 ConcurrentGCThread "G1 Refine#0"               [id=13844, stack(0x000000dd27800000,0x000000dd27900000) (1024K)]
  0x0000026b84b961e0 ConcurrentGCThread "G1 Service"                [id=5904, stack(0x000000dd27900000,0x000000dd27a00000) (1024K)]
Total: 15

Threads with active compile tasks:
C1 CompilerThread0  454505 8529       3       org.apache.catalina.valves.ValveBase::backgroundProcess (1 bytes)
Total: 1

VM state: not at safepoint (normal execution)

VM Mutex/Monitor currently owned by a thread:  ([mutex/lock_event])
[0x00007ffcb274ab00] Metaspace_lock - owner thread: 0x0000026b84d27c60

Heap address: 0x00000000a2c00000, size: 1492 MB, Compressed Oops mode: 32-bit

CDS archive(s) mapped at: [0x0000026b85000000-0x0000026b85c60000-0x0000026b85c60000), size 12976128, SharedBaseAddress: 0x0000026b85000000, ArchiveRelocationMode: 1.
Compressed class space mapped at: 0x0000026b86000000-0x0000026bc6000000, reserved size: 1073741824
Narrow klass base: 0x0000026b85000000, Narrow klass shift: 0, Narrow klass range: 0x41000000

GC Precious Log:
 CardTable entry size: 512
 Card Set container configuration: InlinePtr #cards 5 size 8 Array Of Cards #cards 12 size 40 Howl #buckets 4 coarsen threshold 1843 Howl Bitmap #cards 512 size 80 coarsen threshold 460 Card regions per heap region 1 cards per card region 2048
 CPUs: 8 total, 8 available
 Memory: 5965M
 Large Page Support: Disabled
 NUMA Support: Disabled
 Compressed Oops: Enabled (32-bit)
 Heap Region Size: 1M
 Heap Min Capacity: 8M
 Heap Initial Capacity: 94M
 Heap Max Capacity: 1492M
 Pre-touch: Disabled
 Parallel Workers: 8
 Concurrent Workers: 2
 Concurrent Refinement Workers: 8
 Periodic GC: Disabled

Heap:
 garbage-first heap   total reserved 1527808K, committed 113664K, used 57164K [0x00000000a2c00000, 0x0000000100000000)
  region size 1024K, 17 young (17408K), 6 survivors (6144K)
 Metaspace       used 85867K, committed 86656K, reserved 1179648K
  class space    used 12054K, committed 12416K, reserved 1048576K

Heap Regions: E=young(eden), S=young(survivor), O=old, HS=humongous(starts), HC=humongous(continues), CS=collection set, F=free, TAMS=top-at-mark-start, PB=parsable bottom
|   0|0x00000000a2c00000, 0x00000000a2d00000, 0x00000000a2d00000|100%|HS|  |TAMS 0x00000000a2c00000| PB 0x00000000a2c00000| Complete |  0
|   1|0x00000000a2d00000, 0x00000000a2e00000, 0x00000000a2e00000|100%| O|  |TAMS 0x00000000a2d00000| PB 0x00000000a2d00000| Untracked |  0
|   2|0x00000000a2e00000, 0x00000000a2f00000, 0x00000000a2f00000|100%| O|  |TAMS 0x00000000a2e00000| PB 0x00000000a2e00000| Untracked |  0
|   3|0x00000000a2f00000, 0x00000000a3000000, 0x00000000a3000000|100%| O|  |TAMS 0x00000000a2f00000| PB 0x00000000a2f00000| Untracked |  0
|   4|0x00000000a3000000, 0x00000000a3100000, 0x00000000a3100000|100%| O|  |TAMS 0x00000000a3000000| PB 0x00000000a3000000| Untracked |  0
|   5|0x00000000a3100000, 0x00000000a3200000, 0x00000000a3200000|100%| O|  |TAMS 0x00000000a3100000| PB 0x00000000a3100000| Untracked |  0
|   6|0x00000000a3200000, 0x00000000a3300000, 0x00000000a3300000|100%| O|  |TAMS 0x00000000a3200000| PB 0x00000000a3200000| Untracked |  0
|   7|0x00000000a3300000, 0x00000000a3400000, 0x00000000a3400000|100%| O|  |TAMS 0x00000000a3300000| PB 0x00000000a3300000| Untracked |  0
|   8|0x00000000a3400000, 0x00000000a3500000, 0x00000000a3500000|100%| O|  |TAMS 0x00000000a3400000| PB 0x00000000a3400000| Untracked |  0
|   9|0x00000000a3500000, 0x00000000a3600000, 0x00000000a3600000|100%| O|  |TAMS 0x00000000a3500000| PB 0x00000000a3500000| Untracked |  0
|  10|0x00000000a3600000, 0x00000000a3700000, 0x00000000a3700000|100%| O|  |TAMS 0x00000000a3600000| PB 0x00000000a3600000| Untracked |  0
|  11|0x00000000a3700000, 0x00000000a3800000, 0x00000000a3800000|100%| O|  |TAMS 0x00000000a3700000| PB 0x00000000a3700000| Untracked |  0
|  12|0x00000000a3800000, 0x00000000a3900000, 0x00000000a3900000|100%| O|  |TAMS 0x00000000a3800000| PB 0x00000000a3800000| Untracked |  0
|  13|0x00000000a3900000, 0x00000000a3a00000, 0x00000000a3a00000|100%| O|  |TAMS 0x00000000a3900000| PB 0x00000000a3900000| Untracked |  0
|  14|0x00000000a3a00000, 0x00000000a3b00000, 0x00000000a3b00000|100%| O|  |TAMS 0x00000000a3a00000| PB 0x00000000a3a00000| Untracked |  0
|  15|0x00000000a3b00000, 0x00000000a3c00000, 0x00000000a3c00000|100%| O|  |TAMS 0x00000000a3b00000| PB 0x00000000a3b00000| Untracked |  0
|  16|0x00000000a3c00000, 0x00000000a3d00000, 0x00000000a3d00000|100%| O|  |TAMS 0x00000000a3c00000| PB 0x00000000a3c00000| Untracked |  0
|  17|0x00000000a3d00000, 0x00000000a3e00000, 0x00000000a3e00000|100%| O|  |TAMS 0x00000000a3d00000| PB 0x00000000a3d00000| Untracked |  0
|  18|0x00000000a3e00000, 0x00000000a3f00000, 0x00000000a3f00000|100%| O|  |TAMS 0x00000000a3e00000| PB 0x00000000a3e00000| Untracked |  0
|  19|0x00000000a3f00000, 0x00000000a4000000, 0x00000000a4000000|100%| O|  |TAMS 0x00000000a3f00000| PB 0x00000000a3f00000| Untracked |  0
|  20|0x00000000a4000000, 0x00000000a4100000, 0x00000000a4100000|100%| O|  |TAMS 0x00000000a4000000| PB 0x00000000a4000000| Untracked |  0
|  21|0x00000000a4100000, 0x00000000a4200000, 0x00000000a4200000|100%| O|  |TAMS 0x00000000a4100000| PB 0x00000000a4100000| Untracked |  0
|  22|0x00000000a4200000, 0x00000000a4300000, 0x00000000a4300000|100%| O|  |TAMS 0x00000000a4200000| PB 0x00000000a4200000| Untracked |  0
|  23|0x00000000a4300000, 0x00000000a4400000, 0x00000000a4400000|100%| O|  |TAMS 0x00000000a4300000| PB 0x00000000a4300000| Untracked |  0
|  24|0x00000000a4400000, 0x00000000a4500000, 0x00000000a4500000|100%| O|  |TAMS 0x00000000a4400000| PB 0x00000000a4400000| Untracked |  0
|  25|0x00000000a4500000, 0x00000000a4600000, 0x00000000a4600000|100%| O|  |TAMS 0x00000000a4500000| PB 0x00000000a4500000| Untracked |  0
|  26|0x00000000a4600000, 0x00000000a4700000, 0x00000000a4700000|100%| O|  |TAMS 0x00000000a4600000| PB 0x00000000a4600000| Untracked |  0
|  27|0x00000000a4700000, 0x00000000a4800000, 0x00000000a4800000|100%| O|  |TAMS 0x00000000a4700000| PB 0x00000000a4700000| Untracked |  0
|  28|0x00000000a4800000, 0x00000000a4900000, 0x00000000a4900000|100%| O|  |TAMS 0x00000000a4800000| PB 0x00000000a4800000| Untracked |  0
|  29|0x00000000a4900000, 0x00000000a4a00000, 0x00000000a4a00000|100%| O|  |TAMS 0x00000000a4900000| PB 0x00000000a4900000| Untracked |  0
|  30|0x00000000a4a00000, 0x00000000a4b00000, 0x00000000a4b00000|100%| O|  |TAMS 0x00000000a4a00000| PB 0x00000000a4a00000| Untracked |  0
|  31|0x00000000a4b00000, 0x00000000a4c00000, 0x00000000a4c00000|100%| O|  |TAMS 0x00000000a4b00000| PB 0x00000000a4b00000| Untracked |  0
|  32|0x00000000a4c00000, 0x00000000a4d00000, 0x00000000a4d00000|100%| O|  |TAMS 0x00000000a4c00000| PB 0x00000000a4c00000| Untracked |  0
|  33|0x00000000a4d00000, 0x00000000a4e00000, 0x00000000a4e00000|100%| O|  |TAMS 0x00000000a4d00000| PB 0x00000000a4d00000| Untracked |  0
|  34|0x00000000a4e00000, 0x00000000a4f00000, 0x00000000a4f00000|100%| O|  |TAMS 0x00000000a4e00000| PB 0x00000000a4e00000| Untracked |  0
|  35|0x00000000a4f00000, 0x00000000a4f00000, 0x00000000a5000000|  0%| F|  |TAMS 0x00000000a4f00000| PB 0x00000000a4f00000| Untracked |  0
|  36|0x00000000a5000000, 0x00000000a5100000, 0x00000000a5100000|100%| O|  |TAMS 0x00000000a5000000| PB 0x00000000a5000000| Untracked |  0
|  37|0x00000000a5100000, 0x00000000a5100000, 0x00000000a5200000|  0%| F|  |TAMS 0x00000000a5100000| PB 0x00000000a5100000| Untracked |  0
|  38|0x00000000a5200000, 0x00000000a5300000, 0x00000000a5300000|100%| O|  |TAMS 0x00000000a5200000| PB 0x00000000a5200000| Untracked |  0
|  39|0x00000000a5300000, 0x00000000a5400000, 0x00000000a5400000|100%| O|  |TAMS 0x00000000a5300000| PB 0x00000000a5300000| Untracked |  0
|  40|0x00000000a5400000, 0x00000000a5400000, 0x00000000a5500000|  0%| F|  |TAMS 0x00000000a5400000| PB 0x00000000a5400000| Untracked |  0
|  41|0x00000000a5500000, 0x00000000a552ecb0, 0x00000000a5600000| 18%| O|  |TAMS 0x00000000a5500000| PB 0x00000000a5500000| Untracked |  0
|  42|0x00000000a5600000, 0x00000000a5600000, 0x00000000a5700000|  0%| F|  |TAMS 0x00000000a5600000| PB 0x00000000a5600000| Untracked |  0
|  43|0x00000000a5700000, 0x00000000a5700000, 0x00000000a5800000|  0%| F|  |TAMS 0x00000000a5700000| PB 0x00000000a5700000| Untracked |  0
|  44|0x00000000a5800000, 0x00000000a5800000, 0x00000000a5900000|  0%| F|  |TAMS 0x00000000a5800000| PB 0x00000000a5800000| Untracked |  0
|  45|0x00000000a5900000, 0x00000000a5900000, 0x00000000a5a00000|  0%| F|  |TAMS 0x00000000a5900000| PB 0x00000000a5900000| Untracked |  0
|  46|0x00000000a5a00000, 0x00000000a5a00000, 0x00000000a5b00000|  0%| F|  |TAMS 0x00000000a5a00000| PB 0x00000000a5a00000| Untracked |  0
|  47|0x00000000a5b00000, 0x00000000a5b00000, 0x00000000a5c00000|  0%| F|  |TAMS 0x00000000a5b00000| PB 0x00000000a5b00000| Untracked |  0
|  48|0x00000000a5c00000, 0x00000000a5d00000, 0x00000000a5d00000|100%| O|  |TAMS 0x00000000a5c00000| PB 0x00000000a5c00000| Untracked |  0
|  49|0x00000000a5d00000, 0x00000000a5e00000, 0x00000000a5e00000|100%| O|  |TAMS 0x00000000a5d00000| PB 0x00000000a5d00000| Untracked |  0
|  50|0x00000000a5e00000, 0x00000000a5e00000, 0x00000000a5f00000|  0%| F|  |TAMS 0x00000000a5e00000| PB 0x00000000a5e00000| Untracked |  0
|  51|0x00000000a5f00000, 0x00000000a5f00000, 0x00000000a6000000|  0%| F|  |TAMS 0x00000000a5f00000| PB 0x00000000a5f00000| Untracked |  0
|  52|0x00000000a6000000, 0x00000000a6000000, 0x00000000a6100000|  0%| F|  |TAMS 0x00000000a6000000| PB 0x00000000a6000000| Untracked |  0
|  53|0x00000000a6100000, 0x00000000a6100000, 0x00000000a6200000|  0%| F|  |TAMS 0x00000000a6100000| PB 0x00000000a6100000| Untracked |  0
|  54|0x00000000a6200000, 0x00000000a6200000, 0x00000000a6300000|  0%| F|  |TAMS 0x00000000a6200000| PB 0x00000000a6200000| Untracked |  0
|  55|0x00000000a6300000, 0x00000000a6300000, 0x00000000a6400000|  0%| F|  |TAMS 0x00000000a6300000| PB 0x00000000a6300000| Untracked |  0
|  56|0x00000000a6400000, 0x00000000a6400000, 0x00000000a6500000|  0%| F|  |TAMS 0x00000000a6400000| PB 0x00000000a6400000| Untracked |  0
|  57|0x00000000a6500000, 0x00000000a6500000, 0x00000000a6600000|  0%| F|  |TAMS 0x00000000a6500000| PB 0x00000000a6500000| Untracked |  0
|  58|0x00000000a6600000, 0x00000000a6600000, 0x00000000a6700000|  0%| F|  |TAMS 0x00000000a6600000| PB 0x00000000a6600000| Untracked |  0
|  59|0x00000000a6700000, 0x00000000a67a4610, 0x00000000a6800000| 64%| S|CS|TAMS 0x00000000a6700000| PB 0x00000000a6700000| Complete |  0
|  60|0x00000000a6800000, 0x00000000a6900000, 0x00000000a6900000|100%| S|CS|TAMS 0x00000000a6800000| PB 0x00000000a6800000| Complete |  0
|  61|0x00000000a6900000, 0x00000000a6a00000, 0x00000000a6a00000|100%| S|CS|TAMS 0x00000000a6900000| PB 0x00000000a6900000| Complete |  0
|  62|0x00000000a6a00000, 0x00000000a6a00000, 0x00000000a6b00000|  0%| F|  |TAMS 0x00000000a6a00000| PB 0x00000000a6a00000| Untracked |  0
|  63|0x00000000a6b00000, 0x00000000a6b00000, 0x00000000a6c00000|  0%| F|  |TAMS 0x00000000a6b00000| PB 0x00000000a6b00000| Untracked |  0
|  64|0x00000000a6c00000, 0x00000000a6d00000, 0x00000000a6d00000|100%| S|CS|TAMS 0x00000000a6c00000| PB 0x00000000a6c00000| Complete |  0
|  65|0x00000000a6d00000, 0x00000000a6e00000, 0x00000000a6e00000|100%| S|CS|TAMS 0x00000000a6d00000| PB 0x00000000a6d00000| Complete |  0
|  66|0x00000000a6e00000, 0x00000000a6f00000, 0x00000000a6f00000|100%| S|CS|TAMS 0x00000000a6e00000| PB 0x00000000a6e00000| Complete |  0
|  67|0x00000000a6f00000, 0x00000000a6f00000, 0x00000000a7000000|  0%| F|  |TAMS 0x00000000a6f00000| PB 0x00000000a6f00000| Untracked |  0
|  68|0x00000000a7000000, 0x00000000a7000000, 0x00000000a7100000|  0%| F|  |TAMS 0x00000000a7000000| PB 0x00000000a7000000| Untracked |  0
|  69|0x00000000a7100000, 0x00000000a7100000, 0x00000000a7200000|  0%| F|  |TAMS 0x00000000a7100000| PB 0x00000000a7100000| Untracked |  0
|  70|0x00000000a7200000, 0x00000000a7200000, 0x00000000a7300000|  0%| F|  |TAMS 0x00000000a7200000| PB 0x00000000a7200000| Untracked |  0
|  71|0x00000000a7300000, 0x00000000a7300000, 0x00000000a7400000|  0%| F|  |TAMS 0x00000000a7300000| PB 0x00000000a7300000| Untracked |  0
|  72|0x00000000a7400000, 0x00000000a7400000, 0x00000000a7500000|  0%| F|  |TAMS 0x00000000a7400000| PB 0x00000000a7400000| Untracked |  0
|  73|0x00000000a7500000, 0x00000000a7500000, 0x00000000a7600000|  0%| F|  |TAMS 0x00000000a7500000| PB 0x00000000a7500000| Untracked |  0
|  74|0x00000000a7600000, 0x00000000a7600000, 0x00000000a7700000|  0%| F|  |TAMS 0x00000000a7600000| PB 0x00000000a7600000| Untracked |  0
|  75|0x00000000a7700000, 0x00000000a7700000, 0x00000000a7800000|  0%| F|  |TAMS 0x00000000a7700000| PB 0x00000000a7700000| Untracked |  0
|  76|0x00000000a7800000, 0x00000000a7800000, 0x00000000a7900000|  0%| F|  |TAMS 0x00000000a7800000| PB 0x00000000a7800000| Untracked |  0
|  77|0x00000000a7900000, 0x00000000a7900000, 0x00000000a7a00000|  0%| F|  |TAMS 0x00000000a7900000| PB 0x00000000a7900000| Untracked |  0
|  78|0x00000000a7a00000, 0x00000000a7a00000, 0x00000000a7b00000|  0%| F|  |TAMS 0x00000000a7a00000| PB 0x00000000a7a00000| Untracked |  0
|  79|0x00000000a7b00000, 0x00000000a7b00000, 0x00000000a7c00000|  0%| F|  |TAMS 0x00000000a7b00000| PB 0x00000000a7b00000| Untracked |  0
|  80|0x00000000a7c00000, 0x00000000a7c00000, 0x00000000a7d00000|  0%| F|  |TAMS 0x00000000a7c00000| PB 0x00000000a7c00000| Untracked |  0
|  81|0x00000000a7d00000, 0x00000000a7d00000, 0x00000000a7e00000|  0%| F|  |TAMS 0x00000000a7d00000| PB 0x00000000a7d00000| Untracked |  0
|  82|0x00000000a7e00000, 0x00000000a7e00000, 0x00000000a7f00000|  0%| F|  |TAMS 0x00000000a7e00000| PB 0x00000000a7e00000| Untracked |  0
|  83|0x00000000a7f00000, 0x00000000a7f00000, 0x00000000a8000000|  0%| F|  |TAMS 0x00000000a7f00000| PB 0x00000000a7f00000| Untracked |  0
|  84|0x00000000a8000000, 0x00000000a8000000, 0x00000000a8100000|  0%| F|  |TAMS 0x00000000a8000000| PB 0x00000000a8000000| Untracked |  0
|  85|0x00000000a8100000, 0x00000000a8100000, 0x00000000a8200000|  0%| F|  |TAMS 0x00000000a8100000| PB 0x00000000a8100000| Untracked |  0
|  86|0x00000000a8200000, 0x00000000a8200000, 0x00000000a8300000|  0%| F|  |TAMS 0x00000000a8200000| PB 0x00000000a8200000| Untracked |  0
|  87|0x00000000a8300000, 0x00000000a8300000, 0x00000000a8400000|  0%| F|  |TAMS 0x00000000a8300000| PB 0x00000000a8300000| Untracked |  0
|  88|0x00000000a8400000, 0x00000000a8400000, 0x00000000a8500000|  0%| F|  |TAMS 0x00000000a8400000| PB 0x00000000a8400000| Untracked |  0
|  89|0x00000000a8500000, 0x00000000a8500000, 0x00000000a8600000|  0%| F|  |TAMS 0x00000000a8500000| PB 0x00000000a8500000| Untracked |  0
|  90|0x00000000a8600000, 0x00000000a8600000, 0x00000000a8700000|  0%| F|  |TAMS 0x00000000a8600000| PB 0x00000000a8600000| Untracked |  0
|  91|0x00000000a8700000, 0x00000000a8700000, 0x00000000a8800000|  0%| F|  |TAMS 0x00000000a8700000| PB 0x00000000a8700000| Untracked |  0
|  92|0x00000000a8800000, 0x00000000a8800000, 0x00000000a8900000|  0%| F|  |TAMS 0x00000000a8800000| PB 0x00000000a8800000| Untracked |  0
|  93|0x00000000a8900000, 0x00000000a8900000, 0x00000000a8a00000|  0%| F|  |TAMS 0x00000000a8900000| PB 0x00000000a8900000| Untracked |  0
|  94|0x00000000a8a00000, 0x00000000a8a00000, 0x00000000a8b00000|  0%| F|  |TAMS 0x00000000a8a00000| PB 0x00000000a8a00000| Untracked |  0
|  95|0x00000000a8b00000, 0x00000000a8b00000, 0x00000000a8c00000|  0%| F|  |TAMS 0x00000000a8b00000| PB 0x00000000a8b00000| Untracked |  0
|  96|0x00000000a8c00000, 0x00000000a8c00000, 0x00000000a8d00000|  0%| F|  |TAMS 0x00000000a8c00000| PB 0x00000000a8c00000| Untracked |  0
|  97|0x00000000a8d00000, 0x00000000a8d00000, 0x00000000a8e00000|  0%| F|  |TAMS 0x00000000a8d00000| PB 0x00000000a8d00000| Untracked |  0
|  98|0x00000000a8e00000, 0x00000000a8e00000, 0x00000000a8f00000|  0%| F|  |TAMS 0x00000000a8e00000| PB 0x00000000a8e00000| Untracked |  0
|  99|0x00000000a8f00000, 0x00000000a8f00000, 0x00000000a9000000|  0%| F|  |TAMS 0x00000000a8f00000| PB 0x00000000a8f00000| Untracked |  0
| 100|0x00000000a9000000, 0x00000000a90600d0, 0x00000000a9100000| 37%| E|  |TAMS 0x00000000a9000000| PB 0x00000000a9000000| Complete |  0
| 101|0x00000000a9100000, 0x00000000a9200000, 0x00000000a9200000|100%| E|CS|TAMS 0x00000000a9100000| PB 0x00000000a9100000| Complete |  0
| 102|0x00000000a9200000, 0x00000000a9300000, 0x00000000a9300000|100%| E|CS|TAMS 0x00000000a9200000| PB 0x00000000a9200000| Complete |  0
| 103|0x00000000a9300000, 0x00000000a9400000, 0x00000000a9400000|100%| E|CS|TAMS 0x00000000a9300000| PB 0x00000000a9300000| Complete |  0
| 104|0x00000000a9400000, 0x00000000a9500000, 0x00000000a9500000|100%| E|CS|TAMS 0x00000000a9400000| PB 0x00000000a9400000| Complete |  0
| 105|0x00000000a9500000, 0x00000000a9600000, 0x00000000a9600000|100%| E|CS|TAMS 0x00000000a9500000| PB 0x00000000a9500000| Complete |  0
| 106|0x00000000a9600000, 0x00000000a9700000, 0x00000000a9700000|100%| E|CS|TAMS 0x00000000a9600000| PB 0x00000000a9600000| Complete |  0
| 107|0x00000000a9700000, 0x00000000a9800000, 0x00000000a9800000|100%| E|CS|TAMS 0x00000000a9700000| PB 0x00000000a9700000| Complete |  0
|1489|0x00000000ffd00000, 0x00000000ffe00000, 0x00000000ffe00000|100%| E|CS|TAMS 0x00000000ffd00000| PB 0x00000000ffd00000| Complete |  0
|1490|0x00000000ffe00000, 0x00000000fff00000, 0x00000000fff00000|100%| E|CS|TAMS 0x00000000ffe00000| PB 0x00000000ffe00000| Complete |  0
|1491|0x00000000fff00000, 0x0000000100000000, 0x0000000100000000|100%| E|CS|TAMS 0x00000000fff00000| PB 0x00000000fff00000| Complete |  0

Card table byte_map: [0x0000026b80840000,0x0000026b80b30000] _byte_map_base: 0x0000026b8032a000

Marking Bits: (CMBitMap*) 0x0000026be71d51b0
 Bits: [0x0000026b80b30000, 0x0000026b82280000)

Polling page: 0x0000026be7240000

Metaspace:

Usage:
  Non-class:     72.08 MB used.
      Class:     11.77 MB used.
       Both:     83.86 MB used.

Virtual space:
  Non-class space:      128.00 MB reserved,      72.50 MB ( 57%) committed,  2 nodes.
      Class space:        1.00 GB reserved,      12.12 MB (  1%) committed,  1 nodes.
             Both:        1.12 GB reserved,      84.62 MB (  7%) committed. 

Chunk freelists:
   Non-Class:  7.11 MB
       Class:  3.86 MB
        Both:  10.97 MB

MaxMetaspaceSize: unlimited
CompressedClassSpaceSize: 1.00 GB
Initial GC threshold: 21.00 MB
Current GC threshold: 130.75 MB
CDS: on
 - commit_granule_bytes: 65536.
 - commit_granule_words: 8192.
 - virtual_space_node_default_size: 8388608.
 - enlarge_chunks_in_place: 1.
 - use_allocation_guard: 0.


Internal statistics:

num_allocs_failed_limit: 9.
num_arena_births: 1152.
num_arena_deaths: 0.
num_vsnodes_births: 3.
num_vsnodes_deaths: 0.
num_space_committed: 1354.
num_space_uncommitted: 0.
num_chunks_returned_to_freelist: 9.
num_chunks_taken_from_freelist: 4104.
num_chunk_merges: 6.
num_chunk_splits: 2980.
num_chunks_enlarged: 2332.
num_inconsistent_stats: 0.

CodeHeap 'non-profiled nmethods': size=120000Kb used=5046Kb max_used=5046Kb free=114953Kb
 bounds [0x0000026bf85a0000, 0x0000026bf8a90000, 0x0000026bffad0000]
CodeHeap 'profiled nmethods': size=120000Kb used=13264Kb max_used=13264Kb free=106736Kb
 bounds [0x0000026bf0ad0000, 0x0000026bf17d0000, 0x0000026bf8000000]
CodeHeap 'non-nmethods': size=5760Kb used=1794Kb max_used=1836Kb free=3965Kb
 bounds [0x0000026bf8000000, 0x0000026bf8270000, 0x0000026bf85a0000]
 total_blobs=7976 nmethods=7180 adapters=699
 compilation: enabled
              stopped_count=0, restarted_count=0
 full_count=0

Compilation events (20 events):
Event: 342.204 Thread 0x0000026b84d27c60 nmethod 8518 0x0000026bf17be110 code [0x0000026bf17be2a0, 0x0000026bf17be4c0]
Event: 355.983 Thread 0x0000026b84d27c60 8519   !   3       jdk.internal.loader.BuiltinClassLoader::findResource (154 bytes)
Event: 355.991 Thread 0x0000026b84d27c60 nmethod 8519 0x0000026bf17be590 code [0x0000026bf17be900, 0x0000026bf17bfd50]
Event: 376.601 Thread 0x0000026b84d12750 8520       4       jdk.internal.misc.Unsafe::putIntOpaque (9 bytes)
Event: 376.609 Thread 0x0000026b84d12750 nmethod 8520 0x0000026bf8a8ce10 code [0x0000026bf8a8cf80, 0x0000026bf8a8d018]
Event: 410.330 Thread 0x0000026b84d27c60 8521   !   3       sun.nio.ch.WEPollSelectorImpl::doSelect (132 bytes)
Event: 410.336 Thread 0x0000026b84d27c60 nmethod 8521 0x0000026bf17c0590 code [0x0000026bf17c0860, 0x0000026bf17c13d8]
Event: 410.336 Thread 0x0000026b84d27c60 8522   !   3       sun.nio.ch.WEPollSelectorImpl::processUpdateQueue (203 bytes)
Event: 410.342 Thread 0x0000026b84d27c60 nmethod 8522 0x0000026bf17c1a10 code [0x0000026bf17c1ca0, 0x0000026bf17c2be8]
Event: 410.342 Thread 0x0000026b84d27c60 8523       3       sun.nio.ch.SelectorImpl::begin (9 bytes)
Event: 410.342 Thread 0x0000026b84d27c60 nmethod 8523 0x0000026bf17c3290 code [0x0000026bf17c3440, 0x0000026bf17c35a8]
Event: 410.342 Thread 0x0000026b84d27c60 8524       3       jdk.internal.misc.Blocker::begin (14 bytes)
Event: 410.342 Thread 0x0000026b84d27c60 nmethod 8524 0x0000026bf17c3690 code [0x0000026bf17c3840, 0x0000026bf17c39c8]
Event: 411.333 Thread 0x0000026b84d27c60 8526       3       sun.nio.ch.SelectorImpl::select (35 bytes)
Event: 411.338 Thread 0x0000026b84d27c60 nmethod 8526 0x0000026bf17c3a90 code [0x0000026bf17c3c60, 0x0000026bf17c3f20]
Event: 440.597 Thread 0x0000026b84d12750 8527       4       java.util.concurrent.locks.AbstractQueuedSynchronizer$Node::setStatusRelaxed (12 bytes)
Event: 440.598 Thread 0x0000026b84d12750 nmethod 8527 0x0000026bf8a8d510 code [0x0000026bf8a8d680, 0x0000026bf8a8d710]
Event: 452.338 Thread 0x0000026b84d27c60 8528       1       org.apache.catalina.core.ContainerBase::getBackgroundProcessorDelay (5 bytes)
Event: 452.338 Thread 0x0000026b84d27c60 nmethod 8528 0x0000026bf8a8d810 code [0x0000026bf8a8d9a0, 0x0000026bf8a8da68]
Event: 452.339 Thread 0x0000026b84d27c60 8529       3       org.apache.catalina.valves.ValveBase::backgroundProcess (1 bytes)

GC Heap History (20 events):
Event: 22.355 GC heap before
{Heap before GC invocations=21 (full 0):
 garbage-first heap   total reserved 1527808K, committed 58368K, used 50025K [0x00000000a2c00000, 0x0000000100000000)
  region size 1024K, 21 young (21504K), 3 survivors (3072K)
 Metaspace       used 72049K, committed 72832K, reserved 1114112K
  class space    used 9889K, committed 10240K, reserved 1048576K
}
Event: 22.359 GC heap after
{Heap after GC invocations=22 (full 0):
 garbage-first heap   total reserved 1527808K, committed 58368K, used 33954K [0x00000000a2c00000, 0x0000000100000000)
  region size 1024K, 3 young (3072K), 3 survivors (3072K)
 Metaspace       used 72049K, committed 72832K, reserved 1114112K
  class space    used 9889K, committed 10240K, reserved 1048576K
}
Event: 22.882 GC heap before
{Heap before GC invocations=22 (full 0):
 garbage-first heap   total reserved 1527808K, committed 58368K, used 50338K [0x00000000a2c00000, 0x0000000100000000)
  region size 1024K, 19 young (19456K), 3 survivors (3072K)
 Metaspace       used 75164K, committed 75904K, reserved 1179648K
  class space    used 10531K, committed 10880K, reserved 1048576K
}
Event: 22.886 GC heap after
{Heap after GC invocations=23 (full 0):
 garbage-first heap   total reserved 1527808K, committed 70656K, used 35149K [0x00000000a2c00000, 0x0000000100000000)
  region size 1024K, 3 young (3072K), 3 survivors (3072K)
 Metaspace       used 75164K, committed 75904K, reserved 1179648K
  class space    used 10531K, committed 10880K, reserved 1048576K
}
Event: 23.115 GC heap before
{Heap before GC invocations=23 (full 0):
 garbage-first heap   total reserved 1527808K, committed 70656K, used 61773K [0x00000000a2c00000, 0x0000000100000000)
  region size 1024K, 30 young (30720K), 3 survivors (3072K)
 Metaspace       used 76494K, committed 77184K, reserved 1179648K
  class space    used 10700K, committed 11008K, reserved 1048576K
}
Event: 23.120 GC heap after
{Heap after GC invocations=24 (full 0):
 garbage-first heap   total reserved 1527808K, committed 70656K, used 38309K [0x00000000a2c00000, 0x0000000100000000)
  region size 1024K, 4 young (4096K), 4 survivors (4096K)
 Metaspace       used 76494K, committed 77184K, reserved 1179648K
  class space    used 10700K, committed 11008K, reserved 1048576K
}
Event: 23.223 GC heap before
{Heap before GC invocations=24 (full 0):
 garbage-first heap   total reserved 1527808K, committed 70656K, used 61861K [0x00000000a2c00000, 0x0000000100000000)
  region size 1024K, 27 young (27648K), 4 survivors (4096K)
 Metaspace       used 76509K, committed 77248K, reserved 1179648K
  class space    used 10700K, committed 11008K, reserved 1048576K
}
Event: 23.230 GC heap after
{Heap after GC invocations=25 (full 0):
 garbage-first heap   total reserved 1527808K, committed 72704K, used 44580K [0x00000000a2c00000, 0x0000000100000000)
  region size 1024K, 4 young (4096K), 4 survivors (4096K)
 Metaspace       used 76509K, committed 77248K, reserved 1179648K
  class space    used 10700K, committed 11008K, reserved 1048576K
}
Event: 23.288 GC heap before
{Heap before GC invocations=25 (full 0):
 garbage-first heap   total reserved 1527808K, committed 72704K, used 63012K [0x00000000a2c00000, 0x0000000100000000)
  region size 1024K, 22 young (22528K), 4 survivors (4096K)
 Metaspace       used 76518K, committed 77248K, reserved 1179648K
  class space    used 10700K, committed 11008K, reserved 1048576K
}
Event: 23.295 GC heap after
{Heap after GC invocations=26 (full 0):
 garbage-first heap   total reserved 1527808K, committed 73728K, used 51042K [0x00000000a2c00000, 0x0000000100000000)
  region size 1024K, 3 young (3072K), 3 survivors (3072K)
 Metaspace       used 76518K, committed 77248K, reserved 1179648K
  class space    used 10700K, committed 11008K, reserved 1048576K
}
Event: 23.499 GC heap before
{Heap before GC invocations=27 (full 0):
 garbage-first heap   total reserved 1527808K, committed 86016K, used 63330K [0x00000000a2c00000, 0x0000000100000000)
  region size 1024K, 15 young (15360K), 3 survivors (3072K)
 Metaspace       used 76955K, committed 77696K, reserved 1179648K
  class space    used 10820K, committed 11136K, reserved 1048576K
}
Event: 23.502 GC heap after
{Heap after GC invocations=28 (full 0):
 garbage-first heap   total reserved 1527808K, committed 86016K, used 52636K [0x00000000a2c00000, 0x0000000100000000)
  region size 1024K, 1 young (1024K), 1 survivors (1024K)
 Metaspace       used 76955K, committed 77696K, reserved 1179648K
  class space    used 10820K, committed 11136K, reserved 1048576K
}
Event: 23.969 GC heap before
{Heap before GC invocations=28 (full 0):
 garbage-first heap   total reserved 1527808K, committed 86016K, used 74140K [0x00000000a2c00000, 0x0000000100000000)
  region size 1024K, 22 young (22528K), 1 survivors (1024K)
 Metaspace       used 78335K, committed 79104K, reserved 1179648K
  class space    used 10993K, committed 11328K, reserved 1048576K
}
Event: 23.973 GC heap after
{Heap after GC invocations=29 (full 0):
 garbage-first heap   total reserved 1527808K, committed 86016K, used 53870K [0x00000000a2c00000, 0x0000000100000000)
  region size 1024K, 3 young (3072K), 3 survivors (3072K)
 Metaspace       used 78335K, committed 79104K, reserved 1179648K
  class space    used 10993K, committed 11328K, reserved 1048576K
}
Event: 24.477 GC heap before
{Heap before GC invocations=29 (full 0):
 garbage-first heap   total reserved 1527808K, committed 86016K, used 74350K [0x00000000a2c00000, 0x0000000100000000)
  region size 1024K, 23 young (23552K), 3 survivors (3072K)
 Metaspace       used 79596K, committed 80320K, reserved 1179648K
  class space    used 11199K, committed 11520K, reserved 1048576K
}
Event: 24.481 GC heap after
{Heap after GC invocations=30 (full 0):
 garbage-first heap   total reserved 1527808K, committed 86016K, used 55055K [0x00000000a2c00000, 0x0000000100000000)
  region size 1024K, 3 young (3072K), 3 survivors (3072K)
 Metaspace       used 79596K, committed 80320K, reserved 1179648K
  class space    used 11199K, committed 11520K, reserved 1048576K
}
Event: 24.910 GC heap before
{Heap before GC invocations=31 (full 0):
 garbage-first heap   total reserved 1527808K, committed 89088K, used 73487K [0x00000000a2c00000, 0x0000000100000000)
  region size 1024K, 24 young (24576K), 3 survivors (3072K)
 Metaspace       used 80145K, committed 80896K, reserved 1179648K
  class space    used 11282K, committed 11648K, reserved 1048576K
}
Event: 24.915 GC heap after
{Heap after GC invocations=32 (full 0):
 garbage-first heap   total reserved 1527808K, committed 113664K, used 53078K [0x00000000a2c00000, 0x0000000100000000)
  region size 1024K, 3 young (3072K), 3 survivors (3072K)
 Metaspace       used 80145K, committed 80896K, reserved 1179648K
  class space    used 11282K, committed 11648K, reserved 1048576K
}
Event: 25.784 GC heap before
{Heap before GC invocations=32 (full 0):
 garbage-first heap   total reserved 1527808K, committed 113664K, used 96086K [0x00000000a2c00000, 0x0000000100000000)
  region size 1024K, 45 young (46080K), 3 survivors (3072K)
 Metaspace       used 83071K, committed 83968K, reserved 1179648K
  class space    used 11693K, committed 12096K, reserved 1048576K
}
Event: 25.790 GC heap after
{Heap after GC invocations=33 (full 0):
 garbage-first heap   total reserved 1527808K, committed 113664K, used 46924K [0x00000000a2c00000, 0x0000000100000000)
  region size 1024K, 6 young (6144K), 6 survivors (6144K)
 Metaspace       used 83071K, committed 83968K, reserved 1179648K
  class space    used 11693K, committed 12096K, reserved 1048576K
}

Dll operation events (15 events):
Event: 0.021 Loaded shared library C:\Users\HARDIK\.jdks\openjdk-22.0.2\bin\java.dll
Event: 0.069 Loaded shared library C:\Users\HARDIK\.jdks\openjdk-22.0.2\bin\jsvml.dll
Event: 0.233 Loaded shared library C:\Users\HARDIK\.jdks\openjdk-22.0.2\bin\zip.dll
Event: 0.239 Loaded shared library C:\Users\HARDIK\.jdks\openjdk-22.0.2\bin\instrument.dll
Event: 0.248 Loaded shared library C:\Users\HARDIK\.jdks\openjdk-22.0.2\bin\net.dll
Event: 0.251 Loaded shared library C:\Users\HARDIK\.jdks\openjdk-22.0.2\bin\nio.dll
Event: 0.338 Loaded shared library C:\Users\HARDIK\.jdks\openjdk-22.0.2\bin\zip.dll
Event: 1.461 Loaded shared library C:\Users\HARDIK\.jdks\openjdk-22.0.2\bin\jimage.dll
Event: 6.755 Loaded shared library C:\Program Files\JetBrains\IntelliJ IDEA Community Edition 2024.1.4\bin\breakgen64.dll
Event: 6.774 Loaded shared library C:\Users\HARDIK\.jdks\openjdk-22.0.2\bin\extnet.dll
Event: 8.284 Loaded shared library C:\Users\HARDIK\.jdks\openjdk-22.0.2\bin\le.dll
Event: 9.576 Loaded shared library C:\Users\HARDIK\.jdks\openjdk-22.0.2\bin\sunmscapi.dll
Event: 14.677 Loaded shared library C:\Users\HARDIK\.jdks\openjdk-22.0.2\bin\management.dll
Event: 14.684 Loaded shared library C:\Users\HARDIK\.jdks\openjdk-22.0.2\bin\management_ext.dll
Event: 16.404 Loaded shared library C:\Users\HARDIK\.jdks\openjdk-22.0.2\bin\verify.dll

Deoptimization events (20 events):
Event: 256.993 Thread 0x0000026bcb3e37c0 Uncommon trap: trap_request=0xffffff45 fr.pc=0x0000026bf89fd610 relative=0x0000000000000450
Event: 256.993 Thread 0x0000026bcb3e37c0 Uncommon trap: reason=unstable_if action=reinterpret pc=0x0000026bf89fd610 method=java.util.IdentityHashMap.maskNull(Ljava/lang/Object;)Ljava/lang/Object; @ 1 c2
Event: 256.993 Thread 0x0000026bcb3e37c0 DEOPT PACKING pc=0x0000026bf89fd610 sp=0x000000dd296fa7a0
Event: 256.993 Thread 0x0000026bcb3e37c0 DEOPT UNPACKING pc=0x0000026bf80546a2 sp=0x000000dd296fa6f0 mode 2
Event: 342.203 Thread 0x0000026bcb3e2aa0 Uncommon trap: trap_request=0xffffffbe fr.pc=0x0000026bf8a8bf78 relative=0x0000000000000cf8
Event: 342.203 Thread 0x0000026bcb3e2aa0 Uncommon trap: reason=profile_predicate action=maybe_recompile pc=0x0000026bf8a8bf78 method=java.util.TreeMap.put(Ljava/lang/Object;Ljava/lang/Object;Z)Ljava/lang/Object; @ 27 c2
Event: 342.203 Thread 0x0000026bcb3e2aa0 DEOPT PACKING pc=0x0000026bf8a8bf78 sp=0x000000dd294feb30
Event: 342.204 Thread 0x0000026bcb3e2aa0 DEOPT UNPACKING pc=0x0000026bf80546a2 sp=0x000000dd294feaf0 mode 2
Event: 342.204 Thread 0x0000026bcb3e2aa0 Uncommon trap: trap_request=0xffffffbe fr.pc=0x0000026bf8a8bf78 relative=0x0000000000000cf8
Event: 342.204 Thread 0x0000026bcb3e2aa0 Uncommon trap: reason=profile_predicate action=maybe_recompile pc=0x0000026bf8a8bf78 method=java.util.TreeMap.put(Ljava/lang/Object;Ljava/lang/Object;Z)Ljava/lang/Object; @ 27 c2
Event: 342.204 Thread 0x0000026bcb3e2aa0 DEOPT PACKING pc=0x0000026bf8a8bf78 sp=0x000000dd294feb30
Event: 342.204 Thread 0x0000026bcb3e2aa0 DEOPT UNPACKING pc=0x0000026bf80546a2 sp=0x000000dd294feaf0 mode 2
Event: 352.215 Thread 0x0000026bcb3e3130 Uncommon trap: trap_request=0xffffffbe fr.pc=0x0000026bf8a8bf78 relative=0x0000000000000cf8
Event: 352.215 Thread 0x0000026bcb3e3130 Uncommon trap: reason=profile_predicate action=maybe_recompile pc=0x0000026bf8a8bf78 method=java.util.TreeMap.put(Ljava/lang/Object;Ljava/lang/Object;Z)Ljava/lang/Object; @ 27 c2
Event: 352.215 Thread 0x0000026bcb3e3130 DEOPT PACKING pc=0x0000026bf8a8bf78 sp=0x000000dd295fedd0
Event: 352.217 Thread 0x0000026bcb3e3130 DEOPT UNPACKING pc=0x0000026bf80546a2 sp=0x000000dd295fed90 mode 2
Event: 352.217 Thread 0x0000026bcb3e3130 Uncommon trap: trap_request=0xffffffbe fr.pc=0x0000026bf8a8bf78 relative=0x0000000000000cf8
Event: 352.217 Thread 0x0000026bcb3e3130 Uncommon trap: reason=profile_predicate action=maybe_recompile pc=0x0000026bf8a8bf78 method=java.util.TreeMap.put(Ljava/lang/Object;Ljava/lang/Object;Z)Ljava/lang/Object; @ 27 c2
Event: 352.217 Thread 0x0000026bcb3e3130 DEOPT PACKING pc=0x0000026bf8a8bf78 sp=0x000000dd295fedd0
Event: 352.221 Thread 0x0000026bcb3e3130 DEOPT UNPACKING pc=0x0000026bf80546a2 sp=0x000000dd295fed90 mode 2

Classes loaded (20 events):
Event: 256.639 Loading class java/util/concurrent/ArrayBlockingQueue
Event: 256.640 Loading class java/util/concurrent/ArrayBlockingQueue done
Event: 256.643 Loading class java/util/concurrent/ArrayBlockingQueue$Itr
Event: 256.643 Loading class java/util/concurrent/ArrayBlockingQueue$Itr done
Event: 256.741 Loading class java/util/ArrayDeque$DescendingIterator
Event: 256.742 Loading class java/util/ArrayDeque$DescendingIterator done
Event: 256.839 Loading class java/time/format/DateTimeFormatterBuilder$ZoneTextPrinterParser
Event: 256.840 Loading class java/time/format/DateTimeFormatterBuilder$ZoneTextPrinterParser done
Event: 256.841 Loading class java/time/format/DateTimeFormatterBuilder$ReducedPrinterParser
Event: 256.841 Loading class java/time/format/DateTimeFormatterBuilder$ReducedPrinterParser done
Event: 256.883 Loading class java/util/stream/ReferencePipeline$4
Event: 256.884 Loading class java/util/stream/ReferencePipeline$4 done
Event: 256.884 Loading class java/util/function/IntBinaryOperator
Event: 256.884 Loading class java/util/function/IntBinaryOperator done
Event: 256.885 Loading class java/util/stream/ReduceOps$7
Event: 256.885 Loading class java/util/stream/ReduceOps$7 done
Event: 256.885 Loading class java/util/stream/ReduceOps$6ReducingSink
Event: 256.886 Loading class java/util/stream/ReduceOps$6ReducingSink done
Event: 256.886 Loading class java/util/stream/ReferencePipeline$4$1
Event: 256.886 Loading class java/util/stream/ReferencePipeline$4$1 done

Classes unloaded (0 events):
No events

Classes redefined (0 events):
No events

Internal exceptions (20 events):
Event: 23.742 Thread 0x0000026be6c90ca0 Exception <a 'java/lang/IncompatibleClassChangeError'{0x00000000a7030a68}: Found class java.lang.Object, but interface was expected> (0x00000000a7030a68) 
thrown [s\open\src\hotspot\share\interpreter\linkResolver.cpp, line 841]
Event: 23.774 Thread 0x0000026be6c90ca0 Exception <a 'java/lang/NoSuchMethodError'{0x00000000a6f5de90}: 'java.lang.Object java.lang.invoke.DirectMethodHandle$Holder.invokeInterface(java.lang.Object, java.lang.Object, java.lang.Object, java.lang.Object)'> (0x00000000a6f5de90) 
thrown [s\open\src\hotspot\share\interpreter\linkResolver.cpp, line 774]
Event: 24.214 Thread 0x0000026be6c90ca0 Exception <a 'java/lang/NoSuchMethodError'{0x00000000a7642980}: 'java.lang.Object java.lang.invoke.DirectMethodHandle$Holder.invokeVirtual(java.lang.Object, java.lang.Object, java.lang.Object, java.lang.Object, java.lang.Object, java.lang.Object, java.lang.Object)'> (0x00000000a7642980) 
thrown [s\open\src\hotspot\share\interpreter\linkResolver.cpp, line 774]
Event: 24.442 Thread 0x0000026be6c90ca0 Exception <a 'java/lang/NoSuchMethodError'{0x00000000a6ca99a0}: 'java.lang.Object java.lang.invoke.DirectMethodHandle$Holder.invokeVirtual(java.lang.Object, java.lang.Object, java.lang.Object, java.lang.Object, java.lang.Object, java.lang.Object, java.lang.Object, java.lang.Object, java.lang.Object)'> (0x00000000a6ca99a0) 
thrown [s\open\src\hotspot\share\interpreter\linkResolver.cpp, line 774]
Event: 24.815 Thread 0x0000026be6c90ca0 Exception <a 'java/lang/IncompatibleClassChangeError'{0x00000000a71765d0}: Found class java.lang.Object, but interface was expected> (0x00000000a71765d0) 
thrown [s\open\src\hotspot\share\interpreter\linkResolver.cpp, line 841]
Event: 25.134 Thread 0x0000026be6c90ca0 Exception <a 'java/lang/NoSuchMethodError'{0x00000000a8b99710}: 'void java.lang.invoke.DirectMethodHandle$Holder.invokeVirtual(java.lang.Object, java.lang.Object, long)'> (0x00000000a8b99710) 
thrown [s\open\src\hotspot\share\interpreter\linkResolver.cpp, line 774]
Event: 25.164 Thread 0x0000026be6c90ca0 Exception <a 'java/lang/NoSuchMethodError'{0x00000000a89f1998}: 'double java.lang.invoke.DirectMethodHandle$Holder.invokeStatic(java.lang.Object, java.lang.Object)'> (0x00000000a89f1998) 
thrown [s\open\src\hotspot\share\interpreter\linkResolver.cpp, line 774]
Event: 25.454 Thread 0x0000026be6c90ca0 Exception <a 'java/lang/IncompatibleClassChangeError'{0x00000000a768f158}: Found class java.lang.Object, but interface was expected> (0x00000000a768f158) 
thrown [s\open\src\hotspot\share\interpreter\linkResolver.cpp, line 841]
Event: 25.484 Thread 0x0000026be6c90ca0 Exception <a 'java/lang/NoSuchMethodError'{0x00000000a740d568}: 'void java.lang.invoke.DirectMethodHandle$Holder.invokeStatic(java.lang.Object, java.lang.Object, double)'> (0x00000000a740d568) 
thrown [s\open\src\hotspot\share\interpreter\linkResolver.cpp, line 774]
Event: 25.508 Thread 0x0000026be6c90ca0 Exception <a 'java/lang/NoSuchMethodError'{0x00000000a7461098}: 'double java.lang.invoke.DirectMethodHandle$Holder.invokeStatic(java.lang.Object, java.lang.Object, java.lang.Object)'> (0x00000000a7461098) 
thrown [s\open\src\hotspot\share\interpreter\linkResolver.cpp, line 774]
Event: 25.549 Thread 0x0000026be6c90ca0 Exception <a 'java/lang/IncompatibleClassChangeError'{0x00000000a7347880}: Found class java.lang.Object, but interface was expected> (0x00000000a7347880) 
thrown [s\open\src\hotspot\share\interpreter\linkResolver.cpp, line 841]
Event: 25.560 Thread 0x0000026be6c90ca0 Exception <a 'java/lang/NoSuchMethodError'{0x00000000a7362778}: 'java.lang.Object java.lang.invoke.DirectMethodHandle$Holder.newInvokeSpecial(java.lang.Object, java.lang.Object, int, java.lang.Object, java.lang.Object)'> (0x00000000a7362778) 
thrown [s\open\src\hotspot\share\interpreter\linkResolver.cpp, line 774]
Event: 25.563 Thread 0x0000026be6c90ca0 Exception <a 'java/lang/NoSuchMethodError'{0x00000000a736d4b0}: 'java.lang.Object java.lang.invoke.DirectMethodHandle$Holder.invokeSpecial(java.lang.Object, java.lang.Object, int, java.lang.Object, int, java.lang.Object)'> (0x00000000a736d4b0) 
thrown [s\open\src\hotspot\share\interpreter\linkResolver.cpp, line 774]
Event: 25.564 Thread 0x0000026be6c90ca0 Exception <a 'java/lang/NoSuchMethodError'{0x00000000a73742e0}: 'java.lang.Object java.lang.invoke.DirectMethodHandle$Holder.newInvokeSpecial(java.lang.Object, java.lang.Object, int, java.lang.Object, int)'> (0x00000000a73742e0) 
thrown [s\open\src\hotspot\share\interpreter\linkResolver.cpp, line 774]
Event: 25.564 Thread 0x0000026be6c90ca0 Exception <a 'java/lang/NoSuchMethodError'{0x00000000a7378118}: 'java.lang.Object java.lang.invoke.DirectMethodHandle$Holder.invokeSpecial(java.lang.Object, java.lang.Object, java.lang.Object, int, java.lang.Object, int)'> (0x00000000a7378118) 
thrown [s\open\src\hotspot\share\interpreter\linkResolver.cpp, line 774]
Event: 25.637 Thread 0x0000026be6c90ca0 Exception <a 'java/lang/IncompatibleClassChangeError'{0x00000000a72a51b8}: Found class java.lang.Object, but interface was expected> (0x00000000a72a51b8) 
thrown [s\open\src\hotspot\share\interpreter\linkResolver.cpp, line 841]
Event: 25.807 Thread 0x0000026bca671390 Exception <a 'java/lang/NoSuchMethodError'{0x00000000fff819c0}: 'long java.lang.invoke.DirectMethodHandle$Holder.invokeStatic(java.lang.Object, java.lang.Object, java.lang.Object)'> (0x00000000fff819c0) 
thrown [s\open\src\hotspot\share\interpreter\linkResolver.cpp, line 774]
Event: 256.491 Thread 0x0000026bcb3e37c0 Exception <a 'java/lang/NoSuchMethodError'{0x00000000a9625758}: 'java.lang.Object java.lang.invoke.DirectMethodHandle$Holder.invokeSpecial(java.lang.Object, java.lang.Object, java.lang.Object, java.lang.Object, java.lang.Object, long)'> (0x00000000a9625758) 
thrown [s\open\src\hotspot\share\interpreter\linkResolver.cpp, line 774]
Event: 256.491 Thread 0x0000026bcb3e37c0 Exception <a 'java/lang/NoSuchMethodError'{0x00000000a9628ed0}: 'java.lang.Object java.lang.invoke.Invokers$Holder.linkToTargetMethod(java.lang.Object, java.lang.Object, java.lang.Object, long, java.lang.Object)'> (0x00000000a9628ed0) 
thrown [s\open\src\hotspot\share\interpreter\linkResolver.cpp, line 774]
Event: 256.993 Thread 0x0000026bcb3e37c0 Implicit null exception at 0x0000026bf89fd209 to 0x0000026bf89fd5f4

ZGC Phase Switch (0 events):
No events

VM Operations (20 events):
Event: 256.743 Executing VM operation: HandshakeAllThreads (Deoptimize)
Event: 256.743 Executing VM operation: HandshakeAllThreads (Deoptimize) done
Event: 256.821 Executing VM operation: HandshakeAllThreads (Deoptimize)
Event: 256.821 Executing VM operation: HandshakeAllThreads (Deoptimize) done
Event: 256.909 Executing VM operation: HandshakeAllThreads (Deoptimize)
Event: 256.909 Executing VM operation: HandshakeAllThreads (Deoptimize) done
Event: 257.020 Executing VM operation: HandshakeAllThreads (Deoptimize)
Event: 257.020 Executing VM operation: HandshakeAllThreads (Deoptimize) done
Event: 258.020 Executing VM operation: Cleanup
Event: 258.021 Executing VM operation: Cleanup done
Event: 273.130 Executing VM operation: Cleanup
Event: 273.130 Executing VM operation: Cleanup done
Event: 300.716 Executing VM operation: HandshakeAllThreads (HandshakeForDeflation)
Event: 300.717 Executing VM operation: HandshakeAllThreads (HandshakeForDeflation) done
Event: 300.717 Executing VM operation: RendezvousGCThreads
Event: 300.717 Executing VM operation: RendezvousGCThreads done
Event: 306.773 Executing VM operation: Cleanup
Event: 306.773 Executing VM operation: Cleanup done
Event: 331.970 Executing VM operation: Cleanup
Event: 331.970 Executing VM operation: Cleanup done

Memory protections (0 events):
No events

Nmethod flushes (20 events):
Event: 24.534 Thread 0x0000026b84cdec90 flushing  nmethod 0x0000026bf8839e90
Event: 24.534 Thread 0x0000026b84cdec90 flushing  nmethod 0x0000026bf8882190
Event: 24.534 Thread 0x0000026b84cdec90 flushing  nmethod 0x0000026bf888a510
Event: 24.534 Thread 0x0000026b84cdec90 flushing  nmethod 0x0000026bf0ca7410
Event: 24.534 Thread 0x0000026b84cdec90 flushing  nmethod 0x0000026bf102bb10
Event: 24.534 Thread 0x0000026b84cdec90 flushing  nmethod 0x0000026bf10e7990
Event: 24.534 Thread 0x0000026b84cdec90 flushing  nmethod 0x0000026bf12a6390
Event: 24.534 Thread 0x0000026b84cdec90 flushing  nmethod 0x0000026bf1453b90
Event: 24.534 Thread 0x0000026b84cdec90 flushing  nmethod 0x0000026bf1454990
Event: 24.534 Thread 0x0000026b84cdec90 flushing  nmethod 0x0000026bf1455390
Event: 24.534 Thread 0x0000026b84cdec90 flushing  nmethod 0x0000026bf1457110
Event: 24.534 Thread 0x0000026b84cdec90 flushing  nmethod 0x0000026bf1457610
Event: 24.534 Thread 0x0000026b84cdec90 flushing  nmethod 0x0000026bf1457c90
Event: 24.534 Thread 0x0000026b84cdec90 flushing  nmethod 0x0000026bf1458010
Event: 24.534 Thread 0x0000026b84cdec90 flushing  nmethod 0x0000026bf14a2990
Event: 24.534 Thread 0x0000026b84cdec90 flushing  nmethod 0x0000026bf14a2e90
Event: 24.534 Thread 0x0000026b84cdec90 flushing  nmethod 0x0000026bf14a3210
Event: 24.534 Thread 0x0000026b84cdec90 flushing  nmethod 0x0000026bf14ab090
Event: 24.534 Thread 0x0000026b84cdec90 flushing  nmethod 0x0000026bf14ab690
Event: 24.534 Thread 0x0000026b84cdec90 flushing  nmethod 0x0000026bf166d410

Events (20 events):
Event: 21.945 Thread 0x0000026be6c90ca0 Thread added: 0x0000026bcb3e16f0
Event: 21.945 Thread 0x0000026be6c90ca0 Thread added: 0x0000026bcb3e1d80
Event: 21.945 Thread 0x0000026be6c90ca0 Thread added: 0x0000026bcb3e1060
Event: 21.945 Thread 0x0000026be6c90ca0 Thread added: 0x0000026bcb3e3e50
Event: 21.945 Thread 0x0000026be6c90ca0 Thread added: 0x0000026bcb3e09d0
Event: 21.945 Thread 0x0000026be6c90ca0 Thread added: 0x0000026bcc8afff0
Event: 21.945 Thread 0x0000026be6c90ca0 Thread added: 0x0000026bcc8b13a0
Event: 21.957 Thread 0x0000026be6c90ca0 Thread added: 0x0000026bcc8b0680
Event: 21.957 Thread 0x0000026be6c90ca0 Thread added: 0x0000026bcc8b2750
Event: 21.974 Thread 0x0000026be6c90ca0 Thread added: 0x0000026bcc8b0d10
Event: 23.811 Thread 0x0000026b84cc1d00 Thread exited: 0x0000026b84cc1d00
Event: 25.590 Thread 0x0000026be6c90ca0 Thread added: 0x0000026bcc8b2de0
Event: 25.592 Thread 0x0000026be6c90ca0 Thread added: 0x0000026bcc8b1a30
Event: 25.828 Thread 0x0000026be6c90ca0 Thread exited: 0x0000026be6c90ca0
Event: 25.828 Thread 0x0000026bcc8af960 Thread added: 0x0000026bcc8af960
Event: 28.596 Thread 0x0000026bca71a100 Thread exited: 0x0000026bca71a100
Event: 256.676 Thread 0x0000026b84d27c60 Thread added: 0x0000026bca719360
Event: 256.814 Thread 0x0000026b84d27c60 Thread added: 0x0000026bca71a100
Event: 262.082 Thread 0x0000026bca71a100 Thread exited: 0x0000026bca71a100
Event: 262.082 Thread 0x0000026bca719360 Thread exited: 0x0000026bca719360


Dynamic libraries:
0x00007ff7fc620000 - 0x00007ff7fc62e000 	C:\Users\HARDIK\.jdks\openjdk-22.0.2\bin\java.exe
0x00007ffd17020000 - 0x00007ffd17287000 	C:\WINDOWS\SYSTEM32\ntdll.dll
0x00007ffd160b0000 - 0x00007ffd16179000 	C:\WINDOWS\System32\KERNEL32.DLL
0x00007ffd14820000 - 0x00007ffd14c11000 	C:\WINDOWS\System32\KERNELBASE.dll
0x00007ffd13d10000 - 0x00007ffd13e5b000 	C:\WINDOWS\System32\ucrtbase.dll
0x00007ffcef210000 - 0x00007ffcef22b000 	C:\Users\HARDIK\.jdks\openjdk-22.0.2\bin\VCRUNTIME140.dll
0x00007ffcef0f0000 - 0x00007ffcef107000 	C:\Users\HARDIK\.jdks\openjdk-22.0.2\bin\jli.dll
0x00007ffd15b10000 - 0x00007ffd15cd5000 	C:\WINDOWS\System32\USER32.dll
0x00007ffcfea00000 - 0x00007ffcfec93000 	C:\WINDOWS\WinSxS\amd64_microsoft.windows.common-controls_6595b64144ccf1df_6.0.26100.8037_none_3e092faae333b53b\COMCTL32.dll
0x00007ffd16000000 - 0x00007ffd160a9000 	C:\WINDOWS\System32\msvcrt.dll
0x00007ffd14d90000 - 0x00007ffd14db7000 	C:\WINDOWS\System32\win32u.dll
0x00007ffd14f60000 - 0x00007ffd14f8b000 	C:\WINDOWS\System32\GDI32.dll
0x00007ffd13be0000 - 0x00007ffd13d0b000 	C:\WINDOWS\System32\gdi32full.dll
0x00007ffd13a80000 - 0x00007ffd13b23000 	C:\WINDOWS\System32\msvcp_win.dll
0x00007ffd15e20000 - 0x00007ffd15e51000 	C:\WINDOWS\System32\IMM32.DLL
0x00007ffd088e0000 - 0x00007ffd088ec000 	C:\Users\HARDIK\.jdks\openjdk-22.0.2\bin\vcruntime140_1.dll
0x00007ffce99e0000 - 0x00007ffce9a6e000 	C:\Users\HARDIK\.jdks\openjdk-22.0.2\bin\msvcp140.dll
0x00007ffcb1ae0000 - 0x00007ffcb2829000 	C:\Users\HARDIK\.jdks\openjdk-22.0.2\bin\server\jvm.dll
0x00007ffd167d0000 - 0x00007ffd1688b000 	C:\WINDOWS\System32\ADVAPI32.dll
0x00007ffd15f40000 - 0x00007ffd15fe7000 	C:\WINDOWS\System32\sechost.dll
0x00007ffd165f0000 - 0x00007ffd16708000 	C:\WINDOWS\System32\RPCRT4.dll
0x00007ffd16e90000 - 0x00007ffd16f04000 	C:\WINDOWS\System32\WS2_32.dll
0x00007ffd13760000 - 0x00007ffd137be000 	C:\WINDOWS\SYSTEM32\POWRPROF.dll
0x00007ffd09450000 - 0x00007ffd09485000 	C:\WINDOWS\SYSTEM32\WINMM.dll
0x00007ffd09bf0000 - 0x00007ffd09bfb000 	C:\WINDOWS\SYSTEM32\VERSION.dll
0x00007ffd13740000 - 0x00007ffd13754000 	C:\WINDOWS\SYSTEM32\UMPDC.dll
0x00007ffd12650000 - 0x00007ffd1266b000 	C:\WINDOWS\SYSTEM32\kernel.appcore.dll
0x00007ffceba10000 - 0x00007ffceba1a000 	C:\Users\HARDIK\.jdks\openjdk-22.0.2\bin\jimage.dll
0x00007ffd071e0000 - 0x00007ffd07422000 	C:\WINDOWS\SYSTEM32\DBGHELP.DLL
0x00007ffd14f90000 - 0x00007ffd15312000 	C:\WINDOWS\System32\combase.dll
0x00007ffd15e60000 - 0x00007ffd15f37000 	C:\WINDOWS\System32\OLEAUT32.dll
0x00007ffd008f0000 - 0x00007ffd0092b000 	C:\WINDOWS\SYSTEM32\dbgcore.DLL
0x00007ffd13b30000 - 0x00007ffd13bd5000 	C:\WINDOWS\System32\bcryptPrimitives.dll
0x00007ffce8de0000 - 0x00007ffce8def000 	C:\Users\HARDIK\.jdks\openjdk-22.0.2\bin\instrument.dll
0x00007ffce8e30000 - 0x00007ffce8e4e000 	C:\Users\HARDIK\.jdks\openjdk-22.0.2\bin\java.dll
0x00007ffd15320000 - 0x00007ffd15a7f000 	C:\WINDOWS\System32\SHELL32.dll
0x00007ffd14c20000 - 0x00007ffd14d8a000 	C:\WINDOWS\System32\wintypes.dll
0x00007ffd14dc0000 - 0x00007ffd14f55000 	C:\WINDOWS\System32\ole32.dll
0x00007ffd13fb0000 - 0x00007ffd14814000 	C:\WINDOWS\System32\windows.storage.dll
0x00007ffd15cf0000 - 0x00007ffd15de7000 	C:\WINDOWS\System32\SHCORE.dll
0x00007ffd16f10000 - 0x00007ffd16f77000 	C:\WINDOWS\System32\shlwapi.dll
0x00007ffd13820000 - 0x00007ffd13849000 	C:\WINDOWS\SYSTEM32\profapi.dll
0x00007ffcd94d0000 - 0x00007ffcd95a7000 	C:\Users\HARDIK\.jdks\openjdk-22.0.2\bin\jsvml.dll
0x00007ffce8df0000 - 0x00007ffce8e07000 	C:\Users\HARDIK\.jdks\openjdk-22.0.2\bin\zip.dll
0x00007ffceba00000 - 0x00007ffceba10000 	C:\Users\HARDIK\.jdks\openjdk-22.0.2\bin\net.dll
0x00007ffd12ba0000 - 0x00007ffd12c0b000 	C:\WINDOWS\system32\mswsock.dll
0x00007ffce8e10000 - 0x00007ffce8e26000 	C:\Users\HARDIK\.jdks\openjdk-22.0.2\bin\nio.dll
0x00007ffce8d70000 - 0x00007ffce8d8a000 	C:\Program Files\JetBrains\IntelliJ IDEA Community Edition 2024.1.4\bin\breakgen64.dll
0x00007ffce8da0000 - 0x00007ffce8da9000 	C:\Users\HARDIK\.jdks\openjdk-22.0.2\bin\extnet.dll
0x00007ffce66b0000 - 0x00007ffce66bb000 	C:\Users\HARDIK\.jdks\openjdk-22.0.2\bin\le.dll
0x00007ffce8db0000 - 0x00007ffce8dbe000 	C:\Users\HARDIK\.jdks\openjdk-22.0.2\bin\sunmscapi.dll
0x00007ffd13900000 - 0x00007ffd13a77000 	C:\WINDOWS\System32\CRYPT32.dll
0x00007ffd13100000 - 0x00007ffd13130000 	C:\WINDOWS\SYSTEM32\ncrypt.dll
0x00007ffd130b0000 - 0x00007ffd130ef000 	C:\WINDOWS\SYSTEM32\NTASN1.dll
0x00007ffd12fa0000 - 0x00007ffd12fbb000 	C:\WINDOWS\SYSTEM32\CRYPTSP.dll
0x00007ffd125b0000 - 0x00007ffd125e9000 	C:\WINDOWS\system32\rsaenh.dll
0x00007ffd12c50000 - 0x00007ffd12c82000 	C:\WINDOWS\SYSTEM32\USERENV.dll
0x00007ffd137f0000 - 0x00007ffd1381a000 	C:\WINDOWS\SYSTEM32\bcrypt.dll
0x00007ffd12e00000 - 0x00007ffd12e0c000 	C:\WINDOWS\SYSTEM32\CRYPTBASE.dll
0x00007ffd12020000 - 0x00007ffd12053000 	C:\WINDOWS\SYSTEM32\IPHLPAPI.DLL
0x00007ffd169f0000 - 0x00007ffd169fa000 	C:\WINDOWS\System32\NSI.dll
0x00007ffce8dd0000 - 0x00007ffce8dda000 	C:\Users\HARDIK\.jdks\openjdk-22.0.2\bin\management.dll
0x00007ffce8dc0000 - 0x00007ffce8dcb000 	C:\Users\HARDIK\.jdks\openjdk-22.0.2\bin\management_ext.dll
0x00007ffd16400000 - 0x00007ffd16408000 	C:\WINDOWS\System32\PSAPI.DLL
0x00007ffce66a0000 - 0x00007ffce66b0000 	C:\Users\HARDIK\.jdks\openjdk-22.0.2\bin\verify.dll
0x00007ffd12080000 - 0x00007ffd121aa000 	C:\WINDOWS\SYSTEM32\DNSAPI.dll
0x00007ffd09c00000 - 0x00007ffd09c0b000 	C:\Windows\System32\rasadhlp.dll
0x00007ffd0ea50000 - 0x00007ffd0ead6000 	C:\WINDOWS\System32\fwpuclnt.dll
0x00007ffd0de30000 - 0x00007ffd0de38000 	C:\WINDOWS\system32\wshunix.dll

dbghelp: loaded successfully - version: 4.0.5 - missing functions: none
symbol engine: initialized successfully - sym options: 0x614 - pdb path: .;C:\Users\HARDIK\.jdks\openjdk-22.0.2\bin;C:\WINDOWS\SYSTEM32;C:\WINDOWS\WinSxS\amd64_microsoft.windows.common-controls_6595b64144ccf1df_6.0.26100.8037_none_3e092faae333b53b;C:\Users\HARDIK\.jdks\openjdk-22.0.2\bin\server;C:\Program Files\JetBrains\IntelliJ IDEA Community Edition 2024.1.4\bin

VM Arguments:
jvm_args: -javaagent:C:\Program Files\JetBrains\IntelliJ IDEA Community Edition 2024.1.4\lib\idea_rt.jar=5372:C:\Program Files\JetBrains\IntelliJ IDEA Community Edition 2024.1.4\bin -Dfile.encoding=UTF-8 -Dsun.stdout.encoding=UTF-8 -Dsun.stderr.encoding=UTF-8 
java_command: com.avin.HotelBookingApplication.HotelBookingApplication
java_class_path (initial): C:\Users\HARDIK\Desktop\Hotel-Booking-application-using-ReactJS-and-SpringBoot\backend\HotelBookingApplication\target\classes;C:\Users\HARDIK\.m2\repository\org\springframework\boot\spring-boot-starter-actuator\3.3.0\spring-boot-starter-actuator-3.3.0.jar;C:\Users\HARDIK\.m2\repository\org\springframework\boot\spring-boot-starter\3.3.0\spring-boot-starter-3.3.0.jar;C:\Users\HARDIK\.m2\repository\org\springframework\boot\spring-boot\3.3.0\spring-boot-3.3.0.jar;C:\Users\HARDIK\.m2\repository\org\springframework\boot\spring-boot-autoconfigure\3.3.0\spring-boot-autoconfigure-3.3.0.jar;C:\Users\HARDIK\.m2\repository\org\springframework\boot\spring-boot-starter-logging\3.3.0\spring-boot-starter-logging-3.3.0.jar;C:\Users\HARDIK\.m2\repository\ch\qos\logback\logback-classic\1.5.6\logback-classic-1.5.6.jar;C:\Users\HARDIK\.m2\repository\ch\qos\logback\logback-core\1.5.6\logback-core-1.5.6.jar;C:\Users\HARDIK\.m2\repository\org\apache\logging\log4j\log4j-to-slf4j\2.23.1\log4j-to-slf4j-2.23.1.jar;C:\Users\HARDIK\.m2\repository\org\apache\logging\log4j\log4j-api\2.23.1\log4j-api-2.23.1.jar;C:\Users\HARDIK\.m2\repository\org\slf4j\jul-to-slf4j\2.0.13\jul-to-slf4j-2.0.13.jar;C:\Users\HARDIK\.m2\repository\jakarta\annotation\jakarta.annotation-api\2.1.1\jakarta.annotation-api-2.1.1.jar;C:\Users\HARDIK\.m2\repository\org\yaml\snakeyaml\2.2\snakeyaml-2.2.jar;C:\Users\HARDIK\.m2\repository\org\springframework\boot\spring-boot-actuator-autoconfigure\3.3.0\spring-boot-actuator-autoconfigure-3.3.0.jar;C:\Users\HARDIK\.m2\repository\org\springframework\boot\spring-boot-actuator\3.3.0\spring-boot-actuator-3.3.0.jar;C:\Users\HARDIK\.m2\repository\com\fasterxml\jackson\datatype\jackson-datatype-jsr310\2.17.1\jackson-datatype-jsr310-2.17.1.jar;C:\Users\HARDIK\.m2\repository\io\micrometer\micrometer-observation\1.13.0\micrometer-observation-1.13.0.jar;C:\Users\HARDIK\.m2\repository\io\micrometer\micrometer-commons\1.13.0\micrometer-commons-1.13.0.jar;C:\Users\HARDIK\.m2\repository\io\micrometer\micrometer-jakarta9\1.13.0\micrometer-jakarta9-1.13.0.jar;C:\Users\HARDIK\.m2\repository\io\micrometer\micrometer-core\1.13.0\micrometer-core-1.13.0.jar;C:\Users\HARDIK\.m2\repository\org\hdrhistogram\HdrHistogram\2.2.1\HdrHistogram-2.2.1.jar;C:\Users\HARDIK\.m2\repository\org\latencyutils\LatencyUtils\2.0.3\LatencyUtils-2.0.3.jar;C:\Users\HARDIK\.m2\repository\org\springframework\boot\spring-boot-starter-data-jpa\3.3.0\spring-boot-starter-data-jpa-3.3.0.jar;C:\Users\HARDIK\.m2\repository\org\springframework\boot\spring-boot-starter-aop\3.3.0\spring-boot-starter-aop-3.3.0.jar;C:\Users\HARDIK\.m2\repository\org\aspectj\aspectjweaver\1.9.22\aspectjweaver-1.9.22.jar;C:\Users\HARDIK\.m2\repository\org\springframework\boot\spring-boot-starter-jdbc\3.3.0\spring-boot-starter-jdbc-3.3.0.jar;C:\Users\HARDIK\.m2\repository\com\zaxxer\HikariCP\5.1.0\HikariCP-5.1.0.jar;C:\Users\HARDIK\.m2\repository\org\springframework\spring-jdbc\6.1.8\spring-jdbc-6.1.8.jar;C:\Users\HARDIK\.m2\repository\org\hibernate\orm\hibernate-core\6.5.2.Final\hibernate-core-6.5.2.Final.jar;C:\Users\HARDIK\.m2\repository\jakarta\persistence\jakarta.persistence-api\3.1.0\jakarta.persistence-api-3.1.0.jar;C:\Users\HARDIK\.m2\repository\jakarta\transaction\jakarta.transaction-api\2.0.1\jakarta.transaction-api-2.0.1.jar;C:\Users\HARDIK\.m2\repository\org\jboss\logging\jboss-logging\3.5.3.Final\jboss-logging-3.5.3.Final.jar;C:\Users\HARDIK\.m2\repository\org\hibernate\common\hibernate-commons-annotations\6.0.6.Final\hibernate-commons-annotations-6.0.6.Final.jar;C:\Users\HARDIK\.m2\repository\io\smallrye\jandex\3.1.2\jandex-3.1.2.jar;C:\Users\HARDIK\.m2\repository\com\fasterxml\classmate\1.7.0\classmate-1.7.0.jar;C:\Users\HARDIK\.m2\repository\net\bytebuddy\byte-buddy\1.14.16\byte-buddy-1.14.16.jar;C:\Users\HARDIK\.m2\repository\org\glassfish\jaxb\jaxb-runtime\4.0.5\jaxb-runtime-4.0.5.jar;C:\Users\HARDIK\.m2\repository\org\glassfish\jaxb\jaxb-core\4.0.5\jaxb-core-4.0.5.jar;C:\Users\HARDIK\.m2\repository\org\eclipse\angus\angus-activation\2.0.2\angus-activation-2.0.2.jar;C:\Users\HARDIK\.m2\repository\org\glassfish\jaxb\txw2\4.0.5\txw2-4.0.5.jar;C:\Users\HARDIK\.m2\repository\com\sun\istack\istack-commons-runtime\4.1.2\istack-commons-runtime-4.1.2.jar;C:\Users\HARDIK\.m2\repository\jakarta\inject\jakarta.inject-api\2.0.1\jakarta.inject-api-2.0.1.jar;C:\Users\HARDIK\.m2\repository\org\antlr\antlr4-runtime\4.13.0\antlr4-runtime-4.13.0.jar;C:\Users\HARDIK\.m2\repository\org\springframework\data\spring-data-jpa\3.3.0\spring-data-jpa-3.3.0.jar;C:\Users\HARDIK\.m2\repository\org\springframework\data\spring-data-commons\3.3.0\spring-data-commons-3.3.0.jar;C:\Users\HARDIK\.m2\repository\org\springframework\spring-orm\6.1.8\spring-orm-6.1.8.jar;C:\Users\HARDIK\.m2\repository\org\springframework\spring-context\6.1.8\spring-context-6.1.8.jar;C:\Users\HARDIK\.m2\repository\org\springframework\spring-tx\6.1.8\spring-tx-6.1.8.jar;C:\Users\HARDIK\.m2\repository\org\springframework\spring-beans\6.1.8\spring-beans-6.1.8.jar;C:\Users\HARDIK\.m2\repository\org\slf4j\slf4j-api\2.0.13\slf4j-api-2.0.13.jar;C:\Users\HARDIK\.m2\repository\org\springframework\spring-aspects\6.1.8\spring-aspects-6.1.8.jar;C:\Users\HARDIK\.m2\repository\org\springframework\boot\spring-boot-starter-web\3.3.0\spring-boot-starter-web-3.3.0.jar;C:\Users\HARDIK\.m2\repository\org\springframework\boot\spring-boot-starter-json\3.3.0\spring-boot-starter-json-3.3.0.jar;C:\Users\HARDIK\.m2\repository\com\fasterxml\jackson\datatype\jackson-datatype-jdk8\2.17.1\jackson-datatype-jdk8-2.17.1.jar;C:\Users\HARDIK\.m2\repository\com\fasterxml\jackson\module\jackson-module-parameter-names\2.17.1\jackson-module-parameter-names-2.17.1.jar;C:\Users\HARDIK\.m2\repository\org\springframework\boot\spring-boot-starter-tomcat\3.3.0\spring-boot-starter-tomcat-3.3.0.jar;C:\Users\HARDIK\.m2\repository\org\apache\tomcat\embed\tomcat-embed-core\10.1.24\tomcat-embed-core-10.1.24.jar;C:\Users\HARDIK\.m2\repository\org\apache\tomcat\embed\tomcat-embed-websocket\10.1.24\tomcat-embed-websocket-10.1.24.jar;C:\Users\HARDIK\.m2\repository\org\springframework\spring-web\6.1.8\spring-web-6.1.8.jar;C:\Users\HARDIK\.m2\repository\org\springframework\spring-webmvc\6.1.8\spring-webmvc-6.1.8.jar;C:\Users\HARDIK\.m2\repository\org\springframework\spring-expression\6.1.8\spring-expression-6.1.8.jar;C:\Users\HARDIK\.m2\repository\org\springframework\boot\spring-boot-starter-security\3.3.0\spring-boot-starter-security-3.3.0.jar;C:\Users\HARDIK\.m2\repository\org\springframework\spring-aop\6.1.8\spring-aop-6.1.8.jar;C:\Users\HARDIK\.m2\repository\org\springframework\security\spring-security-config\6.3.0\spring-security-config-6.3.0.jar;C:\Users\HARDIK\.m2\repository\org\springframework\security\spring-security-core\6.3.0\spring-security-core-6.3.0.jar;C:\Users\HARDIK\.m2\repository\org\springframework\security\spring-security-crypto\6.3.0\spring-security-crypto-6.3.0.jar;C:\Users\HARDIK\.m2\repository\org\springframework\security\spring-security-web\6.3.0\spring-security-web-6.3.0.jar;C:\Users\HARDIK\.m2\repository\org\springframework\boot\spring-boot-starter-validation\3.3.0\spring-boot-starter-validation-3.3.0.jar;C:\Users\HARDIK\.m2\repository\org\apache\tomcat\embed\tomcat-embed-el\10.1.24\tomcat-embed-el-10.1.24.jar;C:\Users\HARDIK\.m2\repository\org\hibernate\validator\hibernate-validator\8.0.1.Final\hibernate-validator-8.0.1.Final.jar;C:\Users\HARDIK\.m2\repository\jakarta\validation\jakarta.validation-api\3.0.2\jakarta.validation-api-3.0.2.jar;C:\Users\HARDIK\.m2\repository\com\mysql\mysql-connector-j\8.3.0\mysql-connector-j-8.3.0.jar;C:\Users\HARDIK\.m2\repository\org\projectlombok\lombok\1.18.32\lombok-1.18.32.jar;C:\Users\HARDIK\.m2\repository\com\fasterxml\jackson\core\jackson-databind\2.15.2\jackson-databind-2.15.2.jar;C:\Users\HARDIK\.m2\repository\com\fasterxml\jackson\core\jackson-annotations\2.17.1\jackson-annotations-2.17.1.jar;C:\Users\HARDIK\.m2\repository\com\fasterxml\jackson\core\jackson-core\2.17.1\jackson-core-2.17.1.jar;C:\Users\HARDIK\.m2\repository\org\apache\commons\commons-lang3\3.12.0\commons-lang3-3.12.0.jar;C:\Users\HARDIK\.m2\repository\commons-fileupload\commons-fileupload\1.3.3\commons-fileupload-1.3.3.jar;C:\Users\HARDIK\.m2\repository\commons-io\commons-io\2.5\commons-io-2.5.jar;C:\Users\HARDIK\.m2\repository\org\springframework\boot\spring-boot-configuration-processor\3.3.0\spring-boot-configuration-processor-3.3.0.jar;C:\Users\HARDIK\.m2\repository\io\jsonwebtoken\jjwt-api\0.11.5\jjwt-api-0.11.5.jar;C:\Users\HARDIK\.m2\repository\io\jsonwebtoken\jjwt-impl\0.11.5\jjwt-impl-0.11.5.jar;C:\Users\HARDIK\.m2\repository\io\jsonwebtoken\jjwt-jackson\0.11.5\jjwt-jackson-0.11.5.jar;C:\Users\HARDIK\.m2\repository\jakarta\xml\bind\jakarta.xml.bind-api\4.0.2\jakarta.xml.bind-api-4.0.2.jar;C:\Users\HARDIK\.m2\repository\jakarta\activation\jakarta.activation-api\2.1.3\jakarta.activation-api-2.1.3.jar;C:\Users\HARDIK\.m2\repository\org\springframework\spring-core\6.1.8\spring-core-6.1.8.jar;C:\Users\HARDIK\.m2\repository\org\springframework\spring-jcl\6.1.8\spring-jcl-6.1.8.jar
Launcher Type: SUN_STANDARD

[Global flags]
     intx CICompilerCount                          = 4                                         {product} {ergonomic}
     uint ConcGCThreads                            = 2                                         {product} {ergonomic}
     uint G1ConcRefinementThreads                  = 8                                         {product} {ergonomic}
   size_t G1HeapRegionSize                         = 1048576                                   {product} {ergonomic}
   size_t InitialHeapSize                          = 98566144                                  {product} {ergonomic}
   size_t MarkStackSize                            = 4194304                                   {product} {ergonomic}
   size_t MaxHeapSize                              = 1564475392                                {product} {ergonomic}
   size_t MaxNewSize                               = 938475520                                 {product} {ergonomic}
   size_t MinHeapDeltaBytes                        = 1048576                                   {product} {ergonomic}
   size_t MinHeapSize                              = 8388608                                   {product} {ergonomic}
    uintx NonNMethodCodeHeapSize                   = 5839372                                {pd product} {ergonomic}
    uintx NonProfiledCodeHeapSize                  = 122909434                              {pd product} {ergonomic}
    uintx ProfiledCodeHeapSize                     = 122909434                              {pd product} {ergonomic}
    uintx ReservedCodeCacheSize                    = 251658240                              {pd product} {ergonomic}
     bool SegmentedCodeCache                       = true                                      {product} {ergonomic}
   size_t SoftMaxHeapSize                          = 1564475392                             {manageable} {ergonomic}
     bool UseCompressedOops                        = true                           {product lp64_product} {ergonomic}
     bool UseG1GC                                  = true                                      {product} {ergonomic}
     bool UseLargePagesIndividualAllocation        = false                                  {pd product} {ergonomic}

Logging:
Log output configuration:
 #0: stdout all=warning uptime,level,tags foldmultilines=false
 #1: stderr all=off uptime,level,tags foldmultilines=false

Environment Variables:
PATH=C:\app\HARDIK\product\21c\dbhomeXE\bin;C:\WINDOWS\system32;C:\WINDOWS;C:\WINDOWS\System32\Wbem;C:\WINDOWS\System32\WindowsPowerShell\v1.0\;C:\WINDOWS\System32\OpenSSH\;C:\Program Files\Git\cmd;C:\Program Files\nodejs\;C:\Users\HARDIK\AppData\Local\Programs\Python\Python313\Scripts\;C:\Users\HARDIK\AppData\Local\Programs\Python\Python313\;C:\Users\HARDIK\AppData\Local\Programs\Python\Launcher\;C:\Users\HARDIK\AppData\Local\Microsoft\WindowsApps;C:\Users\HARDIK\AppData\Local\Programs\Microsoft VS Code\bin;C:\Users\HARDIK\AppData\Roaming\npm;
USERNAME=HARDIK
OS=Windows_NT
PROCESSOR_IDENTIFIER=AMD64 Family 23 Model 160 Stepping 0, AuthenticAMD
TMP=C:\Users\HARDIK\AppData\Local\Temp
TEMP=C:\Users\HARDIK\AppData\Local\Temp




Periodic native trim disabled

---------------  S Y S T E M  ---------------

OS:
 Windows 11 , 64 bit Build 26100 (10.0.26100.7920)
OS uptime: 0 days 0:15 hours
Hyper-V role detected

CPU: total 8 (initial active 8) (8 cores per cpu, 2 threads per core) family 23 model 160 stepping 0 microcode 0x8a00009, cx8, cmov, fxsr, ht, mmx, 3dnowpref, sse, sse2, sse3, ssse3, sse4a, sse4.1, sse4.2, popcnt, lzcnt, tsc, tscinvbit, avx, avx2, aes, clmul, bmi1, bmi2, adx, sha, fma, vzeroupper, clflush, clflushopt, hv, rdtscp, rdpid, f16c
Processor Information for all 8 processors :
  Max Mhz: 2401, Current Mhz: 2401, Mhz Limit: 2401

Memory: 4k page, system-wide physical 5965M (384M free)
TotalPageFile size 14157M (AvailPageFile size 1M)
current process WorkingSet (physical memory assigned to process): 53M, peak: 361M
current process commit charge ("private bytes"): 356M, peak: 395M

vm_info: OpenJDK 64-Bit Server VM (22.0.2+9-70) for windows-amd64 JRE (22.0.2+9-70), built on 2024-06-04T16:52:23Z by "mach5one" with MS VC++ 17.6 (VS2022)

END.
